{"E:\\de\\teamwork-fullstack-app\\teamwork-backend\\src\\test\\test-a--create-article.js":{"path":"E:\\de\\teamwork-fullstack-app\\teamwork-backend\\src\\test\\test-a--create-article.js","statementMap":{"0":{"start":{"line":3,"column":29},"end":{"line":3,"column":84}},"1":{"start":{"line":5,"column":12},"end":{"line":5,"column":51}},"2":{"start":{"line":7,"column":16},"end":{"line":7,"column":60}},"3":{"start":{"line":9,"column":0},"end":{"line":9,"column":32}},"4":{"start":{"line":11,"column":11},"end":{"line":11,"column":52}},"5":{"start":{"line":13,"column":0},"end":{"line":13,"column":43}},"6":{"start":{"line":15,"column":13},"end":{"line":15,"column":36}},"7":{"start":{"line":16,"column":19},"end":{"line":16,"column":3404}},"8":{"start":{"line":17,"column":0},"end":{"line":154,"column":3}},"9":{"start":{"line":18,"column":2},"end":{"line":124,"column":5}},"10":{"start":{"line":19,"column":23},"end":{"line":19,"column":25}},"11":{"start":{"line":20,"column":4},"end":{"line":28,"column":7}},"12":{"start":{"line":21,"column":6},"end":{"line":27,"column":9}},"13":{"start":{"line":25,"column":8},"end":{"line":25,"column":47}},"14":{"start":{"line":26,"column":8},"end":{"line":26,"column":15}},"15":{"start":{"line":29,"column":4},"end":{"line":52,"column":7}},"16":{"start":{"line":30,"column":17},"end":{"line":30,"column":19}},"17":{"start":{"line":31,"column":6},"end":{"line":45,"column":9}},"18":{"start":{"line":32,"column":8},"end":{"line":44,"column":11}},"19":{"start":{"line":41,"column":10},"end":{"line":41,"column":44}},"20":{"start":{"line":42,"column":10},"end":{"line":42,"column":36}},"21":{"start":{"line":43,"column":10},"end":{"line":43,"column":17}},"22":{"start":{"line":46,"column":6},"end":{"line":48,"column":9}},"23":{"start":{"line":47,"column":8},"end":{"line":47,"column":42}},"24":{"start":{"line":49,"column":6},"end":{"line":51,"column":9}},"25":{"start":{"line":50,"column":8},"end":{"line":50,"column":50}},"26":{"start":{"line":53,"column":4},"end":{"line":76,"column":7}},"27":{"start":{"line":54,"column":17},"end":{"line":54,"column":19}},"28":{"start":{"line":55,"column":6},"end":{"line":69,"column":9}},"29":{"start":{"line":56,"column":8},"end":{"line":68,"column":11}},"30":{"start":{"line":65,"column":10},"end":{"line":65,"column":44}},"31":{"start":{"line":66,"column":10},"end":{"line":66,"column":36}},"32":{"start":{"line":67,"column":10},"end":{"line":67,"column":17}},"33":{"start":{"line":70,"column":6},"end":{"line":72,"column":9}},"34":{"start":{"line":71,"column":8},"end":{"line":71,"column":42}},"35":{"start":{"line":73,"column":6},"end":{"line":75,"column":9}},"36":{"start":{"line":74,"column":8},"end":{"line":74,"column":50}},"37":{"start":{"line":77,"column":4},"end":{"line":100,"column":7}},"38":{"start":{"line":78,"column":17},"end":{"line":78,"column":19}},"39":{"start":{"line":79,"column":6},"end":{"line":93,"column":9}},"40":{"start":{"line":80,"column":8},"end":{"line":92,"column":11}},"41":{"start":{"line":89,"column":10},"end":{"line":89,"column":44}},"42":{"start":{"line":90,"column":10},"end":{"line":90,"column":36}},"43":{"start":{"line":91,"column":10},"end":{"line":91,"column":17}},"44":{"start":{"line":94,"column":6},"end":{"line":96,"column":9}},"45":{"start":{"line":95,"column":8},"end":{"line":95,"column":42}},"46":{"start":{"line":97,"column":6},"end":{"line":99,"column":9}},"47":{"start":{"line":98,"column":8},"end":{"line":98,"column":77}},"48":{"start":{"line":101,"column":4},"end":{"line":123,"column":7}},"49":{"start":{"line":102,"column":17},"end":{"line":102,"column":19}},"50":{"start":{"line":103,"column":6},"end":{"line":116,"column":9}},"51":{"start":{"line":104,"column":8},"end":{"line":115,"column":11}},"52":{"start":{"line":112,"column":10},"end":{"line":112,"column":44}},"53":{"start":{"line":113,"column":10},"end":{"line":113,"column":36}},"54":{"start":{"line":114,"column":10},"end":{"line":114,"column":17}},"55":{"start":{"line":117,"column":6},"end":{"line":119,"column":9}},"56":{"start":{"line":118,"column":8},"end":{"line":118,"column":42}},"57":{"start":{"line":120,"column":6},"end":{"line":122,"column":9}},"58":{"start":{"line":121,"column":8},"end":{"line":121,"column":50}},"59":{"start":{"line":125,"column":2},"end":{"line":153,"column":5}},"60":{"start":{"line":126,"column":26},"end":{"line":130,"column":5}},"61":{"start":{"line":131,"column":15},"end":{"line":131,"column":17}},"62":{"start":{"line":132,"column":4},"end":{"line":146,"column":7}},"63":{"start":{"line":133,"column":6},"end":{"line":145,"column":9}},"64":{"start":{"line":142,"column":8},"end":{"line":142,"column":42}},"65":{"start":{"line":143,"column":8},"end":{"line":143,"column":34}},"66":{"start":{"line":144,"column":8},"end":{"line":144,"column":15}},"67":{"start":{"line":147,"column":4},"end":{"line":149,"column":7}},"68":{"start":{"line":148,"column":6},"end":{"line":148,"column":40}},"69":{"start":{"line":150,"column":4},"end":{"line":152,"column":7}},"70":{"start":{"line":151,"column":6},"end":{"line":151,"column":58}}},"fnMap":{"0":{"name":"(anonymous_0)","decl":{"start":{"line":17,"column":27},"end":{"line":17,"column":28}},"loc":{"start":{"line":17,"column":39},"end":{"line":154,"column":1}},"line":17},"1":{"name":"(anonymous_1)","decl":{"start":{"line":18,"column":33},"end":{"line":18,"column":34}},"loc":{"start":{"line":18,"column":45},"end":{"line":124,"column":3}},"line":18},"2":{"name":"(anonymous_2)","decl":{"start":{"line":20,"column":11},"end":{"line":20,"column":12}},"loc":{"start":{"line":20,"column":27},"end":{"line":28,"column":5}},"line":20},"3":{"name":"(anonymous_3)","decl":{"start":{"line":24,"column":13},"end":{"line":24,"column":14}},"loc":{"start":{"line":24,"column":40},"end":{"line":27,"column":7}},"line":24},"4":{"name":"(anonymous_4)","decl":{"start":{"line":29,"column":45},"end":{"line":29,"column":46}},"loc":{"start":{"line":29,"column":57},"end":{"line":52,"column":5}},"line":29},"5":{"name":"(anonymous_5)","decl":{"start":{"line":31,"column":13},"end":{"line":31,"column":14}},"loc":{"start":{"line":31,"column":29},"end":{"line":45,"column":7}},"line":31},"6":{"name":"(anonymous_6)","decl":{"start":{"line":40,"column":15},"end":{"line":40,"column":16}},"loc":{"start":{"line":40,"column":42},"end":{"line":44,"column":9}},"line":40},"7":{"name":"(anonymous_7)","decl":{"start":{"line":46,"column":42},"end":{"line":46,"column":43}},"loc":{"start":{"line":46,"column":54},"end":{"line":48,"column":7}},"line":46},"8":{"name":"(anonymous_8)","decl":{"start":{"line":49,"column":42},"end":{"line":49,"column":43}},"loc":{"start":{"line":49,"column":54},"end":{"line":51,"column":7}},"line":49},"9":{"name":"(anonymous_9)","decl":{"start":{"line":53,"column":39},"end":{"line":53,"column":40}},"loc":{"start":{"line":53,"column":51},"end":{"line":76,"column":5}},"line":53},"10":{"name":"(anonymous_10)","decl":{"start":{"line":55,"column":13},"end":{"line":55,"column":14}},"loc":{"start":{"line":55,"column":29},"end":{"line":69,"column":7}},"line":55},"11":{"name":"(anonymous_11)","decl":{"start":{"line":64,"column":15},"end":{"line":64,"column":16}},"loc":{"start":{"line":64,"column":42},"end":{"line":68,"column":9}},"line":64},"12":{"name":"(anonymous_12)","decl":{"start":{"line":70,"column":42},"end":{"line":70,"column":43}},"loc":{"start":{"line":70,"column":54},"end":{"line":72,"column":7}},"line":70},"13":{"name":"(anonymous_13)","decl":{"start":{"line":73,"column":41},"end":{"line":73,"column":42}},"loc":{"start":{"line":73,"column":53},"end":{"line":75,"column":7}},"line":73},"14":{"name":"(anonymous_14)","decl":{"start":{"line":77,"column":54},"end":{"line":77,"column":55}},"loc":{"start":{"line":77,"column":66},"end":{"line":100,"column":5}},"line":77},"15":{"name":"(anonymous_15)","decl":{"start":{"line":79,"column":13},"end":{"line":79,"column":14}},"loc":{"start":{"line":79,"column":29},"end":{"line":93,"column":7}},"line":79},"16":{"name":"(anonymous_16)","decl":{"start":{"line":88,"column":15},"end":{"line":88,"column":16}},"loc":{"start":{"line":88,"column":42},"end":{"line":92,"column":9}},"line":88},"17":{"name":"(anonymous_17)","decl":{"start":{"line":94,"column":42},"end":{"line":94,"column":43}},"loc":{"start":{"line":94,"column":54},"end":{"line":96,"column":7}},"line":94},"18":{"name":"(anonymous_18)","decl":{"start":{"line":97,"column":51},"end":{"line":97,"column":52}},"loc":{"start":{"line":97,"column":63},"end":{"line":99,"column":7}},"line":97},"19":{"name":"(anonymous_19)","decl":{"start":{"line":101,"column":45},"end":{"line":101,"column":46}},"loc":{"start":{"line":101,"column":57},"end":{"line":123,"column":5}},"line":101},"20":{"name":"(anonymous_20)","decl":{"start":{"line":103,"column":13},"end":{"line":103,"column":14}},"loc":{"start":{"line":103,"column":29},"end":{"line":116,"column":7}},"line":103},"21":{"name":"(anonymous_21)","decl":{"start":{"line":111,"column":15},"end":{"line":111,"column":16}},"loc":{"start":{"line":111,"column":42},"end":{"line":115,"column":9}},"line":111},"22":{"name":"(anonymous_22)","decl":{"start":{"line":117,"column":42},"end":{"line":117,"column":43}},"loc":{"start":{"line":117,"column":54},"end":{"line":119,"column":7}},"line":117},"23":{"name":"(anonymous_23)","decl":{"start":{"line":120,"column":41},"end":{"line":120,"column":42}},"loc":{"start":{"line":120,"column":53},"end":{"line":122,"column":7}},"line":120},"24":{"name":"(anonymous_24)","decl":{"start":{"line":125,"column":35},"end":{"line":125,"column":36}},"loc":{"start":{"line":125,"column":47},"end":{"line":153,"column":3}},"line":125},"25":{"name":"(anonymous_25)","decl":{"start":{"line":132,"column":11},"end":{"line":132,"column":12}},"loc":{"start":{"line":132,"column":27},"end":{"line":146,"column":5}},"line":132},"26":{"name":"(anonymous_26)","decl":{"start":{"line":141,"column":13},"end":{"line":141,"column":14}},"loc":{"start":{"line":141,"column":40},"end":{"line":145,"column":7}},"line":141},"27":{"name":"(anonymous_27)","decl":{"start":{"line":147,"column":40},"end":{"line":147,"column":41}},"loc":{"start":{"line":147,"column":52},"end":{"line":149,"column":5}},"line":147},"28":{"name":"(anonymous_28)","decl":{"start":{"line":150,"column":47},"end":{"line":150,"column":48}},"loc":{"start":{"line":150,"column":59},"end":{"line":152,"column":5}},"line":150}},"branchMap":{},"s":{"0":1,"1":1,"2":1,"3":1,"4":1,"5":1,"6":1,"7":1,"8":1,"9":1,"10":1,"11":1,"12":1,"13":1,"14":1,"15":1,"16":1,"17":1,"18":1,"19":1,"20":1,"21":1,"22":1,"23":1,"24":1,"25":1,"26":1,"27":1,"28":1,"29":1,"30":1,"31":1,"32":1,"33":1,"34":1,"35":1,"36":1,"37":1,"38":1,"39":1,"40":1,"41":1,"42":1,"43":1,"44":1,"45":1,"46":1,"47":1,"48":1,"49":1,"50":1,"51":1,"52":1,"53":1,"54":1,"55":1,"56":1,"57":1,"58":1,"59":1,"60":1,"61":1,"62":1,"63":1,"64":1,"65":1,"66":1,"67":1,"68":1,"69":1,"70":1},"f":{"0":1,"1":1,"2":1,"3":1,"4":1,"5":1,"6":1,"7":1,"8":1,"9":1,"10":1,"11":1,"12":1,"13":1,"14":1,"15":1,"16":1,"17":1,"18":1,"19":1,"20":1,"21":1,"22":1,"23":1,"24":1,"25":1,"26":1,"27":1,"28":1},"b":{},"_coverageSchema":"43e27e138ebf9cfc5966b082cf9a028302ed4184","hash":"ff9f2407bf12ec95d651ab66ad3804b48d05556c","contentHash":"0274c60df2f5711bd2bb229e23473532c537f633b3672d808eac516ea56b8c60"},"E:\\de\\teamwork-fullstack-app\\teamwork-backend\\src\\app.js":{"path":"E:\\de\\teamwork-fullstack-app\\teamwork-backend\\src\\app.js","statementMap":{"0":{"start":{"line":3,"column":29},"end":{"line":3,"column":84}},"1":{"start":{"line":5,"column":0},"end":{"line":7,"column":3}},"2":{"start":{"line":8,"column":0},"end":{"line":8,"column":28}},"3":{"start":{"line":10,"column":15},"end":{"line":10,"column":57}},"4":{"start":{"line":12,"column":18},"end":{"line":12,"column":40}},"5":{"start":{"line":14,"column":12},"end":{"line":14,"column":60}},"6":{"start":{"line":16,"column":16},"end":{"line":16,"column":68}},"7":{"start":{"line":18,"column":10},"end":{"line":18,"column":36}},"8":{"start":{"line":19,"column":0},"end":{"line":24,"column":3}},"9":{"start":{"line":20,"column":2},"end":{"line":20,"column":52}},"10":{"start":{"line":21,"column":2},"end":{"line":21,"column":122}},"11":{"start":{"line":22,"column":2},"end":{"line":22,"column":90}},"12":{"start":{"line":23,"column":2},"end":{"line":23,"column":9}},"13":{"start":{"line":25,"column":0},"end":{"line":25,"column":33}},"14":{"start":{"line":26,"column":0},"end":{"line":26,"column":42}},"15":{"start":{"line":27,"column":0},"end":{"line":27,"column":50}},"16":{"start":{"line":28,"column":15},"end":{"line":28,"column":18}},"17":{"start":{"line":29,"column":0},"end":{"line":29,"column":30}}},"fnMap":{"0":{"name":"(anonymous_0)","decl":{"start":{"line":19,"column":8},"end":{"line":19,"column":9}},"loc":{"start":{"line":19,"column":34},"end":{"line":24,"column":1}},"line":19}},"branchMap":{},"s":{"0":1,"1":1,"2":1,"3":1,"4":1,"5":1,"6":1,"7":1,"8":1,"9":64,"10":64,"11":64,"12":64,"13":1,"14":1,"15":1,"16":1,"17":1},"f":{"0":64},"b":{},"_coverageSchema":"43e27e138ebf9cfc5966b082cf9a028302ed4184","hash":"31b7c0cb6207b31b56a83ccac955842521dc4918","contentHash":"2df5ca7142217041ee06881a2562ff77a49aeec98a1ff1259601624899a320b7"},"E:\\de\\teamwork-fullstack-app\\teamwork-backend\\src\\routes\\auth.js":{"path":"E:\\de\\teamwork-fullstack-app\\teamwork-backend\\src\\routes\\auth.js","statementMap":{"0":{"start":{"line":3,"column":29},"end":{"line":3,"column":84}},"1":{"start":{"line":5,"column":0},"end":{"line":7,"column":3}},"2":{"start":{"line":8,"column":0},"end":{"line":8,"column":28}},"3":{"start":{"line":10,"column":15},"end":{"line":10,"column":57}},"4":{"start":{"line":12,"column":22},"end":{"line":12,"column":86}},"5":{"start":{"line":14,"column":12},"end":{"line":14,"column":65}},"6":{"start":{"line":16,"column":13},"end":{"line":16,"column":67}},"7":{"start":{"line":18,"column":13},"end":{"line":18,"column":41}},"8":{"start":{"line":32,"column":0},"end":{"line":32,"column":84}},"9":{"start":{"line":52,"column":0},"end":{"line":52,"column":125}},"10":{"start":{"line":53,"column":15},"end":{"line":53,"column":21}},"11":{"start":{"line":54,"column":0},"end":{"line":54,"column":30}}},"fnMap":{},"branchMap":{},"s":{"0":1,"1":1,"2":1,"3":1,"4":1,"5":1,"6":1,"7":1,"8":1,"9":1,"10":1,"11":1},"f":{},"b":{},"_coverageSchema":"43e27e138ebf9cfc5966b082cf9a028302ed4184","hash":"cab61c1fb8e1846e6c759b11ed45ff0b6f6e6237","contentHash":"c5e4cb2fbbff430cf8e8e58df4e6b07c959bbb7a29ac7f448191030d8df9e231"},"E:\\de\\teamwork-fullstack-app\\teamwork-backend\\src\\middleware\\input-validator.js":{"path":"E:\\de\\teamwork-fullstack-app\\teamwork-backend\\src\\middleware\\input-validator.js","statementMap":{"0":{"start":{"line":3,"column":0},"end":{"line":5,"column":3}},"1":{"start":{"line":6,"column":0},"end":{"line":6,"column":28}},"2":{"start":{"line":8,"column":24},"end":{"line":8,"column":52}},"3":{"start":{"line":10,"column":21},"end":{"line":10,"column":23}},"4":{"start":{"line":11,"column":0},"end":{"line":11,"column":246}},"5":{"start":{"line":12,"column":0},"end":{"line":28,"column":648}},"6":{"start":{"line":29,"column":0},"end":{"line":33,"column":253}},"7":{"start":{"line":34,"column":0},"end":{"line":36,"column":190}},"8":{"start":{"line":37,"column":0},"end":{"line":41,"column":378}},"9":{"start":{"line":42,"column":0},"end":{"line":44,"column":188}},"10":{"start":{"line":45,"column":0},"end":{"line":47,"column":134}},"11":{"start":{"line":48,"column":0},"end":{"line":48,"column":283}},"12":{"start":{"line":49,"column":15},"end":{"line":49,"column":29}},"13":{"start":{"line":50,"column":0},"end":{"line":50,"column":30}}},"fnMap":{},"branchMap":{},"s":{"0":1,"1":1,"2":1,"3":1,"4":1,"5":1,"6":1,"7":1,"8":1,"9":1,"10":1,"11":1,"12":1,"13":1},"f":{},"b":{},"_coverageSchema":"43e27e138ebf9cfc5966b082cf9a028302ed4184","hash":"5325443e4b67542bc9974d9bc271fe8512d8326f","contentHash":"64930a9377ae923aa50957f71ea2468ef0eabe582379aac50a8df3e40389fcab"},"E:\\de\\teamwork-fullstack-app\\teamwork-backend\\src\\middleware\\auth.js":{"path":"E:\\de\\teamwork-fullstack-app\\teamwork-backend\\src\\middleware\\auth.js","statementMap":{"0":{"start":{"line":3,"column":29},"end":{"line":3,"column":84}},"1":{"start":{"line":5,"column":0},"end":{"line":7,"column":3}},"2":{"start":{"line":8,"column":0},"end":{"line":8,"column":28}},"3":{"start":{"line":10,"column":20},"end":{"line":10,"column":67}},"4":{"start":{"line":12,"column":23},"end":{"line":12,"column":86}},"5":{"start":{"line":14,"column":11},"end":{"line":14,"column":13}},"6":{"start":{"line":15,"column":18},"end":{"line":15,"column":81}},"7":{"start":{"line":17,"column":0},"end":{"line":37,"column":2}},"8":{"start":{"line":18,"column":2},"end":{"line":36,"column":3}},"9":{"start":{"line":19,"column":16},"end":{"line":19,"column":55}},"10":{"start":{"line":21,"column":23},"end":{"line":21,"column":74}},"11":{"start":{"line":23,"column":4},"end":{"line":33,"column":5}},"12":{"start":{"line":24,"column":19},"end":{"line":24,"column":38}},"13":{"start":{"line":26,"column":6},"end":{"line":30,"column":7}},"14":{"start":{"line":27,"column":8},"end":{"line":27,"column":32}},"15":{"start":{"line":29,"column":8},"end":{"line":29,"column":15}},"16":{"start":{"line":32,"column":6},"end":{"line":32,"column":81}},"17":{"start":{"line":35,"column":4},"end":{"line":35,"column":79}},"18":{"start":{"line":39,"column":0},"end":{"line":64,"column":2}},"19":{"start":{"line":40,"column":2},"end":{"line":63,"column":3}},"20":{"start":{"line":41,"column":16},"end":{"line":41,"column":55}},"21":{"start":{"line":43,"column":23},"end":{"line":43,"column":74}},"22":{"start":{"line":45,"column":17},"end":{"line":45,"column":36}},"23":{"start":{"line":46,"column":18},"end":{"line":46,"column":38}},"24":{"start":{"line":48,"column":4},"end":{"line":60,"column":5}},"25":{"start":{"line":49,"column":6},"end":{"line":51,"column":7}},"26":{"start":{"line":50,"column":8},"end":{"line":50,"column":32}},"27":{"start":{"line":53,"column":6},"end":{"line":57,"column":7}},"28":{"start":{"line":54,"column":8},"end":{"line":54,"column":48}},"29":{"start":{"line":56,"column":8},"end":{"line":56,"column":15}},"30":{"start":{"line":59,"column":6},"end":{"line":59,"column":60}},"31":{"start":{"line":62,"column":4},"end":{"line":62,"column":79}},"32":{"start":{"line":66,"column":0},"end":{"line":86,"column":2}},"33":{"start":{"line":67,"column":2},"end":{"line":85,"column":3}},"34":{"start":{"line":68,"column":16},"end":{"line":68,"column":55}},"35":{"start":{"line":70,"column":23},"end":{"line":70,"column":74}},"36":{"start":{"line":72,"column":17},"end":{"line":72,"column":36}},"37":{"start":{"line":74,"column":4},"end":{"line":82,"column":5}},"38":{"start":{"line":75,"column":6},"end":{"line":79,"column":7}},"39":{"start":{"line":76,"column":8},"end":{"line":76,"column":105}},"40":{"start":{"line":78,"column":8},"end":{"line":78,"column":15}},"41":{"start":{"line":81,"column":6},"end":{"line":81,"column":60}},"42":{"start":{"line":84,"column":4},"end":{"line":84,"column":79}},"43":{"start":{"line":88,"column":15},"end":{"line":88,"column":19}},"44":{"start":{"line":89,"column":0},"end":{"line":89,"column":30}}},"fnMap":{"0":{"name":"(anonymous_0)","decl":{"start":{"line":17,"column":16},"end":{"line":17,"column":17}},"loc":{"start":{"line":17,"column":42},"end":{"line":37,"column":1}},"line":17},"1":{"name":"(anonymous_1)","decl":{"start":{"line":39,"column":17},"end":{"line":39,"column":18}},"loc":{"start":{"line":39,"column":43},"end":{"line":64,"column":1}},"line":39},"2":{"name":"(anonymous_2)","decl":{"start":{"line":66,"column":30},"end":{"line":66,"column":31}},"loc":{"start":{"line":66,"column":56},"end":{"line":86,"column":1}},"line":66}},"branchMap":{"0":{"loc":{"start":{"line":26,"column":6},"end":{"line":30,"column":7}},"type":"if","locations":[{"start":{"line":26,"column":6},"end":{"line":30,"column":7}},{"start":{"line":26,"column":6},"end":{"line":30,"column":7}}],"line":26},"1":{"loc":{"start":{"line":26,"column":10},"end":{"line":26,"column":55}},"type":"binary-expr","locations":[{"start":{"line":26,"column":10},"end":{"line":26,"column":25}},{"start":{"line":26,"column":29},"end":{"line":26,"column":55}}],"line":26},"2":{"loc":{"start":{"line":49,"column":6},"end":{"line":51,"column":7}},"type":"if","locations":[{"start":{"line":49,"column":6},"end":{"line":51,"column":7}},{"start":{"line":49,"column":6},"end":{"line":51,"column":7}}],"line":49},"3":{"loc":{"start":{"line":49,"column":10},"end":{"line":49,"column":55}},"type":"binary-expr","locations":[{"start":{"line":49,"column":10},"end":{"line":49,"column":25}},{"start":{"line":49,"column":29},"end":{"line":49,"column":55}}],"line":49},"4":{"loc":{"start":{"line":53,"column":6},"end":{"line":57,"column":7}},"type":"if","locations":[{"start":{"line":53,"column":6},"end":{"line":57,"column":7}},{"start":{"line":53,"column":6},"end":{"line":57,"column":7}}],"line":53},"5":{"loc":{"start":{"line":75,"column":6},"end":{"line":79,"column":7}},"type":"if","locations":[{"start":{"line":75,"column":6},"end":{"line":79,"column":7}},{"start":{"line":75,"column":6},"end":{"line":79,"column":7}}],"line":75},"6":{"loc":{"start":{"line":75,"column":10},"end":{"line":75,"column":68}},"type":"binary-expr","locations":[{"start":{"line":75,"column":10},"end":{"line":75,"column":16}},{"start":{"line":75,"column":20},"end":{"line":75,"column":68}}],"line":75}},"s":{"0":1,"1":1,"2":1,"3":1,"4":1,"5":1,"6":1,"7":1,"8":30,"9":30,"10":30,"11":22,"12":22,"13":22,"14":0,"15":22,"16":0,"17":8,"18":1,"19":13,"20":13,"21":13,"22":11,"23":11,"24":11,"25":11,"26":0,"27":11,"28":3,"29":8,"30":3,"31":2,"32":1,"33":7,"34":7,"35":7,"36":7,"37":7,"38":7,"39":2,"40":5,"41":2,"42":0,"43":1,"44":1},"f":{"0":30,"1":13,"2":7},"b":{"0":[0,22],"1":[22,22],"2":[0,11],"3":[11,11],"4":[3,8],"5":[2,5],"6":[7,7]},"_coverageSchema":"43e27e138ebf9cfc5966b082cf9a028302ed4184","hash":"21bee58aa4e0e1a0e108c8439ce36b395eb530fc","contentHash":"3a4149197a7f07e51a13e8214675aa41a681a0dfb0225cddd3cd2a595be6273c"},"E:\\de\\teamwork-fullstack-app\\teamwork-backend\\src\\utilities\\responseUtility.js":{"path":"E:\\de\\teamwork-fullstack-app\\teamwork-backend\\src\\utilities\\responseUtility.js","statementMap":{"0":{"start":{"line":3,"column":0},"end":{"line":5,"column":3}},"1":{"start":{"line":6,"column":0},"end":{"line":6,"column":28}},"2":{"start":{"line":7,"column":22},"end":{"line":7,"column":24}},"3":{"start":{"line":9,"column":0},"end":{"line":14,"column":2}},"4":{"start":{"line":10,"column":2},"end":{"line":13,"column":5}},"5":{"start":{"line":16,"column":0},"end":{"line":21,"column":2}},"6":{"start":{"line":17,"column":2},"end":{"line":20,"column":5}},"7":{"start":{"line":23,"column":15},"end":{"line":23,"column":30}},"8":{"start":{"line":24,"column":0},"end":{"line":24,"column":30}}},"fnMap":{"0":{"name":"(anonymous_0)","decl":{"start":{"line":9,"column":26},"end":{"line":9,"column":27}},"loc":{"start":{"line":9,"column":47},"end":{"line":14,"column":1}},"line":9},"1":{"name":"(anonymous_1)","decl":{"start":{"line":16,"column":24},"end":{"line":16,"column":25}},"loc":{"start":{"line":16,"column":50},"end":{"line":21,"column":1}},"line":16}},"branchMap":{},"s":{"0":1,"1":1,"2":1,"3":1,"4":33,"5":1,"6":31,"7":1,"8":1},"f":{"0":33,"1":31},"b":{},"_coverageSchema":"43e27e138ebf9cfc5966b082cf9a028302ed4184","hash":"4c67845b7feb411f283451ba3fd9fc33efd2a68f","contentHash":"ecc6e2181f715f886d177fe15c85270661c4fe168cb98a60fad58917f8d402a0"},"E:\\de\\teamwork-fullstack-app\\teamwork-backend\\src\\controllers\\auth.js":{"path":"E:\\de\\teamwork-fullstack-app\\teamwork-backend\\src\\controllers\\auth.js","statementMap":{"0":{"start":{"line":3,"column":29},"end":{"line":3,"column":84}},"1":{"start":{"line":5,"column":0},"end":{"line":7,"column":3}},"2":{"start":{"line":8,"column":0},"end":{"line":8,"column":28}},"3":{"start":{"line":10,"column":14},"end":{"line":10,"column":55}},"4":{"start":{"line":12,"column":20},"end":{"line":12,"column":67}},"5":{"start":{"line":14,"column":24},"end":{"line":14,"column":52}},"6":{"start":{"line":16,"column":23},"end":{"line":16,"column":86}},"7":{"start":{"line":18,"column":10},"end":{"line":18,"column":50}},"8":{"start":{"line":20,"column":21},"end":{"line":20,"column":23}},"9":{"start":{"line":21,"column":18},"end":{"line":21,"column":81}},"10":{"start":{"line":23,"column":0},"end":{"line":65,"column":2}},"11":{"start":{"line":24,"column":15},"end":{"line":24,"column":59}},"12":{"start":{"line":26,"column":2},"end":{"line":28,"column":3}},"13":{"start":{"line":27,"column":4},"end":{"line":27,"column":71}},"14":{"start":{"line":30,"column":14},"end":{"line":33,"column":3}},"15":{"start":{"line":35,"column":2},"end":{"line":64,"column":5}},"16":{"start":{"line":36,"column":4},"end":{"line":38,"column":5}},"17":{"start":{"line":37,"column":6},"end":{"line":37,"column":88}},"18":{"start":{"line":40,"column":4},"end":{"line":61,"column":7}},"19":{"start":{"line":41,"column":6},"end":{"line":43,"column":7}},"20":{"start":{"line":42,"column":8},"end":{"line":42,"column":83}},"21":{"start":{"line":45,"column":18},"end":{"line":50,"column":8}},"22":{"start":{"line":52,"column":17},"end":{"line":56,"column":7}},"23":{"start":{"line":58,"column":6},"end":{"line":58,"column":53}},"24":{"start":{"line":60,"column":6},"end":{"line":60,"column":81}},"25":{"start":{"line":63,"column":4},"end":{"line":63,"column":64}},"26":{"start":{"line":67,"column":18},"end":{"line":89,"column":1}},"27":{"start":{"line":68,"column":2},"end":{"line":88,"column":5}},"28":{"start":{"line":69,"column":16},"end":{"line":74,"column":5}},"29":{"start":{"line":76,"column":4},"end":{"line":87,"column":7}},"30":{"start":{"line":77,"column":6},"end":{"line":79,"column":7}},"31":{"start":{"line":78,"column":8},"end":{"line":78,"column":22}},"32":{"start":{"line":81,"column":6},"end":{"line":81,"column":21}},"33":{"start":{"line":83,"column":6},"end":{"line":86,"column":9}},"34":{"start":{"line":91,"column":0},"end":{"line":140,"column":2}},"35":{"start":{"line":92,"column":15},"end":{"line":92,"column":59}},"36":{"start":{"line":94,"column":2},"end":{"line":96,"column":3}},"37":{"start":{"line":95,"column":4},"end":{"line":95,"column":71}},"38":{"start":{"line":98,"column":18},"end":{"line":98,"column":26}},"39":{"start":{"line":99,"column":18},"end":{"line":99,"column":37}},"40":{"start":{"line":100,"column":17},"end":{"line":100,"column":35}},"41":{"start":{"line":101,"column":14},"end":{"line":101,"column":29}},"42":{"start":{"line":102,"column":16},"end":{"line":102,"column":33}},"43":{"start":{"line":103,"column":17},"end":{"line":103,"column":35}},"44":{"start":{"line":104,"column":15},"end":{"line":104,"column":31}},"45":{"start":{"line":105,"column":16},"end":{"line":105,"column":33}},"46":{"start":{"line":106,"column":19},"end":{"line":106,"column":39}},"47":{"start":{"line":107,"column":16},"end":{"line":107,"column":33}},"48":{"start":{"line":108,"column":2},"end":{"line":139,"column":5}},"49":{"start":{"line":109,"column":4},"end":{"line":111,"column":5}},"50":{"start":{"line":110,"column":6},"end":{"line":110,"column":86}},"51":{"start":{"line":113,"column":17},"end":{"line":113,"column":37}},"52":{"start":{"line":114,"column":16},"end":{"line":114,"column":86}},"53":{"start":{"line":116,"column":4},"end":{"line":136,"column":7}},"54":{"start":{"line":117,"column":18},"end":{"line":120,"column":7}},"55":{"start":{"line":122,"column":6},"end":{"line":133,"column":9}},"56":{"start":{"line":123,"column":19},"end":{"line":128,"column":9}},"57":{"start":{"line":130,"column":8},"end":{"line":130,"column":55}},"58":{"start":{"line":132,"column":8},"end":{"line":132,"column":68}},"59":{"start":{"line":135,"column":6},"end":{"line":135,"column":66}},"60":{"start":{"line":138,"column":4},"end":{"line":138,"column":64}},"61":{"start":{"line":142,"column":15},"end":{"line":142,"column":29}},"62":{"start":{"line":143,"column":0},"end":{"line":143,"column":30}}},"fnMap":{"0":{"name":"(anonymous_0)","decl":{"start":{"line":23,"column":24},"end":{"line":23,"column":25}},"loc":{"start":{"line":23,"column":44},"end":{"line":65,"column":1}},"line":23},"1":{"name":"(anonymous_1)","decl":{"start":{"line":35,"column":35},"end":{"line":35,"column":36}},"loc":{"start":{"line":35,"column":51},"end":{"line":62,"column":3}},"line":35},"2":{"name":"(anonymous_2)","decl":{"start":{"line":40,"column":78},"end":{"line":40,"column":79}},"loc":{"start":{"line":40,"column":95},"end":{"line":59,"column":5}},"line":40},"3":{"name":"(anonymous_3)","decl":{"start":{"line":59,"column":16},"end":{"line":59,"column":17}},"loc":{"start":{"line":59,"column":33},"end":{"line":61,"column":5}},"line":59},"4":{"name":"(anonymous_4)","decl":{"start":{"line":62,"column":14},"end":{"line":62,"column":15}},"loc":{"start":{"line":62,"column":31},"end":{"line":64,"column":3}},"line":62},"5":{"name":"emailExists","decl":{"start":{"line":67,"column":27},"end":{"line":67,"column":38}},"loc":{"start":{"line":67,"column":46},"end":{"line":89,"column":1}},"line":67},"6":{"name":"(anonymous_6)","decl":{"start":{"line":68,"column":21},"end":{"line":68,"column":22}},"loc":{"start":{"line":68,"column":48},"end":{"line":88,"column":3}},"line":68},"7":{"name":"(anonymous_7)","decl":{"start":{"line":76,"column":37},"end":{"line":76,"column":38}},"loc":{"start":{"line":76,"column":53},"end":{"line":82,"column":5}},"line":76},"8":{"name":"(anonymous_8)","decl":{"start":{"line":82,"column":16},"end":{"line":82,"column":17}},"loc":{"start":{"line":82,"column":33},"end":{"line":87,"column":5}},"line":82},"9":{"name":"(anonymous_9)","decl":{"start":{"line":91,"column":28},"end":{"line":91,"column":29}},"loc":{"start":{"line":91,"column":48},"end":{"line":140,"column":1}},"line":91},"10":{"name":"(anonymous_10)","decl":{"start":{"line":108,"column":26},"end":{"line":108,"column":27}},"loc":{"start":{"line":108,"column":49},"end":{"line":137,"column":3}},"line":108},"11":{"name":"(anonymous_11)","decl":{"start":{"line":116,"column":47},"end":{"line":116,"column":48}},"loc":{"start":{"line":116,"column":63},"end":{"line":134,"column":5}},"line":116},"12":{"name":"(anonymous_12)","decl":{"start":{"line":122,"column":39},"end":{"line":122,"column":40}},"loc":{"start":{"line":122,"column":51},"end":{"line":131,"column":7}},"line":122},"13":{"name":"(anonymous_13)","decl":{"start":{"line":131,"column":18},"end":{"line":131,"column":19}},"loc":{"start":{"line":131,"column":35},"end":{"line":133,"column":7}},"line":131},"14":{"name":"(anonymous_14)","decl":{"start":{"line":134,"column":16},"end":{"line":134,"column":17}},"loc":{"start":{"line":134,"column":33},"end":{"line":136,"column":5}},"line":134},"15":{"name":"(anonymous_15)","decl":{"start":{"line":137,"column":14},"end":{"line":137,"column":15}},"loc":{"start":{"line":137,"column":31},"end":{"line":139,"column":3}},"line":137}},"branchMap":{"0":{"loc":{"start":{"line":26,"column":2},"end":{"line":28,"column":3}},"type":"if","locations":[{"start":{"line":26,"column":2},"end":{"line":28,"column":3}},{"start":{"line":26,"column":2},"end":{"line":28,"column":3}}],"line":26},"1":{"loc":{"start":{"line":36,"column":4},"end":{"line":38,"column":5}},"type":"if","locations":[{"start":{"line":36,"column":4},"end":{"line":38,"column":5}},{"start":{"line":36,"column":4},"end":{"line":38,"column":5}}],"line":36},"2":{"loc":{"start":{"line":41,"column":6},"end":{"line":43,"column":7}},"type":"if","locations":[{"start":{"line":41,"column":6},"end":{"line":43,"column":7}},{"start":{"line":41,"column":6},"end":{"line":43,"column":7}}],"line":41},"3":{"loc":{"start":{"line":77,"column":6},"end":{"line":79,"column":7}},"type":"if","locations":[{"start":{"line":77,"column":6},"end":{"line":79,"column":7}},{"start":{"line":77,"column":6},"end":{"line":79,"column":7}}],"line":77},"4":{"loc":{"start":{"line":94,"column":2},"end":{"line":96,"column":3}},"type":"if","locations":[{"start":{"line":94,"column":2},"end":{"line":96,"column":3}},{"start":{"line":94,"column":2},"end":{"line":96,"column":3}}],"line":94},"5":{"loc":{"start":{"line":109,"column":4},"end":{"line":111,"column":5}},"type":"if","locations":[{"start":{"line":109,"column":4},"end":{"line":111,"column":5}},{"start":{"line":109,"column":4},"end":{"line":111,"column":5}}],"line":109},"6":{"loc":{"start":{"line":114,"column":16},"end":{"line":114,"column":86}},"type":"cond-expr","locations":[{"start":{"line":114,"column":45},"end":{"line":114,"column":47}},{"start":{"line":114,"column":50},"end":{"line":114,"column":86}}],"line":114}},"s":{"0":1,"1":1,"2":1,"3":1,"4":1,"5":1,"6":1,"7":1,"8":1,"9":1,"10":1,"11":21,"12":21,"13":0,"14":21,"15":21,"16":21,"17":1,"18":20,"19":20,"20":0,"21":20,"22":20,"23":20,"24":0,"25":0,"26":1,"27":2,"28":2,"29":2,"30":2,"31":1,"32":2,"33":0,"34":1,"35":3,"36":3,"37":1,"38":2,"39":2,"40":2,"41":2,"42":2,"43":2,"44":2,"45":2,"46":2,"47":2,"48":2,"49":2,"50":1,"51":1,"52":1,"53":1,"54":1,"55":1,"56":1,"57":1,"58":0,"59":0,"60":0,"61":1,"62":1},"f":{"0":21,"1":21,"2":20,"3":0,"4":0,"5":2,"6":2,"7":2,"8":0,"9":3,"10":2,"11":1,"12":1,"13":0,"14":0,"15":0},"b":{"0":[0,21],"1":[1,20],"2":[0,20],"3":[1,1],"4":[1,2],"5":[1,1],"6":[0,1]},"_coverageSchema":"43e27e138ebf9cfc5966b082cf9a028302ed4184","hash":"fface01dec33068ad6c85211b4c5259b9d220400","contentHash":"45aa527bd021454749d3adc31e0a890d6471d36db6e26d1558279e8a12596a92"},"E:\\de\\teamwork-fullstack-app\\teamwork-backend\\src\\db\\index.js":{"path":"E:\\de\\teamwork-fullstack-app\\teamwork-backend\\src\\db\\index.js","statementMap":{"0":{"start":{"line":3,"column":29},"end":{"line":3,"column":84}},"1":{"start":{"line":5,"column":0},"end":{"line":7,"column":3}},"2":{"start":{"line":8,"column":0},"end":{"line":8,"column":28}},"3":{"start":{"line":10,"column":10},"end":{"line":10,"column":23}},"4":{"start":{"line":12,"column":14},"end":{"line":12,"column":65}},"5":{"start":{"line":14,"column":0},"end":{"line":14,"column":36}},"6":{"start":{"line":15,"column":0},"end":{"line":15,"column":34}},"7":{"start":{"line":16,"column":8},"end":{"line":16,"column":9}},"8":{"start":{"line":17,"column":10},"end":{"line":17,"column":90}},"9":{"start":{"line":18,"column":0},"end":{"line":18,"column":21}},"10":{"start":{"line":19,"column":0},"end":{"line":19,"column":17}},"11":{"start":{"line":20,"column":17},"end":{"line":20,"column":19}},"12":{"start":{"line":22,"column":0},"end":{"line":31,"column":1}},"13":{"start":{"line":23,"column":2},"end":{"line":23,"column":116}},"14":{"start":{"line":25,"column":24},"end":{"line":25,"column":47}},"15":{"start":{"line":26,"column":17},"end":{"line":26,"column":41}},"16":{"start":{"line":27,"column":17},"end":{"line":27,"column":41}},"17":{"start":{"line":28,"column":17},"end":{"line":28,"column":41}},"18":{"start":{"line":29,"column":13},"end":{"line":29,"column":33}},"19":{"start":{"line":30,"column":2},"end":{"line":30,"column":123}},"20":{"start":{"line":33,"column":0},"end":{"line":33,"column":41}},"21":{"start":{"line":34,"column":0},"end":{"line":34,"column":31}},"22":{"start":{"line":35,"column":13},"end":{"line":37,"column":2}},"23":{"start":{"line":38,"column":0},"end":{"line":38,"column":17}},"24":{"start":{"line":39,"column":0},"end":{"line":41,"column":3}},"25":{"start":{"line":40,"column":2},"end":{"line":40,"column":56}},"26":{"start":{"line":42,"column":0},"end":{"line":44,"column":3}},"27":{"start":{"line":43,"column":2},"end":{"line":43,"column":37}},"28":{"start":{"line":45,"column":9},"end":{"line":45,"column":11}},"29":{"start":{"line":47,"column":0},"end":{"line":61,"column":2}},"30":{"start":{"line":48,"column":2},"end":{"line":60,"column":5}},"31":{"start":{"line":49,"column":4},"end":{"line":59,"column":7}},"32":{"start":{"line":50,"column":6},"end":{"line":56,"column":7}},"33":{"start":{"line":51,"column":8},"end":{"line":51,"column":56}},"34":{"start":{"line":52,"column":8},"end":{"line":55,"column":11}},"35":{"start":{"line":58,"column":6},"end":{"line":58,"column":22}},"36":{"start":{"line":63,"column":0},"end":{"line":81,"column":2}},"37":{"start":{"line":64,"column":2},"end":{"line":80,"column":5}},"38":{"start":{"line":65,"column":14},"end":{"line":65,"column":31}},"39":{"start":{"line":67,"column":4},"end":{"line":77,"column":5}},"40":{"start":{"line":67,"column":17},"end":{"line":67,"column":18}},"41":{"start":{"line":68,"column":6},"end":{"line":76,"column":9}},"42":{"start":{"line":69,"column":8},"end":{"line":75,"column":9}},"43":{"start":{"line":70,"column":10},"end":{"line":70,"column":58}},"44":{"start":{"line":71,"column":10},"end":{"line":74,"column":13}},"45":{"start":{"line":79,"column":4},"end":{"line":79,"column":18}},"46":{"start":{"line":83,"column":15},"end":{"line":83,"column":17}},"47":{"start":{"line":84,"column":0},"end":{"line":84,"column":30}}},"fnMap":{"0":{"name":"(anonymous_0)","decl":{"start":{"line":39,"column":19},"end":{"line":39,"column":20}},"loc":{"start":{"line":39,"column":34},"end":{"line":41,"column":1}},"line":39},"1":{"name":"(anonymous_1)","decl":{"start":{"line":42,"column":20},"end":{"line":42,"column":21}},"loc":{"start":{"line":42,"column":35},"end":{"line":44,"column":1}},"line":42},"2":{"name":"(anonymous_2)","decl":{"start":{"line":47,"column":11},"end":{"line":47,"column":12}},"loc":{"start":{"line":47,"column":34},"end":{"line":61,"column":1}},"line":47},"3":{"name":"(anonymous_3)","decl":{"start":{"line":48,"column":21},"end":{"line":48,"column":22}},"loc":{"start":{"line":48,"column":48},"end":{"line":60,"column":3}},"line":48},"4":{"name":"(anonymous_4)","decl":{"start":{"line":49,"column":30},"end":{"line":49,"column":31}},"loc":{"start":{"line":49,"column":53},"end":{"line":59,"column":5}},"line":49},"5":{"name":"(anonymous_5)","decl":{"start":{"line":63,"column":19},"end":{"line":63,"column":20}},"loc":{"start":{"line":63,"column":41},"end":{"line":81,"column":1}},"line":63},"6":{"name":"(anonymous_6)","decl":{"start":{"line":64,"column":21},"end":{"line":64,"column":22}},"loc":{"start":{"line":64,"column":48},"end":{"line":80,"column":3}},"line":64},"7":{"name":"(anonymous_7)","decl":{"start":{"line":68,"column":61},"end":{"line":68,"column":62}},"loc":{"start":{"line":68,"column":84},"end":{"line":76,"column":7}},"line":68}},"branchMap":{"0":{"loc":{"start":{"line":17,"column":10},"end":{"line":17,"column":90}},"type":"cond-expr","locations":[{"start":{"line":17,"column":47},"end":{"line":17,"column":60}},{"start":{"line":17,"column":63},"end":{"line":17,"column":90}}],"line":17},"1":{"loc":{"start":{"line":22,"column":0},"end":{"line":31,"column":1}},"type":"if","locations":[{"start":{"line":22,"column":0},"end":{"line":31,"column":1}},{"start":{"line":22,"column":0},"end":{"line":31,"column":1}}],"line":22},"2":{"loc":{"start":{"line":50,"column":6},"end":{"line":56,"column":7}},"type":"if","locations":[{"start":{"line":50,"column":6},"end":{"line":56,"column":7}},{"start":{"line":50,"column":6},"end":{"line":56,"column":7}}],"line":50},"3":{"loc":{"start":{"line":69,"column":8},"end":{"line":75,"column":9}},"type":"if","locations":[{"start":{"line":69,"column":8},"end":{"line":75,"column":9}},{"start":{"line":69,"column":8},"end":{"line":75,"column":9}}],"line":69}},"s":{"0":1,"1":1,"2":1,"3":1,"4":1,"5":1,"6":1,"7":1,"8":1,"9":1,"10":1,"11":1,"12":1,"13":1,"14":0,"15":0,"16":0,"17":0,"18":0,"19":0,"20":1,"21":1,"22":1,"23":1,"24":1,"25":0,"26":1,"27":0,"28":1,"29":1,"30":52,"31":52,"32":52,"33":0,"34":0,"35":52,"36":1,"37":3,"38":3,"39":3,"40":3,"41":6,"42":6,"43":0,"44":0,"45":3,"46":1,"47":1},"f":{"0":0,"1":0,"2":52,"3":52,"4":52,"5":3,"6":3,"7":6},"b":{"0":[0,1],"1":[1,0],"2":[0,52],"3":[0,6]},"_coverageSchema":"43e27e138ebf9cfc5966b082cf9a028302ed4184","hash":"75aa2a875583763461d7845bfec20fdd07018e5e","contentHash":"fb830807dd4ad5d410707e05f49734dab4c02f78c39376d1c48888851752af0c"},"E:\\de\\teamwork-fullstack-app\\teamwork-backend\\src\\config\\config.js":{"path":"E:\\de\\teamwork-fullstack-app\\teamwork-backend\\src\\config\\config.js","statementMap":{"0":{"start":{"line":3,"column":0},"end":{"line":3,"column":27}},"1":{"start":{"line":5,"column":0},"end":{"line":20,"column":2}}},"fnMap":{},"branchMap":{},"s":{"0":1,"1":1},"f":{},"b":{},"_coverageSchema":"43e27e138ebf9cfc5966b082cf9a028302ed4184","hash":"7810aca70c737f23cbbb60a1876f41bad975582d","contentHash":"4f01cc46665d1a2ee144d11eee093c7aa6e2a8857aa262c01d784d1ef478bed3"},"E:\\de\\teamwork-fullstack-app\\teamwork-backend\\src\\routes\\articles.js":{"path":"E:\\de\\teamwork-fullstack-app\\teamwork-backend\\src\\routes\\articles.js","statementMap":{"0":{"start":{"line":3,"column":29},"end":{"line":3,"column":84}},"1":{"start":{"line":5,"column":0},"end":{"line":7,"column":3}},"2":{"start":{"line":8,"column":0},"end":{"line":8,"column":28}},"3":{"start":{"line":10,"column":15},"end":{"line":10,"column":57}},"4":{"start":{"line":12,"column":22},"end":{"line":12,"column":86}},"5":{"start":{"line":14,"column":12},"end":{"line":14,"column":65}},"6":{"start":{"line":16,"column":16},"end":{"line":16,"column":74}},"7":{"start":{"line":18,"column":13},"end":{"line":18,"column":41}},"8":{"start":{"line":34,"column":0},"end":{"line":34,"column":122}},"9":{"start":{"line":48,"column":0},"end":{"line":48,"column":135}},"10":{"start":{"line":62,"column":0},"end":{"line":62,"column":157}},"11":{"start":{"line":79,"column":0},"end":{"line":79,"column":167}},"12":{"start":{"line":96,"column":0},"end":{"line":96,"column":170}},"13":{"start":{"line":116,"column":0},"end":{"line":116,"column":138}},"14":{"start":{"line":128,"column":0},"end":{"line":128,"column":135}},"15":{"start":{"line":140,"column":0},"end":{"line":140,"column":136}},"16":{"start":{"line":157,"column":0},"end":{"line":157,"column":185}},"17":{"start":{"line":173,"column":0},"end":{"line":173,"column":155}},"18":{"start":{"line":174,"column":15},"end":{"line":174,"column":21}},"19":{"start":{"line":175,"column":0},"end":{"line":175,"column":30}}},"fnMap":{},"branchMap":{},"s":{"0":1,"1":1,"2":1,"3":1,"4":1,"5":1,"6":1,"7":1,"8":1,"9":1,"10":1,"11":1,"12":1,"13":1,"14":1,"15":1,"16":1,"17":1,"18":1,"19":1},"f":{},"b":{},"_coverageSchema":"43e27e138ebf9cfc5966b082cf9a028302ed4184","hash":"c029ead12edaccdeadf93bd893920a06f8e167ec","contentHash":"fe4a1eb7b8fc68df973b467e4c4c8442a0a76397ec68be2c2bc6f7d42e0e033a"},"E:\\de\\teamwork-fullstack-app\\teamwork-backend\\src\\controllers\\articles.js":{"path":"E:\\de\\teamwork-fullstack-app\\teamwork-backend\\src\\controllers\\articles.js","statementMap":{"0":{"start":{"line":3,"column":29},"end":{"line":3,"column":84}},"1":{"start":{"line":5,"column":0},"end":{"line":7,"column":3}},"2":{"start":{"line":8,"column":0},"end":{"line":8,"column":28}},"3":{"start":{"line":10,"column":19},"end":{"line":10,"column":80}},"4":{"start":{"line":12,"column":24},"end":{"line":12,"column":52}},"5":{"start":{"line":14,"column":23},"end":{"line":14,"column":86}},"6":{"start":{"line":16,"column":10},"end":{"line":16,"column":50}},"7":{"start":{"line":18,"column":16},"end":{"line":18,"column":61}},"8":{"start":{"line":20,"column":25},"end":{"line":20,"column":27}},"9":{"start":{"line":22,"column":23},"end":{"line":41,"column":1}},"10":{"start":{"line":23,"column":2},"end":{"line":40,"column":5}},"11":{"start":{"line":24,"column":16},"end":{"line":27,"column":5}},"12":{"start":{"line":29,"column":4},"end":{"line":39,"column":7}},"13":{"start":{"line":30,"column":17},"end":{"line":30,"column":30}},"14":{"start":{"line":32,"column":6},"end":{"line":34,"column":7}},"15":{"start":{"line":33,"column":8},"end":{"line":33,"column":22}},"16":{"start":{"line":36,"column":6},"end":{"line":36,"column":21}},"17":{"start":{"line":38,"column":6},"end":{"line":38,"column":20}},"18":{"start":{"line":43,"column":0},"end":{"line":77,"column":2}},"19":{"start":{"line":44,"column":15},"end":{"line":44,"column":59}},"20":{"start":{"line":46,"column":2},"end":{"line":48,"column":3}},"21":{"start":{"line":47,"column":4},"end":{"line":47,"column":71}},"22":{"start":{"line":50,"column":18},"end":{"line":50,"column":26}},"23":{"start":{"line":51,"column":14},"end":{"line":51,"column":29}},"24":{"start":{"line":52,"column":16},"end":{"line":52,"column":33}},"25":{"start":{"line":53,"column":15},"end":{"line":53,"column":31}},"26":{"start":{"line":54,"column":16},"end":{"line":54,"column":33}},"27":{"start":{"line":55,"column":17},"end":{"line":55,"column":27}},"28":{"start":{"line":56,"column":18},"end":{"line":56,"column":38}},"29":{"start":{"line":57,"column":14},"end":{"line":57,"column":50}},"30":{"start":{"line":58,"column":14},"end":{"line":61,"column":3}},"31":{"start":{"line":63,"column":2},"end":{"line":76,"column":5}},"32":{"start":{"line":64,"column":15},"end":{"line":71,"column":5}},"33":{"start":{"line":73,"column":4},"end":{"line":73,"column":51}},"34":{"start":{"line":75,"column":4},"end":{"line":75,"column":64}},"35":{"start":{"line":79,"column":0},"end":{"line":106,"column":2}},"36":{"start":{"line":80,"column":15},"end":{"line":80,"column":59}},"37":{"start":{"line":82,"column":2},"end":{"line":84,"column":3}},"38":{"start":{"line":83,"column":4},"end":{"line":83,"column":71}},"39":{"start":{"line":86,"column":19},"end":{"line":86,"column":27}},"40":{"start":{"line":87,"column":11},"end":{"line":87,"column":24}},"41":{"start":{"line":88,"column":16},"end":{"line":88,"column":34}},"42":{"start":{"line":89,"column":15},"end":{"line":89,"column":32}},"43":{"start":{"line":90,"column":17},"end":{"line":90,"column":27}},"44":{"start":{"line":91,"column":15},"end":{"line":91,"column":35}},"45":{"start":{"line":93,"column":2},"end":{"line":105,"column":5}},"46":{"start":{"line":94,"column":15},"end":{"line":101,"column":5}},"47":{"start":{"line":102,"column":4},"end":{"line":102,"column":58}},"48":{"start":{"line":104,"column":4},"end":{"line":104,"column":64}},"49":{"start":{"line":108,"column":0},"end":{"line":140,"column":2}},"50":{"start":{"line":109,"column":15},"end":{"line":109,"column":59}},"51":{"start":{"line":111,"column":2},"end":{"line":113,"column":3}},"52":{"start":{"line":112,"column":4},"end":{"line":112,"column":71}},"53":{"start":{"line":115,"column":19},"end":{"line":115,"column":27}},"54":{"start":{"line":116,"column":14},"end":{"line":116,"column":30}},"55":{"start":{"line":117,"column":16},"end":{"line":117,"column":34}},"56":{"start":{"line":118,"column":15},"end":{"line":118,"column":32}},"57":{"start":{"line":119,"column":16},"end":{"line":119,"column":34}},"58":{"start":{"line":120,"column":18},"end":{"line":120,"column":38}},"59":{"start":{"line":121,"column":14},"end":{"line":124,"column":3}},"60":{"start":{"line":126,"column":2},"end":{"line":139,"column":5}},"61":{"start":{"line":127,"column":15},"end":{"line":134,"column":5}},"62":{"start":{"line":136,"column":4},"end":{"line":136,"column":51}},"63":{"start":{"line":138,"column":4},"end":{"line":138,"column":64}},"64":{"start":{"line":142,"column":0},"end":{"line":170,"column":2}},"65":{"start":{"line":143,"column":15},"end":{"line":143,"column":59}},"66":{"start":{"line":145,"column":2},"end":{"line":147,"column":3}},"67":{"start":{"line":146,"column":4},"end":{"line":146,"column":71}},"68":{"start":{"line":149,"column":17},"end":{"line":149,"column":37}},"69":{"start":{"line":150,"column":17},"end":{"line":150,"column":27}},"70":{"start":{"line":151,"column":19},"end":{"line":157,"column":4}},"71":{"start":{"line":159,"column":2},"end":{"line":169,"column":5}},"72":{"start":{"line":160,"column":15},"end":{"line":164,"column":5}},"73":{"start":{"line":166,"column":4},"end":{"line":166,"column":51}},"74":{"start":{"line":168,"column":4},"end":{"line":168,"column":64}},"75":{"start":{"line":172,"column":0},"end":{"line":194,"column":2}},"76":{"start":{"line":173,"column":15},"end":{"line":173,"column":59}},"77":{"start":{"line":175,"column":2},"end":{"line":177,"column":3}},"78":{"start":{"line":176,"column":4},"end":{"line":176,"column":71}},"79":{"start":{"line":179,"column":2},"end":{"line":193,"column":5}},"80":{"start":{"line":180,"column":4},"end":{"line":182,"column":5}},"81":{"start":{"line":181,"column":6},"end":{"line":181,"column":71}},"82":{"start":{"line":184,"column":15},"end":{"line":188,"column":5}},"83":{"start":{"line":190,"column":4},"end":{"line":190,"column":51}},"84":{"start":{"line":192,"column":4},"end":{"line":192,"column":64}},"85":{"start":{"line":196,"column":0},"end":{"line":218,"column":2}},"86":{"start":{"line":197,"column":15},"end":{"line":197,"column":59}},"87":{"start":{"line":199,"column":2},"end":{"line":201,"column":3}},"88":{"start":{"line":200,"column":4},"end":{"line":200,"column":71}},"89":{"start":{"line":203,"column":2},"end":{"line":217,"column":5}},"90":{"start":{"line":204,"column":4},"end":{"line":206,"column":5}},"91":{"start":{"line":205,"column":6},"end":{"line":205,"column":71}},"92":{"start":{"line":208,"column":15},"end":{"line":212,"column":5}},"93":{"start":{"line":214,"column":4},"end":{"line":214,"column":51}},"94":{"start":{"line":216,"column":4},"end":{"line":216,"column":64}},"95":{"start":{"line":220,"column":0},"end":{"line":254,"column":2}},"96":{"start":{"line":221,"column":15},"end":{"line":221,"column":59}},"97":{"start":{"line":223,"column":2},"end":{"line":225,"column":3}},"98":{"start":{"line":224,"column":4},"end":{"line":224,"column":71}},"99":{"start":{"line":227,"column":2},"end":{"line":253,"column":5}},"100":{"start":{"line":228,"column":4},"end":{"line":230,"column":5}},"101":{"start":{"line":229,"column":6},"end":{"line":229,"column":131}},"102":{"start":{"line":232,"column":21},"end":{"line":238,"column":6}},"103":{"start":{"line":240,"column":4},"end":{"line":250,"column":7}},"104":{"start":{"line":241,"column":17},"end":{"line":245,"column":7}},"105":{"start":{"line":247,"column":6},"end":{"line":247,"column":53}},"106":{"start":{"line":249,"column":6},"end":{"line":249,"column":66}},"107":{"start":{"line":252,"column":4},"end":{"line":252,"column":64}},"108":{"start":{"line":256,"column":0},"end":{"line":273,"column":2}},"109":{"start":{"line":257,"column":15},"end":{"line":257,"column":59}},"110":{"start":{"line":259,"column":2},"end":{"line":261,"column":3}},"111":{"start":{"line":260,"column":4},"end":{"line":260,"column":71}},"112":{"start":{"line":263,"column":14},"end":{"line":266,"column":3}},"113":{"start":{"line":268,"column":2},"end":{"line":272,"column":5}},"114":{"start":{"line":269,"column":4},"end":{"line":269,"column":60}},"115":{"start":{"line":271,"column":4},"end":{"line":271,"column":64}},"116":{"start":{"line":275,"column":0},"end":{"line":324,"column":2}},"117":{"start":{"line":276,"column":15},"end":{"line":276,"column":59}},"118":{"start":{"line":278,"column":2},"end":{"line":280,"column":3}},"119":{"start":{"line":279,"column":4},"end":{"line":279,"column":71}},"120":{"start":{"line":284,"column":2},"end":{"line":323,"column":7}},"121":{"start":{"line":286,"column":4},"end":{"line":322,"column":30}},"122":{"start":{"line":287,"column":6},"end":{"line":321,"column":7}},"123":{"start":{"line":288,"column":8},"end":{"line":320,"column":9}},"124":{"start":{"line":290,"column":12},"end":{"line":293,"column":14}},"125":{"start":{"line":294,"column":12},"end":{"line":294,"column":30}},"126":{"start":{"line":295,"column":12},"end":{"line":295,"column":30}},"127":{"start":{"line":296,"column":12},"end":{"line":296,"column":78}},"128":{"start":{"line":299,"column":12},"end":{"line":299,"column":37}},"129":{"start":{"line":300,"column":12},"end":{"line":300,"column":30}},"130":{"start":{"line":301,"column":12},"end":{"line":301,"column":116}},"131":{"start":{"line":304,"column":12},"end":{"line":304,"column":54}},"132":{"start":{"line":306,"column":12},"end":{"line":306,"column":71}},"133":{"start":{"line":308,"column":12},"end":{"line":308,"column":31}},"134":{"start":{"line":309,"column":12},"end":{"line":309,"column":18}},"135":{"start":{"line":312,"column":12},"end":{"line":312,"column":31}},"136":{"start":{"line":313,"column":12},"end":{"line":313,"column":47}},"137":{"start":{"line":315,"column":12},"end":{"line":315,"column":72}},"138":{"start":{"line":319,"column":12},"end":{"line":319,"column":35}},"139":{"start":{"line":326,"column":0},"end":{"line":347,"column":2}},"140":{"start":{"line":327,"column":15},"end":{"line":327,"column":59}},"141":{"start":{"line":329,"column":2},"end":{"line":331,"column":3}},"142":{"start":{"line":330,"column":4},"end":{"line":330,"column":71}},"143":{"start":{"line":333,"column":14},"end":{"line":336,"column":3}},"144":{"start":{"line":338,"column":2},"end":{"line":346,"column":5}},"145":{"start":{"line":339,"column":15},"end":{"line":341,"column":5}},"146":{"start":{"line":343,"column":4},"end":{"line":343,"column":51}},"147":{"start":{"line":345,"column":4},"end":{"line":345,"column":64}},"148":{"start":{"line":349,"column":15},"end":{"line":349,"column":33}},"149":{"start":{"line":350,"column":0},"end":{"line":350,"column":30}}},"fnMap":{"0":{"name":"isArticleFlagged","decl":{"start":{"line":22,"column":32},"end":{"line":22,"column":48}},"loc":{"start":{"line":22,"column":60},"end":{"line":41,"column":1}},"line":22},"1":{"name":"(anonymous_1)","decl":{"start":{"line":23,"column":21},"end":{"line":23,"column":22}},"loc":{"start":{"line":23,"column":48},"end":{"line":40,"column":3}},"line":23},"2":{"name":"(anonymous_2)","decl":{"start":{"line":29,"column":37},"end":{"line":29,"column":38}},"loc":{"start":{"line":29,"column":57},"end":{"line":37,"column":5}},"line":29},"3":{"name":"(anonymous_3)","decl":{"start":{"line":37,"column":16},"end":{"line":37,"column":17}},"loc":{"start":{"line":37,"column":33},"end":{"line":39,"column":5}},"line":37},"4":{"name":"(anonymous_4)","decl":{"start":{"line":43,"column":35},"end":{"line":43,"column":36}},"loc":{"start":{"line":43,"column":55},"end":{"line":77,"column":1}},"line":43},"5":{"name":"(anonymous_5)","decl":{"start":{"line":63,"column":35},"end":{"line":63,"column":36}},"loc":{"start":{"line":63,"column":47},"end":{"line":74,"column":3}},"line":63},"6":{"name":"(anonymous_6)","decl":{"start":{"line":74,"column":14},"end":{"line":74,"column":15}},"loc":{"start":{"line":74,"column":31},"end":{"line":76,"column":3}},"line":74},"7":{"name":"(anonymous_7)","decl":{"start":{"line":79,"column":36},"end":{"line":79,"column":37}},"loc":{"start":{"line":79,"column":56},"end":{"line":106,"column":1}},"line":79},"8":{"name":"(anonymous_8)","decl":{"start":{"line":93,"column":82},"end":{"line":93,"column":83}},"loc":{"start":{"line":93,"column":102},"end":{"line":103,"column":3}},"line":93},"9":{"name":"(anonymous_9)","decl":{"start":{"line":103,"column":14},"end":{"line":103,"column":15}},"loc":{"start":{"line":103,"column":31},"end":{"line":105,"column":3}},"line":103},"10":{"name":"(anonymous_10)","decl":{"start":{"line":108,"column":33},"end":{"line":108,"column":34}},"loc":{"start":{"line":108,"column":53},"end":{"line":140,"column":1}},"line":108},"11":{"name":"(anonymous_11)","decl":{"start":{"line":126,"column":35},"end":{"line":126,"column":36}},"loc":{"start":{"line":126,"column":47},"end":{"line":137,"column":3}},"line":126},"12":{"name":"(anonymous_12)","decl":{"start":{"line":137,"column":14},"end":{"line":137,"column":15}},"loc":{"start":{"line":137,"column":31},"end":{"line":139,"column":3}},"line":137},"13":{"name":"(anonymous_13)","decl":{"start":{"line":142,"column":33},"end":{"line":142,"column":34}},"loc":{"start":{"line":142,"column":53},"end":{"line":170,"column":1}},"line":142},"14":{"name":"(anonymous_14)","decl":{"start":{"line":159,"column":48},"end":{"line":159,"column":49}},"loc":{"start":{"line":159,"column":60},"end":{"line":167,"column":3}},"line":159},"15":{"name":"(anonymous_15)","decl":{"start":{"line":167,"column":14},"end":{"line":167,"column":15}},"loc":{"start":{"line":167,"column":31},"end":{"line":169,"column":3}},"line":167},"16":{"name":"(anonymous_16)","decl":{"start":{"line":172,"column":40},"end":{"line":172,"column":41}},"loc":{"start":{"line":172,"column":60},"end":{"line":194,"column":1}},"line":172},"17":{"name":"(anonymous_17)","decl":{"start":{"line":179,"column":66},"end":{"line":179,"column":67}},"loc":{"start":{"line":179,"column":86},"end":{"line":191,"column":3}},"line":179},"18":{"name":"(anonymous_18)","decl":{"start":{"line":191,"column":14},"end":{"line":191,"column":15}},"loc":{"start":{"line":191,"column":31},"end":{"line":193,"column":3}},"line":191},"19":{"name":"(anonymous_19)","decl":{"start":{"line":196,"column":42},"end":{"line":196,"column":43}},"loc":{"start":{"line":196,"column":62},"end":{"line":218,"column":1}},"line":196},"20":{"name":"(anonymous_20)","decl":{"start":{"line":203,"column":64},"end":{"line":203,"column":65}},"loc":{"start":{"line":203,"column":84},"end":{"line":215,"column":3}},"line":203},"21":{"name":"(anonymous_21)","decl":{"start":{"line":215,"column":14},"end":{"line":215,"column":15}},"loc":{"start":{"line":215,"column":31},"end":{"line":217,"column":3}},"line":215},"22":{"name":"(anonymous_22)","decl":{"start":{"line":220,"column":42},"end":{"line":220,"column":43}},"loc":{"start":{"line":220,"column":62},"end":{"line":254,"column":1}},"line":220},"23":{"name":"(anonymous_23)","decl":{"start":{"line":227,"column":46},"end":{"line":227,"column":47}},"loc":{"start":{"line":227,"column":67},"end":{"line":251,"column":3}},"line":227},"24":{"name":"(anonymous_24)","decl":{"start":{"line":240,"column":50},"end":{"line":240,"column":51}},"loc":{"start":{"line":240,"column":62},"end":{"line":248,"column":5}},"line":240},"25":{"name":"(anonymous_25)","decl":{"start":{"line":248,"column":16},"end":{"line":248,"column":17}},"loc":{"start":{"line":248,"column":33},"end":{"line":250,"column":5}},"line":248},"26":{"name":"(anonymous_26)","decl":{"start":{"line":251,"column":14},"end":{"line":251,"column":15}},"loc":{"start":{"line":251,"column":31},"end":{"line":253,"column":3}},"line":251},"27":{"name":"(anonymous_27)","decl":{"start":{"line":256,"column":38},"end":{"line":256,"column":39}},"loc":{"start":{"line":256,"column":58},"end":{"line":273,"column":1}},"line":256},"28":{"name":"(anonymous_28)","decl":{"start":{"line":268,"column":35},"end":{"line":268,"column":36}},"loc":{"start":{"line":268,"column":55},"end":{"line":270,"column":3}},"line":268},"29":{"name":"(anonymous_29)","decl":{"start":{"line":270,"column":14},"end":{"line":270,"column":15}},"loc":{"start":{"line":270,"column":31},"end":{"line":272,"column":3}},"line":270},"30":{"name":"(anonymous_30)","decl":{"start":{"line":275,"column":37},"end":{"line":275,"column":38}},"loc":{"start":{"line":275,"column":57},"end":{"line":324,"column":1}},"line":275},"31":{"name":"_callee","decl":{"start":{"line":284,"column":12},"end":{"line":284,"column":19}},"loc":{"start":{"line":284,"column":22},"end":{"line":323,"column":3}},"line":284},"32":{"name":"_callee$","decl":{"start":{"line":286,"column":50},"end":{"line":286,"column":58}},"loc":{"start":{"line":286,"column":69},"end":{"line":322,"column":5}},"line":286},"33":{"name":"(anonymous_33)","decl":{"start":{"line":326,"column":40},"end":{"line":326,"column":41}},"loc":{"start":{"line":326,"column":60},"end":{"line":347,"column":1}},"line":326},"34":{"name":"(anonymous_34)","decl":{"start":{"line":338,"column":35},"end":{"line":338,"column":36}},"loc":{"start":{"line":338,"column":55},"end":{"line":344,"column":3}},"line":338},"35":{"name":"(anonymous_35)","decl":{"start":{"line":344,"column":14},"end":{"line":344,"column":15}},"loc":{"start":{"line":344,"column":31},"end":{"line":346,"column":3}},"line":344}},"branchMap":{"0":{"loc":{"start":{"line":32,"column":6},"end":{"line":34,"column":7}},"type":"if","locations":[{"start":{"line":32,"column":6},"end":{"line":34,"column":7}},{"start":{"line":32,"column":6},"end":{"line":34,"column":7}}],"line":32},"1":{"loc":{"start":{"line":32,"column":10},"end":{"line":32,"column":68}},"type":"binary-expr","locations":[{"start":{"line":32,"column":10},"end":{"line":32,"column":31}},{"start":{"line":32,"column":35},"end":{"line":32,"column":68}}],"line":32},"2":{"loc":{"start":{"line":46,"column":2},"end":{"line":48,"column":3}},"type":"if","locations":[{"start":{"line":46,"column":2},"end":{"line":48,"column":3}},{"start":{"line":46,"column":2},"end":{"line":48,"column":3}}],"line":46},"3":{"loc":{"start":{"line":82,"column":2},"end":{"line":84,"column":3}},"type":"if","locations":[{"start":{"line":82,"column":2},"end":{"line":84,"column":3}},{"start":{"line":82,"column":2},"end":{"line":84,"column":3}}],"line":82},"4":{"loc":{"start":{"line":111,"column":2},"end":{"line":113,"column":3}},"type":"if","locations":[{"start":{"line":111,"column":2},"end":{"line":113,"column":3}},{"start":{"line":111,"column":2},"end":{"line":113,"column":3}}],"line":111},"5":{"loc":{"start":{"line":145,"column":2},"end":{"line":147,"column":3}},"type":"if","locations":[{"start":{"line":145,"column":2},"end":{"line":147,"column":3}},{"start":{"line":145,"column":2},"end":{"line":147,"column":3}}],"line":145},"6":{"loc":{"start":{"line":175,"column":2},"end":{"line":177,"column":3}},"type":"if","locations":[{"start":{"line":175,"column":2},"end":{"line":177,"column":3}},{"start":{"line":175,"column":2},"end":{"line":177,"column":3}}],"line":175},"7":{"loc":{"start":{"line":180,"column":4},"end":{"line":182,"column":5}},"type":"if","locations":[{"start":{"line":180,"column":4},"end":{"line":182,"column":5}},{"start":{"line":180,"column":4},"end":{"line":182,"column":5}}],"line":180},"8":{"loc":{"start":{"line":199,"column":2},"end":{"line":201,"column":3}},"type":"if","locations":[{"start":{"line":199,"column":2},"end":{"line":201,"column":3}},{"start":{"line":199,"column":2},"end":{"line":201,"column":3}}],"line":199},"9":{"loc":{"start":{"line":204,"column":4},"end":{"line":206,"column":5}},"type":"if","locations":[{"start":{"line":204,"column":4},"end":{"line":206,"column":5}},{"start":{"line":204,"column":4},"end":{"line":206,"column":5}}],"line":204},"10":{"loc":{"start":{"line":223,"column":2},"end":{"line":225,"column":3}},"type":"if","locations":[{"start":{"line":223,"column":2},"end":{"line":225,"column":3}},{"start":{"line":223,"column":2},"end":{"line":225,"column":3}}],"line":223},"11":{"loc":{"start":{"line":228,"column":4},"end":{"line":230,"column":5}},"type":"if","locations":[{"start":{"line":228,"column":4},"end":{"line":230,"column":5}},{"start":{"line":228,"column":4},"end":{"line":230,"column":5}}],"line":228},"12":{"loc":{"start":{"line":259,"column":2},"end":{"line":261,"column":3}},"type":"if","locations":[{"start":{"line":259,"column":2},"end":{"line":261,"column":3}},{"start":{"line":259,"column":2},"end":{"line":261,"column":3}}],"line":259},"13":{"loc":{"start":{"line":278,"column":2},"end":{"line":280,"column":3}},"type":"if","locations":[{"start":{"line":278,"column":2},"end":{"line":280,"column":3}},{"start":{"line":278,"column":2},"end":{"line":280,"column":3}}],"line":278},"14":{"loc":{"start":{"line":288,"column":8},"end":{"line":320,"column":9}},"type":"switch","locations":[{"start":{"line":289,"column":10},"end":{"line":296,"column":78}},{"start":{"line":298,"column":10},"end":{"line":301,"column":116}},{"start":{"line":303,"column":10},"end":{"line":309,"column":18}},{"start":{"line":311,"column":10},"end":{"line":315,"column":72}},{"start":{"line":317,"column":10},"end":{"line":317,"column":18}},{"start":{"line":318,"column":10},"end":{"line":319,"column":35}}],"line":288},"15":{"loc":{"start":{"line":329,"column":2},"end":{"line":331,"column":3}},"type":"if","locations":[{"start":{"line":329,"column":2},"end":{"line":331,"column":3}},{"start":{"line":329,"column":2},"end":{"line":331,"column":3}}],"line":329}},"s":{"0":1,"1":1,"2":1,"3":1,"4":1,"5":1,"6":1,"7":1,"8":1,"9":1,"10":2,"11":2,"12":2,"13":2,"14":2,"15":1,"16":2,"17":0,"18":1,"19":4,"20":4,"21":3,"22":1,"23":1,"24":1,"25":1,"26":1,"27":1,"28":1,"29":1,"30":1,"31":1,"32":1,"33":1,"34":0,"35":1,"36":2,"37":2,"38":1,"39":1,"40":1,"41":1,"42":1,"43":1,"44":1,"45":1,"46":1,"47":1,"48":0,"49":1,"50":4,"51":4,"52":3,"53":1,"54":1,"55":1,"56":1,"57":1,"58":1,"59":1,"60":1,"61":1,"62":1,"63":0,"64":1,"65":1,"66":1,"67":0,"68":1,"69":1,"70":1,"71":1,"72":1,"73":1,"74":0,"75":1,"76":3,"77":3,"78":1,"79":2,"80":2,"81":1,"82":1,"83":1,"84":0,"85":1,"86":3,"87":3,"88":0,"89":3,"90":3,"91":2,"92":1,"93":1,"94":0,"95":1,"96":2,"97":2,"98":0,"99":2,"100":2,"101":1,"102":1,"103":1,"104":1,"105":1,"106":0,"107":0,"108":1,"109":2,"110":2,"111":1,"112":1,"113":1,"114":1,"115":0,"116":1,"117":3,"118":3,"119":0,"120":3,"121":3,"122":9,"123":12,"124":3,"125":3,"126":3,"127":3,"128":3,"129":3,"130":3,"131":3,"132":3,"133":3,"134":3,"135":0,"136":0,"137":0,"138":3,"139":1,"140":1,"141":1,"142":0,"143":1,"144":1,"145":1,"146":1,"147":0,"148":1,"149":1},"f":{"0":2,"1":2,"2":2,"3":0,"4":4,"5":1,"6":0,"7":2,"8":1,"9":0,"10":4,"11":1,"12":0,"13":1,"14":1,"15":0,"16":3,"17":2,"18":0,"19":3,"20":3,"21":0,"22":2,"23":2,"24":1,"25":0,"26":0,"27":2,"28":1,"29":0,"30":3,"31":3,"32":9,"33":1,"34":1,"35":0},"b":{"0":[1,1],"1":[2,1],"2":[3,1],"3":[1,1],"4":[3,1],"5":[0,1],"6":[1,2],"7":[1,1],"8":[0,3],"9":[2,1],"10":[0,2],"11":[1,1],"12":[1,1],"13":[0,3],"14":[3,3,3,0,3,3],"15":[0,1]},"_coverageSchema":"43e27e138ebf9cfc5966b082cf9a028302ed4184","hash":"6545d9a4e953e5bb24ac80373e127bdad8cd08f0","contentHash":"3d175160cff8f0812e81b9cd222a59ba3d06c0a4e4469ce88059bcb815c11b8e"},"E:\\de\\teamwork-fullstack-app\\teamwork-backend\\src\\controllers\\comments.js":{"path":"E:\\de\\teamwork-fullstack-app\\teamwork-backend\\src\\controllers\\comments.js","statementMap":{"0":{"start":{"line":3,"column":29},"end":{"line":3,"column":84}},"1":{"start":{"line":5,"column":0},"end":{"line":7,"column":3}},"2":{"start":{"line":8,"column":0},"end":{"line":8,"column":28}},"3":{"start":{"line":10,"column":19},"end":{"line":10,"column":80}},"4":{"start":{"line":12,"column":24},"end":{"line":12,"column":52}},"5":{"start":{"line":14,"column":23},"end":{"line":14,"column":86}},"6":{"start":{"line":16,"column":10},"end":{"line":16,"column":50}},"7":{"start":{"line":18,"column":15},"end":{"line":18,"column":17}},"8":{"start":{"line":20,"column":0},"end":{"line":37,"column":2}},"9":{"start":{"line":21,"column":2},"end":{"line":36,"column":5}},"10":{"start":{"line":22,"column":16},"end":{"line":25,"column":5}},"11":{"start":{"line":27,"column":4},"end":{"line":35,"column":7}},"12":{"start":{"line":28,"column":6},"end":{"line":30,"column":7}},"13":{"start":{"line":29,"column":8},"end":{"line":29,"column":31}},"14":{"start":{"line":32,"column":6},"end":{"line":32,"column":18}},"15":{"start":{"line":34,"column":6},"end":{"line":34,"column":20}},"16":{"start":{"line":39,"column":0},"end":{"line":70,"column":2}},"17":{"start":{"line":42,"column":2},"end":{"line":69,"column":27}},"18":{"start":{"line":43,"column":4},"end":{"line":68,"column":5}},"19":{"start":{"line":44,"column":6},"end":{"line":67,"column":7}},"20":{"start":{"line":46,"column":10},"end":{"line":46,"column":28}},"21":{"start":{"line":47,"column":10},"end":{"line":50,"column":12}},"22":{"start":{"line":51,"column":10},"end":{"line":51,"column":28}},"23":{"start":{"line":52,"column":10},"end":{"line":52,"column":76}},"24":{"start":{"line":55,"column":10},"end":{"line":55,"column":31}},"25":{"start":{"line":56,"column":10},"end":{"line":56,"column":27}},"26":{"start":{"line":57,"column":10},"end":{"line":57,"column":120}},"27":{"start":{"line":60,"column":10},"end":{"line":60,"column":28}},"28":{"start":{"line":61,"column":10},"end":{"line":61,"column":45}},"29":{"start":{"line":62,"column":10},"end":{"line":62,"column":50}},"30":{"start":{"line":66,"column":10},"end":{"line":66,"column":33}},"31":{"start":{"line":72,"column":0},"end":{"line":136,"column":2}},"32":{"start":{"line":74,"column":2},"end":{"line":135,"column":28}},"33":{"start":{"line":75,"column":4},"end":{"line":134,"column":5}},"34":{"start":{"line":76,"column":6},"end":{"line":133,"column":7}},"35":{"start":{"line":78,"column":10},"end":{"line":78,"column":29}},"36":{"start":{"line":79,"column":10},"end":{"line":79,"column":29}},"37":{"start":{"line":80,"column":10},"end":{"line":80,"column":75}},"38":{"start":{"line":83,"column":10},"end":{"line":83,"column":41}},"39":{"start":{"line":85,"column":10},"end":{"line":88,"column":11}},"40":{"start":{"line":86,"column":12},"end":{"line":86,"column":31}},"41":{"start":{"line":87,"column":12},"end":{"line":87,"column":18}},"42":{"start":{"line":90,"column":10},"end":{"line":93,"column":13}},"43":{"start":{"line":96,"column":10},"end":{"line":99,"column":12}},"44":{"start":{"line":100,"column":10},"end":{"line":100,"column":29}},"45":{"start":{"line":101,"column":10},"end":{"line":101,"column":76}},"46":{"start":{"line":104,"column":10},"end":{"line":104,"column":36}},"47":{"start":{"line":105,"column":10},"end":{"line":105,"column":31}},"48":{"start":{"line":107,"column":10},"end":{"line":110,"column":11}},"49":{"start":{"line":108,"column":12},"end":{"line":108,"column":32}},"50":{"start":{"line":109,"column":12},"end":{"line":109,"column":18}},"51":{"start":{"line":112,"column":10},"end":{"line":114,"column":13}},"52":{"start":{"line":117,"column":10},"end":{"line":120,"column":13}},"53":{"start":{"line":123,"column":10},"end":{"line":123,"column":30}},"54":{"start":{"line":124,"column":10},"end":{"line":124,"column":47}},"55":{"start":{"line":125,"column":10},"end":{"line":128,"column":13}},"56":{"start":{"line":132,"column":10},"end":{"line":132,"column":34}},"57":{"start":{"line":138,"column":0},"end":{"line":186,"column":2}},"58":{"start":{"line":140,"column":2},"end":{"line":185,"column":28}},"59":{"start":{"line":141,"column":4},"end":{"line":184,"column":5}},"60":{"start":{"line":142,"column":6},"end":{"line":183,"column":7}},"61":{"start":{"line":144,"column":10},"end":{"line":144,"column":29}},"62":{"start":{"line":145,"column":10},"end":{"line":145,"column":29}},"63":{"start":{"line":146,"column":10},"end":{"line":146,"column":75}},"64":{"start":{"line":149,"column":10},"end":{"line":149,"column":41}},"65":{"start":{"line":151,"column":10},"end":{"line":154,"column":11}},"66":{"start":{"line":152,"column":12},"end":{"line":152,"column":31}},"67":{"start":{"line":153,"column":12},"end":{"line":153,"column":18}},"68":{"start":{"line":156,"column":10},"end":{"line":159,"column":13}},"69":{"start":{"line":162,"column":10},"end":{"line":165,"column":12}},"70":{"start":{"line":166,"column":10},"end":{"line":166,"column":29}},"71":{"start":{"line":167,"column":10},"end":{"line":167,"column":76}},"72":{"start":{"line":170,"column":10},"end":{"line":170,"column":55}},"73":{"start":{"line":173,"column":10},"end":{"line":173,"column":30}},"74":{"start":{"line":174,"column":10},"end":{"line":174,"column":47}},"75":{"start":{"line":175,"column":10},"end":{"line":178,"column":13}},"76":{"start":{"line":182,"column":10},"end":{"line":182,"column":34}},"77":{"start":{"line":188,"column":0},"end":{"line":217,"column":2}},"78":{"start":{"line":190,"column":2},"end":{"line":216,"column":27}},"79":{"start":{"line":191,"column":4},"end":{"line":215,"column":5}},"80":{"start":{"line":192,"column":6},"end":{"line":214,"column":7}},"81":{"start":{"line":194,"column":10},"end":{"line":194,"column":29}},"82":{"start":{"line":195,"column":10},"end":{"line":199,"column":12}},"83":{"start":{"line":200,"column":10},"end":{"line":200,"column":29}},"84":{"start":{"line":201,"column":10},"end":{"line":201,"column":76}},"85":{"start":{"line":204,"column":10},"end":{"line":204,"column":55}},"86":{"start":{"line":207,"column":10},"end":{"line":207,"column":29}},"87":{"start":{"line":208,"column":10},"end":{"line":208,"column":47}},"88":{"start":{"line":209,"column":10},"end":{"line":209,"column":54}},"89":{"start":{"line":213,"column":10},"end":{"line":213,"column":34}},"90":{"start":{"line":219,"column":0},"end":{"line":264,"column":2}},"91":{"start":{"line":221,"column":2},"end":{"line":263,"column":28}},"92":{"start":{"line":222,"column":4},"end":{"line":262,"column":5}},"93":{"start":{"line":223,"column":6},"end":{"line":261,"column":7}},"94":{"start":{"line":225,"column":10},"end":{"line":225,"column":29}},"95":{"start":{"line":226,"column":10},"end":{"line":226,"column":29}},"96":{"start":{"line":227,"column":10},"end":{"line":227,"column":85}},"97":{"start":{"line":230,"column":10},"end":{"line":230,"column":36}},"98":{"start":{"line":232,"column":10},"end":{"line":235,"column":11}},"99":{"start":{"line":233,"column":12},"end":{"line":233,"column":31}},"100":{"start":{"line":234,"column":12},"end":{"line":234,"column":18}},"101":{"start":{"line":237,"column":10},"end":{"line":237,"column":54}},"102":{"start":{"line":240,"column":10},"end":{"line":243,"column":12}},"103":{"start":{"line":244,"column":10},"end":{"line":244,"column":29}},"104":{"start":{"line":245,"column":10},"end":{"line":245,"column":76}},"105":{"start":{"line":248,"column":10},"end":{"line":248,"column":55}},"106":{"start":{"line":251,"column":10},"end":{"line":251,"column":30}},"107":{"start":{"line":252,"column":10},"end":{"line":252,"column":47}},"108":{"start":{"line":253,"column":10},"end":{"line":256,"column":13}},"109":{"start":{"line":260,"column":10},"end":{"line":260,"column":34}},"110":{"start":{"line":266,"column":15},"end":{"line":266,"column":23}},"111":{"start":{"line":267,"column":0},"end":{"line":267,"column":30}}},"fnMap":{"0":{"name":"(anonymous_0)","decl":{"start":{"line":20,"column":23},"end":{"line":20,"column":24}},"loc":{"start":{"line":20,"column":51},"end":{"line":37,"column":1}},"line":20},"1":{"name":"(anonymous_1)","decl":{"start":{"line":21,"column":21},"end":{"line":21,"column":22}},"loc":{"start":{"line":21,"column":48},"end":{"line":36,"column":3}},"line":21},"2":{"name":"(anonymous_2)","decl":{"start":{"line":27,"column":37},"end":{"line":27,"column":38}},"loc":{"start":{"line":27,"column":57},"end":{"line":33,"column":5}},"line":27},"3":{"name":"(anonymous_3)","decl":{"start":{"line":33,"column":16},"end":{"line":33,"column":17}},"loc":{"start":{"line":33,"column":33},"end":{"line":35,"column":5}},"line":33},"4":{"name":"_callee","decl":{"start":{"line":39,"column":27},"end":{"line":39,"column":34}},"loc":{"start":{"line":39,"column":46},"end":{"line":70,"column":1}},"line":39},"5":{"name":"_callee$","decl":{"start":{"line":42,"column":48},"end":{"line":42,"column":56}},"loc":{"start":{"line":42,"column":67},"end":{"line":69,"column":3}},"line":42},"6":{"name":"_callee2","decl":{"start":{"line":72,"column":37},"end":{"line":72,"column":45}},"loc":{"start":{"line":72,"column":57},"end":{"line":136,"column":1}},"line":72},"7":{"name":"_callee2$","decl":{"start":{"line":74,"column":48},"end":{"line":74,"column":57}},"loc":{"start":{"line":74,"column":69},"end":{"line":135,"column":3}},"line":74},"8":{"name":"_callee3","decl":{"start":{"line":138,"column":25},"end":{"line":138,"column":33}},"loc":{"start":{"line":138,"column":55},"end":{"line":186,"column":1}},"line":138},"9":{"name":"_callee3$","decl":{"start":{"line":140,"column":48},"end":{"line":140,"column":57}},"loc":{"start":{"line":140,"column":69},"end":{"line":185,"column":3}},"line":140},"10":{"name":"_callee4","decl":{"start":{"line":188,"column":24},"end":{"line":188,"column":32}},"loc":{"start":{"line":188,"column":82},"end":{"line":217,"column":1}},"line":188},"11":{"name":"_callee4$","decl":{"start":{"line":190,"column":48},"end":{"line":190,"column":57}},"loc":{"start":{"line":190,"column":69},"end":{"line":216,"column":3}},"line":190},"12":{"name":"_callee5","decl":{"start":{"line":219,"column":34},"end":{"line":219,"column":42}},"loc":{"start":{"line":219,"column":54},"end":{"line":264,"column":1}},"line":219},"13":{"name":"_callee5$","decl":{"start":{"line":221,"column":48},"end":{"line":221,"column":57}},"loc":{"start":{"line":221,"column":69},"end":{"line":263,"column":3}},"line":221}},"branchMap":{"0":{"loc":{"start":{"line":28,"column":6},"end":{"line":30,"column":7}},"type":"if","locations":[{"start":{"line":28,"column":6},"end":{"line":30,"column":7}},{"start":{"line":28,"column":6},"end":{"line":30,"column":7}}],"line":28},"1":{"loc":{"start":{"line":28,"column":10},"end":{"line":28,"column":88}},"type":"binary-expr","locations":[{"start":{"line":28,"column":10},"end":{"line":28,"column":40}},{"start":{"line":28,"column":44},"end":{"line":28,"column":88}}],"line":28},"2":{"loc":{"start":{"line":44,"column":6},"end":{"line":67,"column":7}},"type":"switch","locations":[{"start":{"line":45,"column":8},"end":{"line":52,"column":76}},{"start":{"line":54,"column":8},"end":{"line":57,"column":120}},{"start":{"line":59,"column":8},"end":{"line":62,"column":50}},{"start":{"line":64,"column":8},"end":{"line":64,"column":16}},{"start":{"line":65,"column":8},"end":{"line":66,"column":33}}],"line":44},"3":{"loc":{"start":{"line":57,"column":43},"end":{"line":57,"column":118}},"type":"cond-expr","locations":[{"start":{"line":57,"column":106},"end":{"line":57,"column":110}},{"start":{"line":57,"column":113},"end":{"line":57,"column":118}}],"line":57},"4":{"loc":{"start":{"line":57,"column":43},"end":{"line":57,"column":103}},"type":"binary-expr","locations":[{"start":{"line":57,"column":43},"end":{"line":57,"column":64}},{"start":{"line":57,"column":68},"end":{"line":57,"column":103}}],"line":57},"5":{"loc":{"start":{"line":76,"column":6},"end":{"line":133,"column":7}},"type":"switch","locations":[{"start":{"line":77,"column":8},"end":{"line":80,"column":75}},{"start":{"line":82,"column":8},"end":{"line":93,"column":13}},{"start":{"line":95,"column":8},"end":{"line":101,"column":76}},{"start":{"line":103,"column":8},"end":{"line":114,"column":13}},{"start":{"line":116,"column":8},"end":{"line":120,"column":13}},{"start":{"line":122,"column":8},"end":{"line":128,"column":13}},{"start":{"line":130,"column":8},"end":{"line":130,"column":16}},{"start":{"line":131,"column":8},"end":{"line":132,"column":34}}],"line":76},"6":{"loc":{"start":{"line":85,"column":10},"end":{"line":88,"column":11}},"type":"if","locations":[{"start":{"line":85,"column":10},"end":{"line":88,"column":11}},{"start":{"line":85,"column":10},"end":{"line":88,"column":11}}],"line":85},"7":{"loc":{"start":{"line":107,"column":10},"end":{"line":110,"column":11}},"type":"if","locations":[{"start":{"line":107,"column":10},"end":{"line":110,"column":11}},{"start":{"line":107,"column":10},"end":{"line":110,"column":11}}],"line":107},"8":{"loc":{"start":{"line":107,"column":16},"end":{"line":107,"column":76}},"type":"binary-expr","locations":[{"start":{"line":107,"column":16},"end":{"line":107,"column":37}},{"start":{"line":107,"column":41},"end":{"line":107,"column":76}}],"line":107},"9":{"loc":{"start":{"line":142,"column":6},"end":{"line":183,"column":7}},"type":"switch","locations":[{"start":{"line":143,"column":8},"end":{"line":146,"column":75}},{"start":{"line":148,"column":8},"end":{"line":159,"column":13}},{"start":{"line":161,"column":8},"end":{"line":167,"column":76}},{"start":{"line":169,"column":8},"end":{"line":170,"column":55}},{"start":{"line":172,"column":8},"end":{"line":178,"column":13}},{"start":{"line":180,"column":8},"end":{"line":180,"column":16}},{"start":{"line":181,"column":8},"end":{"line":182,"column":34}}],"line":142},"10":{"loc":{"start":{"line":151,"column":10},"end":{"line":154,"column":11}},"type":"if","locations":[{"start":{"line":151,"column":10},"end":{"line":154,"column":11}},{"start":{"line":151,"column":10},"end":{"line":154,"column":11}}],"line":151},"11":{"loc":{"start":{"line":192,"column":6},"end":{"line":214,"column":7}},"type":"switch","locations":[{"start":{"line":193,"column":8},"end":{"line":201,"column":76}},{"start":{"line":203,"column":8},"end":{"line":204,"column":55}},{"start":{"line":206,"column":8},"end":{"line":209,"column":54}},{"start":{"line":211,"column":8},"end":{"line":211,"column":16}},{"start":{"line":212,"co
[...]
e":177,"column":7}},"line":175},"37":{"name":"(anonymous_37)","decl":{"start":{"line":180,"column":12},"end":{"line":180,"column":13}},"loc":{"start":{"line":180,"column":25},"end":{"line":184,"column":1}},"line":180}},"branchMap":{},"s":{"0":1,"1":1,"2":1,"3":1,"4":1,"5":1,"6":1,"7":1,"8":1,"9":1,"10":1,"11":1,"12":1,"13":1,"14":1,"15":1,"16":1,"17":1,"18":1,"19":1,"20":1,"21":1,"22":1,"23":1,"24":1,"25":1,"26":1,"27":1,"28":1,"29":1,"30":1,"31":1,"32":1,"33":1,"34":1,"35":1,"36":1,"37":1,"38":1,"39":1,"40":1,"41":1,"42":1,"43":1,"44":1,"45":1,"46":1,"47":1,"48":1,"49":1,"50":1,"51":1,"52":1,"53":1,"54":1,"55":1,"56":1,"57":1,"58":1,"59":0,"60":1,"61":1,"62":1,"63":1,"64":1,"65":1,"66":1,"67":1,"68":1,"69":1,"70":1,"71":1,"72":1,"73":1,"74":1,"75":1,"76":1,"77":1,"78":1,"79":1,"80":1,"81":1,"82":1,"83":1,"84":1,"85":1,"86":1,"87":1,"88":0,"89":0,"90":0},"f":{"0":1,"1":1,"2":1,"3":1,"4":1,"5":1,"6":1,"7":1,"8":1,"9":1,"10":1,"11":1,"12":1,"13":1,"14":1,"15":1,"16":1,"17":1,"18":1,"19":1,"20":1,"21":1,"22":1,"23":1,"24":0,"25":1,"26":1,"27":1,"28":1,"29":1,"30":1,"31":1,"32":1,"33":1,"34":1,"35":1,"36":1,"37":0},"b":{},"_coverageSchema":"43e27e138ebf9cfc5966b082cf9a028302ed4184","hash":"889573b9e0e9708ab314465527ac1adedb94631d","contentHash":"e73df1d1f029e8fee39bcfbdd721f181fa1db1cb9fcd5ff1a6743241974b29bb"},"E:\\de\\teamwork-fullstack-app\\teamwork-backend\\src\\test\\test-h--comment-artcle.js":{"path":"E:\\de\\teamwork-fullstack-app\\teamwork-backend\\src\\test\\test-h--comment-artcle.js","statementMap":{"0":{"start":{"line":3,"column":29},"end":{"line":3,"column":84}},"1":{"start":{"line":5,"column":12},"end":{"line":5,"column":51}},"2":{"start":{"line":7,"column":16},"end":{"line":7,"column":60}},"3":{"start":{"line":9,"column":0},"end":{"line":9,"column":32}},"4":{"start":{"line":11,"column":11},"end":{"line":11,"column":52}},"5":{"start":{"line":13,"column":24},"end":{"line":13,"column":88}},"6":{"start":{"line":15,"column":0},"end":{"line":15,"column":43}},"7":{"start":{"line":17,"column":13},"end":{"line":17,"column":36}},"8":{"start":{"line":19,"column":0},"end":{"line":115,"column":3}},"9":{"start":{"line":20,"column":16},"end":{"line":20,"column":18}},"10":{"start":{"line":21,"column":2},"end":{"line":21,"column":26}},"11":{"start":{"line":22,"column":2},"end":{"line":110,"column":5}},"12":{"start":{"line":23,"column":4},"end":{"line":81,"column":7}},"13":{"start":{"line":24,"column":24},"end":{"line":24,"column":26}},"14":{"start":{"line":25,"column":17},"end":{"line":25,"column":19}},"15":{"start":{"line":26,"column":20},"end":{"line":26,"column":3405}},"16":{"start":{"line":27,"column":6},"end":{"line":36,"column":9}},"17":{"start":{"line":29,"column":8},"end":{"line":35,"column":11}},"18":{"start":{"line":33,"column":10},"end":{"line":33,"column":48}},"19":{"start":{"line":34,"column":10},"end":{"line":34,"column":17}},"20":{"start":{"line":37,"column":6},"end":{"line":58,"column":9}},"21":{"start":{"line":38,"column":8},"end":{"line":51,"column":11}},"22":{"start":{"line":39,"column":10},"end":{"line":50,"column":13}},"23":{"start":{"line":47,"column":12},"end":{"line":47,"column":46}},"24":{"start":{"line":48,"column":12},"end":{"line":48,"column":38}},"25":{"start":{"line":49,"column":12},"end":{"line":49,"column":19}},"26":{"start":{"line":52,"column":8},"end":{"line":54,"column":11}},"27":{"start":{"line":53,"column":10},"end":{"line":53,"column":44}},"28":{"start":{"line":55,"column":8},"end":{"line":57,"column":11}},"29":{"start":{"line":56,"column":10},"end":{"line":56,"column":52}},"30":{"start":{"line":59,"column":6},"end":{"line":80,"column":9}},"31":{"start":{"line":60,"column":8},"end":{"line":73,"column":11}},"32":{"start":{"line":61,"column":10},"end":{"line":72,"column":13}},"33":{"start":{"line":69,"column":12},"end":{"line":69,"column":46}},"34":{"start":{"line":70,"column":12},"end":{"line":70,"column":38}},"35":{"start":{"line":71,"column":12},"end":{"line":71,"column":19}},"36":{"start":{"line":74,"column":8},"end":{"line":76,"column":11}},"37":{"start":{"line":75,"column":10},"end":{"line":75,"column":44}},"38":{"start":{"line":77,"column":8},"end":{"line":79,"column":11}},"39":{"start":{"line":78,"column":10},"end":{"line":78,"column":75}},"40":{"start":{"line":82,"column":4},"end":{"line":109,"column":7}},"41":{"start":{"line":83,"column":28},"end":{"line":87,"column":7}},"42":{"start":{"line":88,"column":17},"end":{"line":88,"column":19}},"43":{"start":{"line":89,"column":6},"end":{"line":102,"column":9}},"44":{"start":{"line":90,"column":8},"end":{"line":101,"column":11}},"45":{"start":{"line":98,"column":10},"end":{"line":98,"column":44}},"46":{"start":{"line":99,"column":10},"end":{"line":99,"column":36}},"47":{"start":{"line":100,"column":10},"end":{"line":100,"column":17}},"48":{"start":{"line":103,"column":6},"end":{"line":105,"column":9}},"49":{"start":{"line":104,"column":8},"end":{"line":104,"column":42}},"50":{"start":{"line":106,"column":6},"end":{"line":108,"column":9}},"51":{"start":{"line":107,"column":8},"end":{"line":107,"column":60}},"52":{"start":{"line":112,"column":2},"end":{"line":112,"column":99}},"53":{"start":{"line":113,"column":2},"end":{"line":113,"column":17}},"54":{"start":{"line":114,"column":2},"end":{"line":114,"column":101}}},"fnMap":{"0":{"name":"(anonymous_0)","decl":{"start":{"line":19,"column":50},"end":{"line":19,"column":51}},"loc":{"start":{"line":19,"column":70},"end":{"line":111,"column":1}},"line":19},"1":{"name":"(anonymous_1)","decl":{"start":{"line":22,"column":33},"end":{"line":22,"column":34}},"loc":{"start":{"line":22,"column":45},"end":{"line":110,"column":3}},"line":22},"2":{"name":"(anonymous_2)","decl":{"start":{"line":23,"column":35},"end":{"line":23,"column":36}},"loc":{"start":{"line":23,"column":47},"end":{"line":81,"column":5}},"line":23},"3":{"name":"(anonymous_3)","decl":{"start":{"line":27,"column":13},"end":{"line":27,"column":14}},"loc":{"start":{"line":27,"column":29},"end":{"line":36,"column":7}},"line":27},"4":{"name":"(anonymous_4)","decl":{"start":{"line":32,"column":15},"end":{"line":32,"column":16}},"loc":{"start":{"line":32,"column":42},"end":{"line":35,"column":9}},"line":32},"5":{"name":"(anonymous_5)","decl":{"start":{"line":37,"column":51},"end":{"line":37,"column":52}},"loc":{"start":{"line":37,"column":63},"end":{"line":58,"column":7}},"line":37},"6":{"name":"(anonymous_6)","decl":{"start":{"line":38,"column":15},"end":{"line":38,"column":16}},"loc":{"start":{"line":38,"column":31},"end":{"line":51,"column":9}},"line":38},"7":{"name":"(anonymous_7)","decl":{"start":{"line":46,"column":17},"end":{"line":46,"column":18}},"loc":{"start":{"line":46,"column":44},"end":{"line":50,"column":11}},"line":46},"8":{"name":"(anonymous_8)","decl":{"start":{"line":52,"column":44},"end":{"line":52,"column":45}},"loc":{"start":{"line":52,"column":56},"end":{"line":54,"column":9}},"line":52},"9":{"name":"(anonymous_9)","decl":{"start":{"line":55,"column":51},"end":{"line":55,"column":52}},"loc":{"start":{"line":55,"column":63},"end":{"line":57,"column":9}},"line":55},"10":{"name":"(anonymous_10)","decl":{"start":{"line":59,"column":46},"end":{"line":59,"column":47}},"loc":{"start":{"line":59,"column":58},"end":{"line":80,"column":7}},"line":59},"11":{"name":"(anonymous_11)","decl":{"start":{"line":60,"column":15},"end":{"line":60,"column":16}},"loc":{"start":{"line":60,"column":31},"end":{"line":73,"column":9}},"line":60},"12":{"name":"(anonymous_12)","decl":{"start":{"line":68,"column":17},"end":{"line":68,"column":18}},"loc":{"start":{"line":68,"column":44},"end":{"line":72,"column":11}},"line":68},"13":{"name":"(anonymous_13)","decl":{"start":{"line":74,"column":44},"end":{"line":74,"column":45}},"loc":{"start":{"line":74,"column":56},"end":{"line":76,"column":9}},"line":74},"14":{"name":"(anonymous_14)","decl":{"start":{"line":77,"column":51},"end":{"line":77,"column":52}},"loc":{"start":{"line":77,"column":63},"end":{"line":79,"column":9}},"line":77},"15":{"name":"(anonymous_15)","decl":{"start":{"line":82,"column":37},"end":{"line":82,"column":38}},"loc":{"start":{"line":82,"column":49},"end":{"line":109,"column":5}},"line":82},"16":{"name":"(anonymous_16)","decl":{"start":{"line":89,"column":13},"end":{"line":89,"column":14}},"loc":{"start":{"line":89,"column":29},"end":{"line":102,"column":7}},"line":89},"17":{"name":"(anonymous_17)","decl":{"start":{"line":97,"column":15},"end":{"line":97,"column":16}},"loc":{"start":{"line":97,"column":42},"end":{"line":101,"column":9}},"line":97},"18":{"name":"(anonymous_18)","decl":{"start":{"line":103,"column":42},"end":{"line":103,"column":43}},"loc":{"start":{"line":103,"column":54},"end":{"line":105,"column":7}},"line":103},"19":{"name":"(anonymous_19)","decl":{"start":{"line":106,"column":49},"end":{"line":106,"column":50}},"loc":{"start":{"line":106,"column":61},"end":{"line":108,"column":7}},"line":106},"20":{"name":"(anonymous_20)","decl":{"start":{"line":111,"column":12},"end":{"line":111,"column":13}},"loc":{"start":{"line":111,"column":25},"end":{"line":115,"column":1}},"line":111}},"branchMap":{},"s":{"0":1,"1":1,"2":1,"3":1,"4":1,"5":1,"6":1,"7":1,"8":1,"9":1,"10":1,"11":1,"12":1,"13":1,"14":1,"15":1,"16":1,"17":1,"18":1,"19":1,"20":1,"21":1,"22":1,"23":1,"24":1,"25":1,"26":1,"27":1,"28":1,"29":1,"30":1,"31":1,"32":1,"33":1,"34":1,"35":1,"36":1,"37":1,"38":1,"39":1,"40":1,"41":1,"42":1,"43":1,"44":1,"45":1,"46":1,"47":1,"48":1,"49":1,"50":1,"51":1,"52":0,"53":0,"54":0},"f":{"0":1,"1":1,"2":1,"3":1,"4":1,"5":1,"6":1,"7":1,"8":1,"9":1,"10":1,"11":1,"12":1,"13":1,"14":1,"15":1,"16":1,"17":1,"18":1,"19":1,"20":0},"b":{},"_coverageSchema":"43e27e138ebf9cfc5966b082cf9a028302ed4184","hash":"3967913cfdace3cccd6d54609400f9568d41c72b","contentHash":"9dfa30ef76d99812bb0ca4610d7dd3768f62d9577223a729b44742d1a3e3a8d1"},"E:\\de\\teamwork-fullstack-app\\teamwork-backend\\src\\test\\test-i--flag-comment.js":{"path":"E:\\de\\teamwork-fullstack-app\\teamwork-backend\\src\\test\\test-i--flag-comment.js","statementMap":{"0":{"start":{"line":3,"column":29},"end":{"line":3,"column":84}},"1":{"start":{"line":5,"column":12},"end":{"line":5,"column":51}},"2":{"start":{"line":7,"column":16},"end":{"line":7,"column":60}},"3":{"start":{"line":9,"column":0},"end":{"line":9,"column":32}},"4":{"start":{"line":11,"column":11},"end":{"line":11,"column":52}},"5":{"start":{"line":13,"column":24},"end":{"line":13,"column":88}},"6":{"start":{"line":15,"column":0},"end":{"line":15,"column":43}},"7":{"start":{"line":17,"column":13},"end":{"line":17,"column":36}},"8":{"start":{"line":19,"column":0},"end":{"line":128,"column":3}},"9":{"start":{"line":20,"column":2},"end":{"line":123,"column":5}},"10":{"start":{"line":21,"column":4},"end":{"line":96,"column":7}},"11":{"start":{"line":22,"column":34},"end":{"line":22,"column":36}},"12":{"start":{"line":23,"column":6},"end":{"line":32,"column":9}},"13":{"start":{"line":25,"column":8},"end":{"line":31,"column":11}},"14":{"start":{"line":29,"column":10},"end":{"line":29,"column":58}},"15":{"start":{"line":30,"column":10},"end":{"line":30,"column":17}},"16":{"start":{"line":33,"column":6},"end":{"line":53,"column":9}},"17":{"start":{"line":34,"column":19},"end":{"line":34,"column":21}},"18":{"start":{"line":35,"column":8},"end":{"line":46,"column":11}},"19":{"start":{"line":36,"column":10},"end":{"line":45,"column":13}},"20":{"start":{"line":42,"column":12},"end":{"line":42,"column":46}},"21":{"start":{"line":43,"column":12},"end":{"line":43,"column":38}},"22":{"start":{"line":44,"column":12},"end":{"line":44,"column":19}},"23":{"start":{"line":47,"column":8},"end":{"line":49,"column":11}},"24":{"start":{"line":48,"column":10},"end":{"line":48,"column":44}},"25":{"start":{"line":50,"column":8},"end":{"line":52,"column":11}},"26":{"start":{"line":51,"column":10},"end":{"line":51,"column":75}},"27":{"start":{"line":54,"column":6},"end":{"line":74,"column":9}},"28":{"start":{"line":55,"column":19},"end":{"line":55,"column":21}},"29":{"start":{"line":56,"column":8},"end":{"line":67,"column":11}},"30":{"start":{"line":57,"column":10},"end":{"line":66,"column":13}},"31":{"start":{"line":63,"column":12},"end":{"line":63,"column":46}},"32":{"start":{"line":64,"column":12},"end":{"line":64,"column":38}},"33":{"start":{"line":65,"column":12},"end":{"line":65,"column":19}},"34":{"start":{"line":68,"column":8},"end":{"line":70,"column":11}},"35":{"start":{"line":69,"column":10},"end":{"line":69,"column":44}},"36":{"start":{"line":71,"column":8},"end":{"line":73,"column":11}},"37":{"start":{"line":72,"column":10},"end":{"line":72,"column":52}},"38":{"start":{"line":75,"column":6},"end":{"line":95,"column":9}},"39":{"start":{"line":76,"column":19},"end":{"line":76,"column":21}},"40":{"start":{"line":77,"column":8},"end":{"line":88,"column":11}},"41":{"start":{"line":78,"column":10},"end":{"line":87,"column":13}},"42":{"start":{"line":84,"column":12},"end":{"line":84,"column":46}},"43":{"start":{"line":85,"column":12},"end":{"line":85,"column":38}},"44":{"start":{"line":86,"column":12},"end":{"line":86,"column":19}},"45":{"start":{"line":89,"column":8},"end":{"line":91,"column":11}},"46":{"start":{"line":90,"column":10},"end":{"line":90,"column":44}},"47":{"start":{"line":92,"column":8},"end":{"line":94,"column":11}},"48":{"start":{"line":93,"column":10},"end":{"line":93,"column":97}},"49":{"start":{"line":97,"column":4},"end":{"line":122,"column":7}},"50":{"start":{"line":98,"column":28},"end":{"line":102,"column":7}},"51":{"start":{"line":103,"column":17},"end":{"line":103,"column":19}},"52":{"start":{"line":104,"column":6},"end":{"line":115,"column":9}},"53":{"start":{"line":105,"column":8},"end":{"line":114,"column":11}},"54":{"start":{"line":111,"column":10},"end":{"line":111,"column":44}},"55":{"start":{"line":112,"column":10},"end":{"line":112,"column":36}},"56":{"start":{"line":113,"column":10},"end":{"line":113,"column":17}},"57":{"start":{"line":116,"column":6},"end":{"line":118,"column":9}},"58":{"start":{"line":117,"column":8},"end":{"line":117,"column":42}},"59":{"start":{"line":119,"column":6},"end":{"line":121,"column":9}},"60":{"start":{"line":120,"column":8},"end":{"line":120,"column":60}},"61":{"start":{"line":125,"column":2},"end":{"line":125,"column":106}},"62":{"start":{"line":126,"column":2},"end":{"line":126,"column":17}},"63":{"start":{"line":127,"column":2},"end":{"line":127,"column":108}}},"fnMap":{"0":{"name":"(anonymous_0)","decl":{"start":{"line":19,"column":53},"end":{"line":19,"column":54}},"loc":{"start":{"line":19,"column":74},"end":{"line":124,"column":1}},"line":19},"1":{"name":"(anonymous_1)","decl":{"start":{"line":20,"column":35},"end":{"line":20,"column":36}},"loc":{"start":{"line":20,"column":47},"end":{"line":123,"column":3}},"line":20},"2":{"name":"(anonymous_2)","decl":{"start":{"line":21,"column":35},"end":{"line":21,"column":36}},"loc":{"start":{"line":21,"column":47},"end":{"line":96,"column":5}},"line":21},"3":{"name":"(anonymous_3)","decl":{"start":{"line":23,"column":13},"end":{"line":23,"column":14}},"loc":{"start":{"line":23,"column":29},"end":{"line":32,"column":7}},"line":23},"4":{"name":"(anonymous_4)","decl":{"start":{"line":28,"column":15},"end":{"line":28,"column":16}},"loc":{"start":{"line":28,"column":42},"end":{"line":31,"column":9}},"line":28},"5":{"name":"(anonymous_5)","decl":{"start":{"line":33,"column":41},"end":{"line":33,"column":42}},"loc":{"start":{"line":33,"column":53},"end":{"line":53,"column":7}},"line":33},"6":{"name":"(anonymous_6)","decl":{"start":{"line":35,"column":15},"end":{"line":35,"column":16}},"loc":{"start":{"line":35,"column":31},"end":{"line":46,"column":9}},"line":35},"7":{"name":"(anonymous_7)","decl":{"start":{"line":41,"column":17},"end":{"line":41,"column":18}},"loc":{"start":{"line":41,"column":44},"end":{"line":45,"column":11}},"line":41},"8":{"name":"(anonymous_8)","decl":{"start":{"line":47,"column":44},"end":{"line":47,"column":45}},"loc":{"start":{"line":47,"column":56},"end":{"line":49,"column":9}},"line":47},"9":{"name":"(anonymous_9)","decl":{"start":{"line":50,"column":51},"end":{"line":50,"column":52}},"loc":{"start":{"line":50,"column":63},"end":{"line":52,"column":9}},"line":50},"10":{"name":"(anonymous_10)","decl":{"start":{"line":54,"column":50},"end":{"line":54,"column":51}},"loc":{"start":{"line":54,"column":62},"end":{"line":74,"column":7}},"line":54},"11":{"name":"(anonymous_11)","decl":{"start":{"line":56,"column":15},"end":{"line":56,"column":16}},"loc":{"start":{"line":56,"column":31},"end":{"line":67,"column":9}},"line":56},"12":{"name":"(anonymous_12)","decl":{"start":{"line":62,"column":17},"end":{"line":62,"column":18}},"loc":{"start":{"line":62,"column":44},"end":{"line":66,"column":11}},"line":62},"13":{"name":"(anonymous_13)","decl":{"start":{"line":68,"column":44},"end":{"line":68,"column":45}},"loc":{"start":{"line":68,"column":56},"end":{"line":70,"column":9}},"line":68},"14":{"name":"(anonymous_14)","decl":{"start":{"line":71,"column":51},"end":{"line":71,"column":52}},"loc":{"start":{"line":71,"column":63},"end":{"line":73,"column":9}},"line":71},"15":{"name":"(anonymous_15)","decl":{"start":{"line":75,"column":33},"end":{"line":75,"column":34}},"loc":{"start":{"line":75,"column":45},"end":{"line":95,"column":7}},"line":75},"16":{"name":"(anonymous_16)","decl":{"start":{"line":77,"column":15},"end":{"line":77,"column":16}},"loc":{"start":{"line":77,"column":31},"end":{"line":88,"column":9}},"line":77},"17":{"name":"(anonymous_17)","decl":{"start":{"line":83,"column":17},"end":{"line":83,"column":18}},"loc":{"start":{"line":83,"column":44},"end":{"line":87,"column":11}},"line":83},"18":{"name":"(anonymous_18)","decl":{"start":{"line":89,"column":44},"end":{"line":89,"column":45}},"loc":{"start":{"line":89,"column":56},"end":{"line":91,"column":9}},"line":89},"19":{"name":"(anonymous_19)","decl":{"start":{"line":92,"column":53},"end":{"line":92,"column":54}},"loc":{"start":{"line":92,"column":65},"end":{"line":94,"column":9}},"line":92},"20":{"name":"(anonymous_20)","decl":{"start":{"line":97,"column":37},"end":{"line":97,"column":38}},"loc":{"start":{"line":97,"column":49},"end":{"line":122,"column":5}},"line":97},"21":{"name":"(anonymous_21)","decl":{"start":{"line":104,"column":13},"end":{"line":104,"column":14}},"loc":{"start":{"line":104,"column":29},"end":{"line":115,"column":7}},"line":104},"22":{"name":"(anonymous_22)","decl":{"start":{"line":110,"column":15},"end":{"line":110,"column":16}},"loc":{"start":{"line":110,"column":42},"end":{"line":114,"column":9}},"line":110},"23":{"name":"(anonymous_23)","decl":{"start":{"line":116,"column":42},"end":{"line":116,"column":43}},"loc":{"start":{"line":116,"column":54},"end":{"line":118,"column":7}},"line":116},"24":{"name":"(anonymous_24)","decl":{"start":{"line":119,"column":49},"end":{"line":119,"column":50}},"loc":{"start":{"line":119,"column":61},"end":{"line":121,"column":7}},"line":119},"25":{"name":"(anonymous_25)","decl":{"start":{"line":124,"column":12},"end":{"line":124,"column":13}},"loc":{"start":{"line":124,"column":25},"end":{"line":128,"column":1}},"line":124}},"branchMap":{},"s":{"0":1,"1":1,"2":1,"3":1,"4":1,"5":1,"6":1,"7":1,"8":1,"9":1,"10":1,"11":1,"12":1,"13":1,"14":1,"15":1,"16":1,"17":1,"18":1,"19":1,"20":1,"21":1,"22":1,"23":1,"24":1,"25":1,"26":1,"27":1,"28":1,"29":1,"30":1,"31":1,"32":1,"33":1,"34":1,"35":1,"36":1,"37":1,"38":1,"39":1,"40":1,"41":1,"42":1,"43":1,"44":1,"45":1,"46":1,"47":1,"48":1,"49":1,"50":1,"51":1,"52":1,"53":1,"54":1,"55":1,"56":1,"57":1,"58":1,"59":1,"60":1,"61":0,"62":0,"63":0},"f":{"0":1,"1":1,"2":1,"3":1,"4":1,"5":1,"6":1,"7":1,"8":1,"9":1,"10":1,"11":1,"12":1,"13":1,"14":1,"15":1,"16":1,"17":1,"18":1,"19":1,"20":1,"21":1,"22":1,"23":1,"24":1,"25":0},"b":{},"_coverageSchema":"43e27e138ebf9cfc5966b082cf9a028302ed4184","hash":"cca69d6f386c821d3a62949e6152cc264e0cc774","contentHash":"2720d6846a84f8c2b7c59a4fd95b511ac48fb494af11a482f592ee9971b7c418"}}