{"E:\\de\\teamwork\\teamwork-backend\\src\\test\\test-a--create-article.js":{"path":"E:\\de\\teamwork\\teamwork-backend\\src\\test\\test-a--create-article.js","statementMap":{"0":{"start":{"line":3,"column":29},"end":{"line":3,"column":84}},"1":{"start":{"line":5,"column":12},"end":{"line":5,"column":51}},"2":{"start":{"line":7,"column":16},"end":{"line":7,"column":60}},"3":{"start":{"line":9,"column":0},"end":{"line":9,"column":32}},"4":{"start":{"line":11,"column":11},"end":{"line":11,"column":52}},"5":{"start":{"line":13,"column":0},"end":{"line":13,"column":43}},"6":{"start":{"line":15,"column":13},"end":{"line":15,"column":36}},"7":{"start":{"line":16,"column":19},"end":{"line":16,"column":3404}},"8":{"start":{"line":17,"column":0},"end":{"line":151,"column":3}},"9":{"start":{"line":18,"column":2},"end":{"line":121,"column":5}},"10":{"start":{"line":19,"column":23},"end":{"line":19,"column":25}},"11":{"start":{"line":20,"column":4},"end":{"line":28,"column":7}},"12":{"start":{"line":21,"column":6},"end":{"line":27,"column":9}},"13":{"start":{"line":25,"column":8},"end":{"line":25,"column":47}},"14":{"start":{"line":26,"column":8},"end":{"line":26,"column":15}},"15":{"start":{"line":29,"column":4},"end":{"line":51,"column":7}},"16":{"start":{"line":30,"column":17},"end":{"line":30,"column":19}},"17":{"start":{"line":31,"column":6},"end":{"line":44,"column":9}},"18":{"start":{"line":32,"column":8},"end":{"line":43,"column":11}},"19":{"start":{"line":40,"column":10},"end":{"line":40,"column":44}},"20":{"start":{"line":41,"column":10},"end":{"line":41,"column":36}},"21":{"start":{"line":42,"column":10},"end":{"line":42,"column":17}},"22":{"start":{"line":45,"column":6},"end":{"line":47,"column":9}},"23":{"start":{"line":46,"column":8},"end":{"line":46,"column":42}},"24":{"start":{"line":48,"column":6},"end":{"line":50,"column":9}},"25":{"start":{"line":49,"column":8},"end":{"line":49,"column":50}},"26":{"start":{"line":52,"column":4},"end":{"line":74,"column":7}},"27":{"start":{"line":53,"column":17},"end":{"line":53,"column":19}},"28":{"start":{"line":54,"column":6},"end":{"line":67,"column":9}},"29":{"start":{"line":55,"column":8},"end":{"line":66,"column":11}},"30":{"start":{"line":63,"column":10},"end":{"line":63,"column":44}},"31":{"start":{"line":64,"column":10},"end":{"line":64,"column":36}},"32":{"start":{"line":65,"column":10},"end":{"line":65,"column":17}},"33":{"start":{"line":68,"column":6},"end":{"line":70,"column":9}},"34":{"start":{"line":69,"column":8},"end":{"line":69,"column":42}},"35":{"start":{"line":71,"column":6},"end":{"line":73,"column":9}},"36":{"start":{"line":72,"column":8},"end":{"line":72,"column":50}},"37":{"start":{"line":75,"column":4},"end":{"line":97,"column":7}},"38":{"start":{"line":76,"column":17},"end":{"line":76,"column":19}},"39":{"start":{"line":77,"column":6},"end":{"line":90,"column":9}},"40":{"start":{"line":78,"column":8},"end":{"line":89,"column":11}},"41":{"start":{"line":86,"column":10},"end":{"line":86,"column":44}},"42":{"start":{"line":87,"column":10},"end":{"line":87,"column":36}},"43":{"start":{"line":88,"column":10},"end":{"line":88,"column":17}},"44":{"start":{"line":91,"column":6},"end":{"line":93,"column":9}},"45":{"start":{"line":92,"column":8},"end":{"line":92,"column":42}},"46":{"start":{"line":94,"column":6},"end":{"line":96,"column":9}},"47":{"start":{"line":95,"column":8},"end":{"line":95,"column":77}},"48":{"start":{"line":98,"column":4},"end":{"line":120,"column":7}},"49":{"start":{"line":99,"column":17},"end":{"line":99,"column":19}},"50":{"start":{"line":100,"column":6},"end":{"line":113,"column":9}},"51":{"start":{"line":101,"column":8},"end":{"line":112,"column":11}},"52":{"start":{"line":109,"column":10},"end":{"line":109,"column":44}},"53":{"start":{"line":110,"column":10},"end":{"line":110,"column":36}},"54":{"start":{"line":111,"column":10},"end":{"line":111,"column":17}},"55":{"start":{"line":114,"column":6},"end":{"line":116,"column":9}},"56":{"start":{"line":115,"column":8},"end":{"line":115,"column":42}},"57":{"start":{"line":117,"column":6},"end":{"line":119,"column":9}},"58":{"start":{"line":118,"column":8},"end":{"line":118,"column":50}},"59":{"start":{"line":122,"column":2},"end":{"line":150,"column":5}},"60":{"start":{"line":123,"column":26},"end":{"line":127,"column":5}},"61":{"start":{"line":128,"column":15},"end":{"line":128,"column":17}},"62":{"start":{"line":129,"column":4},"end":{"line":143,"column":7}},"63":{"start":{"line":130,"column":6},"end":{"line":142,"column":9}},"64":{"start":{"line":139,"column":8},"end":{"line":139,"column":42}},"65":{"start":{"line":140,"column":8},"end":{"line":140,"column":34}},"66":{"start":{"line":141,"column":8},"end":{"line":141,"column":15}},"67":{"start":{"line":144,"column":4},"end":{"line":146,"column":7}},"68":{"start":{"line":145,"column":6},"end":{"line":145,"column":40}},"69":{"start":{"line":147,"column":4},"end":{"line":149,"column":7}},"70":{"start":{"line":148,"column":6},"end":{"line":148,"column":58}}},"fnMap":{"0":{"name":"(anonymous_0)","decl":{"start":{"line":17,"column":27},"end":{"line":17,"column":28}},"loc":{"start":{"line":17,"column":39},"end":{"line":151,"column":1}},"line":17},"1":{"name":"(anonymous_1)","decl":{"start":{"line":18,"column":33},"end":{"line":18,"column":34}},"loc":{"start":{"line":18,"column":45},"end":{"line":121,"column":3}},"line":18},"2":{"name":"(anonymous_2)","decl":{"start":{"line":20,"column":11},"end":{"line":20,"column":12}},"loc":{"start":{"line":20,"column":27},"end":{"line":28,"column":5}},"line":20},"3":{"name":"(anonymous_3)","decl":{"start":{"line":24,"column":13},"end":{"line":24,"column":14}},"loc":{"start":{"line":24,"column":40},"end":{"line":27,"column":7}},"line":24},"4":{"name":"(anonymous_4)","decl":{"start":{"line":29,"column":45},"end":{"line":29,"column":46}},"loc":{"start":{"line":29,"column":57},"end":{"line":51,"column":5}},"line":29},"5":{"name":"(anonymous_5)","decl":{"start":{"line":31,"column":13},"end":{"line":31,"column":14}},"loc":{"start":{"line":31,"column":29},"end":{"line":44,"column":7}},"line":31},"6":{"name":"(anonymous_6)","decl":{"start":{"line":39,"column":15},"end":{"line":39,"column":16}},"loc":{"start":{"line":39,"column":42},"end":{"line":43,"column":9}},"line":39},"7":{"name":"(anonymous_7)","decl":{"start":{"line":45,"column":42},"end":{"line":45,"column":43}},"loc":{"start":{"line":45,"column":54},"end":{"line":47,"column":7}},"line":45},"8":{"name":"(anonymous_8)","decl":{"start":{"line":48,"column":42},"end":{"line":48,"column":43}},"loc":{"start":{"line":48,"column":54},"end":{"line":50,"column":7}},"line":48},"9":{"name":"(anonymous_9)","decl":{"start":{"line":52,"column":39},"end":{"line":52,"column":40}},"loc":{"start":{"line":52,"column":51},"end":{"line":74,"column":5}},"line":52},"10":{"name":"(anonymous_10)","decl":{"start":{"line":54,"column":13},"end":{"line":54,"column":14}},"loc":{"start":{"line":54,"column":29},"end":{"line":67,"column":7}},"line":54},"11":{"name":"(anonymous_11)","decl":{"start":{"line":62,"column":15},"end":{"line":62,"column":16}},"loc":{"start":{"line":62,"column":42},"end":{"line":66,"column":9}},"line":62},"12":{"name":"(anonymous_12)","decl":{"start":{"line":68,"column":42},"end":{"line":68,"column":43}},"loc":{"start":{"line":68,"column":54},"end":{"line":70,"column":7}},"line":68},"13":{"name":"(anonymous_13)","decl":{"start":{"line":71,"column":41},"end":{"line":71,"column":42}},"loc":{"start":{"line":71,"column":53},"end":{"line":73,"column":7}},"line":71},"14":{"name":"(anonymous_14)","decl":{"start":{"line":75,"column":54},"end":{"line":75,"column":55}},"loc":{"start":{"line":75,"column":66},"end":{"line":97,"column":5}},"line":75},"15":{"name":"(anonymous_15)","decl":{"start":{"line":77,"column":13},"end":{"line":77,"column":14}},"loc":{"start":{"line":77,"column":29},"end":{"line":90,"column":7}},"line":77},"16":{"name":"(anonymous_16)","decl":{"start":{"line":85,"column":15},"end":{"line":85,"column":16}},"loc":{"start":{"line":85,"column":42},"end":{"line":89,"column":9}},"line":85},"17":{"name":"(anonymous_17)","decl":{"start":{"line":91,"column":42},"end":{"line":91,"column":43}},"loc":{"start":{"line":91,"column":54},"end":{"line":93,"column":7}},"line":91},"18":{"name":"(anonymous_18)","decl":{"start":{"line":94,"column":51},"end":{"line":94,"column":52}},"loc":{"start":{"line":94,"column":63},"end":{"line":96,"column":7}},"line":94},"19":{"name":"(anonymous_19)","decl":{"start":{"line":98,"column":45},"end":{"line":98,"column":46}},"loc":{"start":{"line":98,"column":57},"end":{"line":120,"column":5}},"line":98},"20":{"name":"(anonymous_20)","decl":{"start":{"line":100,"column":13},"end":{"line":100,"column":14}},"loc":{"start":{"line":100,"column":29},"end":{"line":113,"column":7}},"line":100},"21":{"name":"(anonymous_21)","decl":{"start":{"line":108,"column":15},"end":{"line":108,"column":16}},"loc":{"start":{"line":108,"column":42},"end":{"line":112,"column":9}},"line":108},"22":{"name":"(anonymous_22)","decl":{"start":{"line":114,"column":42},"end":{"line":114,"column":43}},"loc":{"start":{"line":114,"column":54},"end":{"line":116,"column":7}},"line":114},"23":{"name":"(anonymous_23)","decl":{"start":{"line":117,"column":41},"end":{"line":117,"column":42}},"loc":{"start":{"line":117,"column":53},"end":{"line":119,"column":7}},"line":117},"24":{"name":"(anonymous_24)","decl":{"start":{"line":122,"column":35},"end":{"line":122,"column":36}},"loc":{"start":{"line":122,"column":47},"end":{"line":150,"column":3}},"line":122},"25":{"name":"(anonymous_25)","decl":{"start":{"line":129,"column":11},"end":{"line":129,"column":12}},"loc":{"start":{"line":129,"column":27},"end":{"line":143,"column":5}},"line":129},"26":{"name":"(anonymous_26)","decl":{"start":{"line":138,"column":13},"end":{"line":138,"column":14}},"loc":{"start":{"line":138,"column":40},"end":{"line":142,"column":7}},"line":138},"27":{"name":"(anonymous_27)","decl":{"start":{"line":144,"column":40},"end":{"line":144,"column":41}},"loc":{"start":{"line":144,"column":52},"end":{"line":146,"column":5}},"line":144},"28":{"name":"(anonymous_28)","decl":{"start":{"line":147,"column":47},"end":{"line":147,"column":48}},"loc":{"start":{"line":147,"column":59},"end":{"line":149,"column":5}},"line":147}},"branchMap":{},"s":{"0":1,"1":1,"2":1,"3":1,"4":1,"5":1,"6":1,"7":1,"8":1,"9":1,"10":1,"11":1,"12":1,"13":1,"14":1,"15":1,"16":1,"17":1,"18":1,"19":1,"20":1,"21":1,"22":1,"23":1,"24":1,"25":1,"26":1,"27":1,"28":1,"29":1,"30":1,"31":1,"32":1,"33":1,"34":1,"35":1,"36":1,"37":1,"38":1,"39":1,"40":1,"41":1,"42":1,"43":1,"44":1,"45":1,"46":1,"47":1,"48":1,"49":1,"50":1,"51":1,"52":1,"53":1,"54":1,"55":1,"56":1,"57":1,"58":1,"59":1,"60":1,"61":1,"62":1,"63":1,"64":1,"65":1,"66":1,"67":1,"68":1,"69":1,"70":1},"f":{"0":1,"1":1,"2":1,"3":1,"4":1,"5":1,"6":1,"7":1,"8":1,"9":1,"10":1,"11":1,"12":1,"13":1,"14":1,"15":1,"16":1,"17":1,"18":1,"19":1,"20":1,"21":1,"22":1,"23":1,"24":1,"25":1,"26":1,"27":1,"28":1},"b":{},"_coverageSchema":"43e27e138ebf9cfc5966b082cf9a028302ed4184","hash":"1560acfb5c7a90b0967775f708cec75836111097","contentHash":"aa7f2fdc57234d31b6c0935b94dc7bba945f325bccec81f8f3758c231afd7b53"},"E:\\de\\teamwork\\teamwork-backend\\src\\app.js":{"path":"E:\\de\\teamwork\\teamwork-backend\\src\\app.js","statementMap":{"0":{"start":{"line":3,"column":29},"end":{"line":3,"column":84}},"1":{"start":{"line":5,"column":0},"end":{"line":7,"column":3}},"2":{"start":{"line":8,"column":0},"end":{"line":8,"column":28}},"3":{"start":{"line":10,"column":15},"end":{"line":10,"column":57}},"4":{"start":{"line":12,"column":18},"end":{"line":12,"column":40}},"5":{"start":{"line":14,"column":12},"end":{"line":14,"column":60}},"6":{"start":{"line":16,"column":16},"end":{"line":16,"column":68}},"7":{"start":{"line":18,"column":11},"end":{"line":18,"column":58}},"8":{"start":{"line":20,"column":13},"end":{"line":20,"column":62}},"9":{"start":{"line":22,"column":18},"end":{"line":22,"column":72}},"10":{"start":{"line":24,"column":10},"end":{"line":24,"column":36}},"11":{"start":{"line":25,"column":0},"end":{"line":30,"column":3}},"12":{"start":{"line":26,"column":2},"end":{"line":26,"column":52}},"13":{"start":{"line":27,"column":2},"end":{"line":27,"column":122}},"14":{"start":{"line":28,"column":2},"end":{"line":28,"column":90}},"15":{"start":{"line":29,"column":2},"end":{"line":29,"column":9}},"16":{"start":{"line":31,"column":0},"end":{"line":31,"column":33}},"17":{"start":{"line":32,"column":0},"end":{"line":34,"column":4}},"18":{"start":{"line":35,"column":0},"end":{"line":35,"column":82}},"19":{"start":{"line":36,"column":0},"end":{"line":36,"column":42}},"20":{"start":{"line":37,"column":0},"end":{"line":37,"column":50}},"21":{"start":{"line":38,"column":0},"end":{"line":38,"column":43}},"22":{"start":{"line":39,"column":15},"end":{"line":39,"column":18}},"23":{"start":{"line":40,"column":0},"end":{"line":40,"column":30}}},"fnMap":{"0":{"name":"(anonymous_0)","decl":{"start":{"line":25,"column":8},"end":{"line":25,"column":9}},"loc":{"start":{"line":25,"column":34},"end":{"line":30,"column":1}},"line":25}},"branchMap":{},"s":{"0":1,"1":1,"2":1,"3":1,"4":1,"5":1,"6":1,"7":1,"8":1,"9":1,"10":1,"11":1,"12":81,"13":81,"14":81,"15":81,"16":1,"17":1,"18":1,"19":1,"20":1,"21":1,"22":1,"23":1},"f":{"0":81},"b":{},"_coverageSchema":"43e27e138ebf9cfc5966b082cf9a028302ed4184","hash":"2e86f0ebb5ef4320b85cdb2df16434635ded7434","contentHash":"d60b917d657818b00f5d3cc06a91372e6939349363a073dddbd92fdd54fe8fda"},"E:\\de\\teamwork\\teamwork-backend\\src\\routes\\auth.js":{"path":"E:\\de\\teamwork\\teamwork-backend\\src\\routes\\auth.js","statementMap":{"0":{"start":{"line":3,"column":29},"end":{"line":3,"column":84}},"1":{"start":{"line":5,"column":0},"end":{"line":7,"column":3}},"2":{"start":{"line":8,"column":0},"end":{"line":8,"column":28}},"3":{"start":{"line":10,"column":15},"end":{"line":10,"column":57}},"4":{"start":{"line":12,"column":22},"end":{"line":12,"column":86}},"5":{"start":{"line":14,"column":12},"end":{"line":14,"column":65}},"6":{"start":{"line":16,"column":13},"end":{"line":16,"column":67}},"7":{"start":{"line":18,"column":23},"end":{"line":18,"column":86}},"8":{"start":{"line":20,"column":13},"end":{"line":20,"column":41}},"9":{"start":{"line":34,"column":0},"end":{"line":34,"column":84}},"10":{"start":{"line":54,"column":0},"end":{"line":54,"column":154}},"11":{"start":{"line":55,"column":15},"end":{"line":55,"column":21}},"12":{"start":{"line":56,"column":0},"end":{"line":56,"column":30}}},"fnMap":{},"branchMap":{},"s":{"0":1,"1":1,"2":1,"3":1,"4":1,"5":1,"6":1,"7":1,"8":1,"9":1,"10":1,"11":1,"12":1},"f":{},"b":{},"_coverageSchema":"43e27e138ebf9cfc5966b082cf9a028302ed4184","hash":"6c4bec3460efd44d6e5a49f7a9105ce1635b0ab0","contentHash":"7fb1ceba6c14df5d7a239c47d4bd3826ea2364a1bd389e03608312efcd252247"},"E:\\de\\teamwork\\teamwork-backend\\src\\middleware\\input-validator.js":{"path":"E:\\de\\teamwork\\teamwork-backend\\src\\middleware\\input-validator.js","statementMap":{"0":{"start":{"line":3,"column":0},"end":{"line":5,"column":3}},"1":{"start":{"line":6,"column":0},"end":{"line":6,"column":28}},"2":{"start":{"line":8,"column":24},"end":{"line":8,"column":52}},"3":{"start":{"line":10,"column":21},"end":{"line":10,"column":23}},"4":{"start":{"line":11,"column":0},"end":{"line":11,"column":246}},"5":{"start":{"line":12,"column":0},"end":{"line":28,"column":648}},"6":{"start":{"line":29,"column":0},"end":{"line":33,"column":253}},"7":{"start":{"line":34,"column":0},"end":{"line":36,"column":129}},"8":{"start":{"line":37,"column":0},"end":{"line":39,"column":195}},"9":{"start":{"line":40,"column":0},"end":{"line":42,"column":190}},"10":{"start":{"line":43,"column":0},"end":{"line":45,"column":190}},"11":{"start":{"line":46,"column":0},"end":{"line":50,"column":378}},"12":{"start":{"line":51,"column":0},"end":{"line":53,"column":188}},"13":{"start":{"line":54,"column":0},"end":{"line":56,"column":134}},"14":{"start":{"line":57,"column":0},"end":{"line":57,"column":283}},"15":{"start":{"line":58,"column":0},"end":{"line":58,"column":90}},"16":{"start":{"line":59,"column":15},"end":{"line":59,"column":29}},"17":{"start":{"line":60,"column":0},"end":{"line":60,"column":30}}},"fnMap":{},"branchMap":{},"s":{"0":1,"1":1,"2":1,"3":1,"4":1,"5":1,"6":1,"7":1,"8":1,"9":1,"10":1,"11":1,"12":1,"13":1,"14":1,"15":1,"16":1,"17":1},"f":{},"b":{},"_coverageSchema":"43e27e138ebf9cfc5966b082cf9a028302ed4184","hash":"74d48dc29bafd84c10085e2970dff4b84f2e5504","contentHash":"c7bc21d49e38cecebc8b96b702cdd6a64984a842d0b63e96322482fb91bde844"},"E:\\de\\teamwork\\teamwork-backend\\src\\middleware\\auth.js":{"path":"E:\\de\\teamwork\\teamwork-backend\\src\\middleware\\auth.js","statementMap":{"0":{"start":{"line":3,"column":29},"end":{"line":3,"column":84}},"1":{"start":{"line":5,"column":0},"end":{"line":7,"column":3}},"2":{"start":{"line":8,"column":0},"end":{"line":8,"column":28}},"3":{"start":{"line":10,"column":20},"end":{"line":10,"column":67}},"4":{"start":{"line":12,"column":23},"end":{"line":12,"column":86}},"5":{"start":{"line":14,"column":11},"end":{"line":14,"column":13}},"6":{"start":{"line":15,"column":18},"end":{"line":15,"column":81}},"7":{"start":{"line":17,"column":0},"end":{"line":39,"column":2}},"8":{"start":{"line":18,"column":2},"end":{"line":36,"column":3}},"9":{"start":{"line":19,"column":16},"end":{"line":19,"column":55}},"10":{"start":{"line":21,"column":23},"end":{"line":21,"column":74}},"11":{"start":{"line":23,"column":4},"end":{"line":33,"column":5}},"12":{"start":{"line":24,"column":19},"end":{"line":24,"column":38}},"13":{"start":{"line":26,"column":6},"end":{"line":30,"column":7}},"14":{"start":{"line":27,"column":8},"end":{"line":27,"column":43}},"15":{"start":{"line":29,"column":8},"end":{"line":29,"column":15}},"16":{"start":{"line":32,"column":6},"end":{"line":32,"column":68}},"17":{"start":{"line":35,"column":4},"end":{"line":35,"column":79}},"18":{"start":{"line":38,"column":2},"end":{"line":38,"column":15}},"19":{"start":{"line":41,"column":0},"end":{"line":68,"column":2}},"20":{"start":{"line":42,"column":2},"end":{"line":65,"column":3}},"21":{"start":{"line":43,"column":16},"end":{"line":43,"column":55}},"22":{"start":{"line":45,"column":23},"end":{"line":45,"column":74}},"23":{"start":{"line":47,"column":17},"end":{"line":47,"column":36}},"24":{"start":{"line":48,"column":18},"end":{"line":48,"column":38}},"25":{"start":{"line":50,"column":4},"end":{"line":62,"column":5}},"26":{"start":{"line":51,"column":6},"end":{"line":53,"column":7}},"27":{"start":{"line":52,"column":8},"end":{"line":52,"column":43}},"28":{"start":{"line":55,"column":6},"end":{"line":59,"column":7}},"29":{"start":{"line":56,"column":8},"end":{"line":56,"column":59}},"30":{"start":{"line":58,"column":8},"end":{"line":58,"column":15}},"31":{"start":{"line":61,"column":6},"end":{"line":61,"column":68}},"32":{"start":{"line":64,"column":4},"end":{"line":64,"column":79}},"33":{"start":{"line":67,"column":2},"end":{"line":67,"column":15}},"34":{"start":{"line":70,"column":0},"end":{"line":92,"column":2}},"35":{"start":{"line":71,"column":2},"end":{"line":89,"column":3}},"36":{"start":{"line":72,"column":16},"end":{"line":72,"column":55}},"37":{"start":{"line":74,"column":23},"end":{"line":74,"column":74}},"38":{"start":{"line":76,"column":17},"end":{"line":76,"column":36}},"39":{"start":{"line":78,"column":4},"end":{"line":86,"column":5}},"40":{"start":{"line":79,"column":6},"end":{"line":83,"column":7}},"41":{"start":{"line":80,"column":8},"end":{"line":80,"column":113}},"42":{"start":{"line":82,"column":8},"end":{"line":82,"column":15}},"43":{"start":{"line":85,"column":6},"end":{"line":85,"column":68}},"44":{"start":{"line":88,"column":4},"end":{"line":88,"column":79}},"45":{"start":{"line":91,"column":2},"end":{"line":91,"column":15}},"46":{"start":{"line":94,"column":15},"end":{"line":94,"column":19}},"47":{"start":{"line":95,"column":0},"end":{"line":95,"column":30}}},"fnMap":{"0":{"name":"(anonymous_0)","decl":{"start":{"line":17,"column":16},"end":{"line":17,"column":17}},"loc":{"start":{"line":17,"column":42},"end":{"line":39,"column":1}},"line":17},"1":{"name":"(anonymous_1)","decl":{"start":{"line":41,"column":17},"end":{"line":41,"column":18}},"loc":{"start":{"line":41,"column":43},"end":{"line":68,"column":1}},"line":41},"2":{"name":"(anonymous_2)","decl":{"start":{"line":70,"column":29},"end":{"line":70,"column":30}},"loc":{"start":{"line":70,"column":55},"end":{"line":92,"column":1}},"line":70}},"branchMap":{"0":{"loc":{"start":{"line":26,"column":6},"end":{"line":30,"column":7}},"type":"if","locations":[{"start":{"line":26,"column":6},"end":{"line":30,"column":7}},{"start":{"line":26,"column":6},"end":{"line":30,"column":7}}],"line":26},"1":{"loc":{"start":{"line":26,"column":10},"end":{"line":26,"column":61}},"type":"binary-expr","locations":[{"start":{"line":26,"column":10},"end":{"line":26,"column":28}},{"start":{"line":26,"column":32},"end":{"line":26,"column":61}}],"line":26},"2":{"loc":{"start":{"line":51,"column":6},"end":{"line":53,"column":7}},"type":"if","locations":[{"start":{"line":51,"column":6},"end":{"line":53,"column":7}},{"start":{"line":51,"column":6},"end":{"line":53,"column":7}}],"line":51},"3":{"loc":{"start":{"line":51,"column":10},"end":{"line":51,"column":61}},"type":"binary-expr","locations":[{"start":{"line":51,"column":10},"end":{"line":51,"column":28}},{"start":{"line":51,"column":32},"end":{"line":51,"column":61}}],"line":51},"4":{"loc":{"start":{"line":55,"column":6},"end":{"line":59,"column":7}},"type":"if","locations":[{"start":{"line":55,"column":6},"end":{"line":59,"column":7}},{"start":{"line":55,"column":6},"end":{"line":59,"column":7}}],"line":55},"5":{"loc":{"start":{"line":79,"column":6},"end":{"line":83,"column":7}},"type":"if","locations":[{"start":{"line":79,"column":6},"end":{"line":83,"column":7}},{"start":{"line":79,"column":6},"end":{"line":83,"column":7}}],"line":79},"6":{"loc":{"start":{"line":79,"column":10},"end":{"line":79,"column":76}},"type":"binary-expr","locations":[{"start":{"line":79,"column":10},"end":{"line":79,"column":16}},{"start":{"line":79,"column":20},"end":{"line":79,"column":76}}],"line":79}},"s":{"0":1,"1":1,"2":1,"3":1,"4":1,"5":1,"6":1,"7":1,"8":39,"9":39,"10":39,"11":28,"12":28,"13":28,"14":0,"15":28,"16":0,"17":11,"18":28,"19":1,"20":13,"21":13,"22":13,"23":11,"24":11,"25":11,"26":11,"27":0,"28":11,"29":3,"30":8,"31":3,"32":2,"33":8,"34":1,"35":10,"36":10,"37":10,"38":9,"39":9,"40":9,"41":3,"42":6,"43":3,"44":1,"45":6,"46":1,"47":1},"f":{"0":39,"1":13,"2":10},"b":{"0":[0,28],"1":[28,0],"2":[0,11],"3":[11,0],"4":[3,8],"5":[3,6],"6":[9,9]},"_coverageSchema":"43e27e138ebf9cfc5966b082cf9a028302ed4184","hash":"41e0bfefd828a8c950c651ba0aa0a33ed2f69c76","contentHash":"e75885b52fe143484f781fd3ce0bd7efba3873463d61c6b2bd5974c7807381f6"},"E:\\de\\teamwork\\teamwork-backend\\src\\utilities\\responseUtility.js":{"path":"E:\\de\\teamwork\\teamwork-backend\\src\\utilities\\responseUtility.js","statementMap":{"0":{"start":{"line":3,"column":0},"end":{"line":5,"column":3}},"1":{"start":{"line":6,"column":0},"end":{"line":6,"column":28}},"2":{"start":{"line":9,"column":15},"end":{"line":22,"column":1}},"3":{"start":{"line":11,"column":4},"end":{"line":14,"column":7}},"4":{"start":{"line":17,"column":4},"end":{"line":20,"column":7}},"5":{"start":{"line":23,"column":0},"end":{"line":23,"column":30}}},"fnMap":{"0":{"name":"success","decl":{"start":{"line":10,"column":20},"end":{"line":10,"column":27}},"loc":{"start":{"line":10,"column":39},"end":{"line":15,"column":3}},"line":10},"1":{"name":"error","decl":{"start":{"line":16,"column":18},"end":{"line":16,"column":23}},"loc":{"start":{"line":16,"column":40},"end":{"line":21,"column":3}},"line":16}},"branchMap":{},"s":{"0":1,"1":1,"2":1,"3":42,"4":39,"5":1},"f":{"0":42,"1":39},"b":{},"_coverageSchema":"43e27e138ebf9cfc5966b082cf9a028302ed4184","hash":"1c65d17a14fa66e454ee5e410f94f7edb6239242","contentHash":"ae0b2f07ea0ff90e06f50bca0f410dd742800c0f6c3b141a0127de7648a23a6b"},"E:\\de\\teamwork\\teamwork-backend\\src\\controllers\\auth.js":{"path":"E:\\de\\teamwork\\teamwork-backend\\src\\controllers\\auth.js","statementMap":{"0":{"start":{"line":3,"column":29},"end":{"line":3,"column":84}},"1":{"start":{"line":5,"column":0},"end":{"line":7,"column":3}},"2":{"start":{"line":8,"column":0},"end":{"line":8,"column":28}},"3":{"start":{"line":10,"column":14},"end":{"line":10,"column":55}},"4":{"start":{"line":12,"column":20},"end":{"line":12,"column":67}},"5":{"start":{"line":14,"column":23},"end":{"line":14,"column":86}},"6":{"start":{"line":16,"column":10},"end":{"line":16,"column":50}},"7":{"start":{"line":18,"column":21},"end":{"line":18,"column":23}},"8":{"start":{"line":19,"column":18},"end":{"line":19,"column":81}},"9":{"start":{"line":21,"column":0},"end":{"line":57,"column":2}},"10":{"start":{"line":22,"column":14},"end":{"line":25,"column":3}},"11":{"start":{"line":27,"column":2},"end":{"line":56,"column":5}},"12":{"start":{"line":28,"column":4},"end":{"line":30,"column":5}},"13":{"start":{"line":29,"column":6},"end":{"line":29,"column":88}},"14":{"start":{"line":32,"column":4},"end":{"line":53,"column":7}},"15":{"start":{"line":33,"column":6},"end":{"line":35,"column":7}},"16":{"start":{"line":34,"column":8},"end":{"line":34,"column":83}},"17":{"start":{"line":37,"column":18},"end":{"line":42,"column":8}},"18":{"start":{"line":44,"column":17},"end":{"line":48,"column":7}},"19":{"start":{"line":50,"column":6},"end":{"line":50,"column":53}},"20":{"start":{"line":52,"column":6},"end":{"line":52,"column":81}},"21":{"start":{"line":55,"column":4},"end":{"line":55,"column":71}},"22":{"start":{"line":59,"column":18},"end":{"line":81,"column":1}},"23":{"start":{"line":60,"column":2},"end":{"line":80,"column":5}},"24":{"start":{"line":61,"column":16},"end":{"line":66,"column":5}},"25":{"start":{"line":68,"column":4},"end":{"line":79,"column":7}},"26":{"start":{"line":69,"column":6},"end":{"line":71,"column":7}},"27":{"start":{"line":70,"column":8},"end":{"line":70,"column":22}},"28":{"start":{"line":73,"column":6},"end":{"line":73,"column":21}},"29":{"start":{"line":75,"column":6},"end":{"line":78,"column":10}},"30":{"start":{"line":83,"column":0},"end":{"line":122,"column":2}},"31":{"start":{"line":84,"column":18},"end":{"line":84,"column":26}},"32":{"start":{"line":85,"column":18},"end":{"line":85,"column":37}},"33":{"start":{"line":86,"column":17},"end":{"line":86,"column":35}},"34":{"start":{"line":87,"column":14},"end":{"line":87,"column":29}},"35":{"start":{"line":88,"column":16},"end":{"line":88,"column":33}},"36":{"start":{"line":89,"column":17},"end":{"line":89,"column":35}},"37":{"start":{"line":90,"column":15},"end":{"line":90,"column":31}},"38":{"start":{"line":91,"column":16},"end":{"line":91,"column":33}},"39":{"start":{"line":92,"column":19},"end":{"line":92,"column":39}},"40":{"start":{"line":93,"column":16},"end":{"line":93,"column":33}},"41":{"start":{"line":94,"column":2},"end":{"line":121,"column":5}},"42":{"start":{"line":95,"column":4},"end":{"line":97,"column":5}},"43":{"start":{"line":96,"column":6},"end":{"line":96,"column":86}},"44":{"start":{"line":99,"column":17},"end":{"line":99,"column":37}},"45":{"start":{"line":101,"column":4},"end":{"line":118,"column":7}},"46":{"start":{"line":102,"column":18},"end":{"line":105,"column":7}},"47":{"start":{"line":107,"column":6},"end":{"line":115,"column":9}},"48":{"start":{"line":108,"column":19},"end":{"line":110,"column":9}},"49":{"start":{"line":112,"column":8},"end":{"line":112,"column":55}},"50":{"start":{"line":114,"column":8},"end":{"line":114,"column":75}},"51":{"start":{"line":117,"column":6},"end":{"line":117,"column":73}},"52":{"start":{"line":120,"column":4},"end":{"line":120,"column":71}},"53":{"start":{"line":124,"column":15},"end":{"line":124,"column":29}},"54":{"start":{"line":125,"column":0},"end":{"line":125,"column":30}}},"fnMap":{"0":{"name":"(anonymous_0)","decl":{"start":{"line":21,"column":24},"end":{"line":21,"column":25}},"loc":{"start":{"line":21,"column":44},"end":{"line":57,"column":1}},"line":21},"1":{"name":"(anonymous_1)","decl":{"start":{"line":27,"column":35},"end":{"line":27,"column":36}},"loc":{"start":{"line":27,"column":51},"end":{"line":54,"column":3}},"line":27},"2":{"name":"(anonymous_2)","decl":{"start":{"line":32,"column":78},"end":{"line":32,"column":79}},"loc":{"start":{"line":32,"column":95},"end":{"line":51,"column":5}},"line":32},"3":{"name":"(anonymous_3)","decl":{"start":{"line":51,"column":16},"end":{"line":51,"column":17}},"loc":{"start":{"line":51,"column":28},"end":{"line":53,"column":5}},"line":51},"4":{"name":"(anonymous_4)","decl":{"start":{"line":54,"column":14},"end":{"line":54,"column":15}},"loc":{"start":{"line":54,"column":26},"end":{"line":56,"column":3}},"line":54},"5":{"name":"emailExists","decl":{"start":{"line":59,"column":27},"end":{"line":59,"column":38}},"loc":{"start":{"line":59,"column":46},"end":{"line":81,"column":1}},"line":59},"6":{"name":"(anonymous_6)","decl":{"start":{"line":60,"column":21},"end":{"line":60,"column":22}},"loc":{"start":{"line":60,"column":48},"end":{"line":80,"column":3}},"line":60},"7":{"name":"(anonymous_7)","decl":{"start":{"line":68,"column":37},"end":{"line":68,"column":38}},"loc":{"start":{"line":68,"column":53},"end":{"line":74,"column":5}},"line":68},"8":{"name":"(anonymous_8)","decl":{"start":{"line":74,"column":16},"end":{"line":74,"column":17}},"loc":{"start":{"line":74,"column":28},"end":{"line":79,"column":5}},"line":74},"9":{"name":"(anonymous_9)","decl":{"start":{"line":83,"column":28},"end":{"line":83,"column":29}},"loc":{"start":{"line":83,"column":48},"end":{"line":122,"column":1}},"line":83},"10":{"name":"(anonymous_10)","decl":{"start":{"line":94,"column":26},"end":{"line":94,"column":27}},"loc":{"start":{"line":94,"column":49},"end":{"line":119,"column":3}},"line":94},"11":{"name":"(anonymous_11)","decl":{"start":{"line":101,"column":47},"end":{"line":101,"column":48}},"loc":{"start":{"line":101,"column":63},"end":{"line":116,"column":5}},"line":101},"12":{"name":"(anonymous_12)","decl":{"start":{"line":107,"column":39},"end":{"line":107,"column":40}},"loc":{"start":{"line":107,"column":51},"end":{"line":113,"column":7}},"line":107},"13":{"name":"(anonymous_13)","decl":{"start":{"line":113,"column":18},"end":{"line":113,"column":19}},"loc":{"start":{"line":113,"column":30},"end":{"line":115,"column":7}},"line":113},"14":{"name":"(anonymous_14)","decl":{"start":{"line":116,"column":16},"end":{"line":116,"column":17}},"loc":{"start":{"line":116,"column":28},"end":{"line":118,"column":5}},"line":116},"15":{"name":"(anonymous_15)","decl":{"start":{"line":119,"column":14},"end":{"line":119,"column":15}},"loc":{"start":{"line":119,"column":26},"end":{"line":121,"column":3}},"line":119}},"branchMap":{"0":{"loc":{"start":{"line":28,"column":4},"end":{"line":30,"column":5}},"type":"if","locations":[{"start":{"line":28,"column":4},"end":{"line":30,"column":5}},{"start":{"line":28,"column":4},"end":{"line":30,"column":5}}],"line":28},"1":{"loc":{"start":{"line":33,"column":6},"end":{"line":35,"column":7}},"type":"if","locations":[{"start":{"line":33,"column":6},"end":{"line":35,"column":7}},{"start":{"line":33,"column":6},"end":{"line":35,"column":7}}],"line":33},"2":{"loc":{"start":{"line":69,"column":6},"end":{"line":71,"column":7}},"type":"if","locations":[{"start":{"line":69,"column":6},"end":{"line":71,"column":7}},{"start":{"line":69,"column":6},"end":{"line":71,"column":7}}],"line":69},"3":{"loc":{"start":{"line":95,"column":4},"end":{"line":97,"column":5}},"type":"if","locations":[{"start":{"line":95,"column":4},"end":{"line":97,"column":5}},{"start":{"line":95,"column":4},"end":{"line":97,"column":5}}],"line":95}},"s":{"0":1,"1":1,"2":1,"3":1,"4":1,"5":1,"6":1,"7":1,"8":1,"9":1,"10":26,"11":26,"12":26,"13":1,"14":25,"15":25,"16":0,"17":25,"18":25,"19":25,"20":0,"21":0,"22":1,"23":2,"24":2,"25":2,"26":2,"27":1,"28":2,"29":0,"30":1,"31":2,"32":2,"33":2,"34":2,"35":2,"36":2,"37":2,"38":2,"39":2,"40":2,"41":2,"42":2,"43":1,"44":1,"45":1,"46":1,"47":1,"48":1,"49":1,"50":0,"51":0,"52":0,"53":1,"54":1},"f":{"0":26,"1":26,"2":25,"3":0,"4":0,"5":2,"6":2,"7":2,"8":0,"9":2,"10":2,"11":1,"12":1,"13":0,"14":0,"15":0},"b":{"0":[1,25],"1":[0,25],"2":[1,1],"3":[1,1]},"_coverageSchema":"43e27e138ebf9cfc5966b082cf9a028302ed4184","hash":"55af3704b7e3df1d97cf334000dac1d4a7823fc8","contentHash":"10548fc5d0858bf655d8d85b614395fc8670a9d00483f36b4ffe3eb9b37ebf46"},"E:\\de\\teamwork\\teamwork-backend\\src\\db\\index.js":{"path":"E:\\de\\teamwork\\teamwork-backend\\src\\db\\index.js","statementMap":{"0":{"start":{"line":3,"column":29},"end":{"line":3,"column":84}},"1":{"start":{"line":5,"column":0},"end":{"line":7,"column":3}},"2":{"start":{"line":8,"column":0},"end":{"line":8,"column":28}},"3":{"start":{"line":10,"column":10},"end":{"line":10,"column":23}},"4":{"start":{"line":12,"column":10},"end":{"line":12,"column":57}},"5":{"start":{"line":14,"column":10},"end":{"line":14,"column":90}},"6":{"start":{"line":15,"column":17},"end":{"line":15,"column":19}},"7":{"start":{"line":16,"column":0},"end":{"line":16,"column":40}},"8":{"start":{"line":17,"column":13},"end":{"line":19,"column":2}},"9":{"start":{"line":20,"column":0},"end":{"line":20,"column":17}},"10":{"start":{"line":21,"column":9},"end":{"line":21,"column":11}},"11":{"start":{"line":23,"column":0},"end":{"line":36,"column":2}},"12":{"start":{"line":24,"column":2},"end":{"line":35,"column":5}},"13":{"start":{"line":25,"column":4},"end":{"line":34,"column":7}},"14":{"start":{"line":26,"column":6},"end":{"line":31,"column":7}},"15":{"start":{"line":27,"column":8},"end":{"line":30,"column":12}},"16":{"start":{"line":33,"column":6},"end":{"line":33,"column":22}},"17":{"start":{"line":38,"column":0},"end":{"line":55,"column":2}},"18":{"start":{"line":39,"column":2},"end":{"line":54,"column":5}},"19":{"start":{"line":40,"column":14},"end":{"line":40,"column":31}},"20":{"start":{"line":42,"column":4},"end":{"line":51,"column":5}},"21":{"start":{"line":42,"column":17},"end":{"line":42,"column":18}},"22":{"start":{"line":43,"column":6},"end":{"line":50,"column":9}},"23":{"start":{"line":44,"column":8},"end":{"line":49,"column":9}},"24":{"start":{"line":45,"column":10},"end":{"line":48,"column":14}},"25":{"start":{"line":53,"column":4},"end":{"line":53,"column":18}},"26":{"start":{"line":57,"column":15},"end":{"line":57,"column":17}},"27":{"start":{"line":58,"column":0},"end":{"line":58,"column":30}}},"fnMap":{"0":{"name":"(anonymous_0)","decl":{"start":{"line":23,"column":11},"end":{"line":23,"column":12}},"loc":{"start":{"line":23,"column":34},"end":{"line":36,"column":1}},"line":23},"1":{"name":"(anonymous_1)","decl":{"start":{"line":24,"column":21},"end":{"line":24,"column":22}},"loc":{"start":{"line":24,"column":48},"end":{"line":35,"column":3}},"line":24},"2":{"name":"(anonymous_2)","decl":{"start":{"line":25,"column":30},"end":{"line":25,"column":31}},"loc":{"start":{"line":25,"column":53},"end":{"line":34,"column":5}},"line":25},"3":{"name":"(anonymous_3)","decl":{"start":{"line":38,"column":19},"end":{"line":38,"column":20}},"loc":{"start":{"line":38,"column":41},"end":{"line":55,"column":1}},"line":38},"4":{"name":"(anonymous_4)","decl":{"start":{"line":39,"column":21},"end":{"line":39,"column":22}},"loc":{"start":{"line":39,"column":48},"end":{"line":54,"column":3}},"line":39},"5":{"name":"(anonymous_5)","decl":{"start":{"line":43,"column":61},"end":{"line":43,"column":62}},"loc":{"start":{"line":43,"column":76},"end":{"line":50,"column":7}},"line":43}},"branchMap":{"0":{"loc":{"start":{"line":14,"column":10},"end":{"line":14,"column":90}},"type":"cond-expr","locations":[{"start":{"line":14,"column":47},"end":{"line":14,"column":60}},{"start":{"line":14,"column":63},"end":{"line":14,"column":90}}],"line":14},"1":{"loc":{"start":{"line":26,"column":6},"end":{"line":31,"column":7}},"type":"if","locations":[{"start":{"line":26,"column":6},"end":{"line":31,"column":7}},{"start":{"line":26,"column":6},"end":{"line":31,"column":7}}],"line":26},"2":{"loc":{"start":{"line":44,"column":8},"end":{"line":49,"column":9}},"type":"if","locations":[{"start":{"line":44,"column":8},"end":{"line":49,"column":9}},{"start":{"line":44,"column":8},"end":{"line":49,"column":9}}],"line":44}},"s":{"0":1,"1":1,"2":1,"3":1,"4":1,"5":1,"6":1,"7":1,"8":1,"9":1,"10":1,"11":1,"12":63,"13":63,"14":63,"15":0,"16":63,"17":1,"18":3,"19":3,"20":3,"21":3,"22":6,"23":6,"24":0,"25":3,"26":1,"27":1},"f":{"0":63,"1":63,"2":63,"3":3,"4":3,"5":6},"b":{"0":[0,1],"1":[0,63],"2":[0,6]},"_coverageSchema":"43e27e138ebf9cfc5966b082cf9a028302ed4184","hash":"94685eb8cebeb835316cb0a721fae37b5d09f74f","contentHash":"aa6749c8923c7364f05f4e8a1706f2357053249a529ef38fe586ade44ccc190f"},"E:\\de\\teamwork\\teamwork-backend\\src\\config\\db.js":{"path":"E:\\de\\teamwork\\teamwork-backend\\src\\config\\db.js","statementMap":{"0":{"start":{"line":3,"column":0},"end":{"line":3,"column":27}},"1":{"start":{"line":5,"column":0},"end":{"line":8,"column":2}}},"fnMap":{},"branchMap":{},"s":{"0":1,"1":1},"f":{},"b":{},"_coverageSchema":"43e27e138ebf9cfc5966b082cf9a028302ed4184","hash":"58d87cdf35ae83b7c7a4c9c03e158783ae55ccbe","contentHash":"07cbb5f356cd5950e25eb920f42bbe7c8b72c5ab699e493bf2aa29693f5aa608"},"E:\\de\\teamwork\\teamwork-backend\\src\\utilities\\validateRequest.js":{"path":"E:\\de\\teamwork\\teamwork-backend\\src\\utilities\\validateRequest.js","statementMap":{"0":{"start":{"line":3,"column":29},"end":{"line":3,"column":84}},"1":{"start":{"line":5,"column":0},"end":{"line":7,"column":3}},"2":{"start":{"line":8,"column":0},"end":{"line":8,"column":28}},"3":{"start":{"line":10,"column":24},"end":{"line":10,"column":52}},"4":{"start":{"line":12,"column":23},"end":{"line":12,"column":75}},"5":{"start":{"line":15,"column":22},"end":{"line":18,"column":1}},"6":{"start":{"line":16,"column":15},"end":{"line":16,"column":59}},"7":{"start":{"line":17,"column":2},"end":{"line":17,"column":98}},"8":{"start":{"line":20,"column":15},"end":{"line":20,"column":30}},"9":{"start":{"line":21,"column":0},"end":{"line":21,"column":30}}},"fnMap":{"0":{"name":"validateRequest","decl":{"start":{"line":15,"column":31},"end":{"line":15,"column":46}},"loc":{"start":{"line":15,"column":63},"end":{"line":18,"column":1}},"line":15}},"branchMap":{"0":{"loc":{"start":{"line":17,"column":9},"end":{"line":17,"column":97}},"type":"cond-expr","locations":[{"start":{"line":17,"column":29},"end":{"line":17,"column":88}},{"start":{"line":17,"column":91},"end":{"line":17,"column":97}}],"line":17}},"s":{"0":1,"1":1,"2":1,"3":1,"4":1,"5":1,"6":34,"7":34,"8":1,"9":1},"f":{"0":34},"b":{"0":[12,22]},"_coverageSchema":"43e27e138ebf9cfc5966b082cf9a028302ed4184","hash":"6fe7e4a4bafd119d3178f99dd6d0fc2aad239267","contentHash":"938967eded23fe8cbdce56f82bbc12401d2b0a0c55167ebc30c176c7aa37c4d3"},"E:\\de\\teamwork\\teamwork-backend\\src\\routes\\articles.js":{"path":"E:\\de\\teamwork\\teamwork-backend\\src\\routes\\articles.js","statementMap":{"0":{"start":{"line":3,"column":29},"end":{"line":3,"column":84}},"1":{"start":{"line":5,"column":0},"end":{"line":7,"column":3}},"2":{"start":{"line":8,"column":0},"end":{"line":8,"column":28}},"3":{"start":{"line":10,"column":15},"end":{"line":10,"column":57}},"4":{"start":{"line":12,"column":22},"end":{"line":12,"column":86}},"5":{"start":{"line":14,"column":12},"end":{"line":14,"column":65}},"6":{"start":{"line":16,"column":16},"end":{"line":16,"column":74}},"7":{"start":{"line":18,"column":23},"end":{"line":18,"column":86}},"8":{"start":{"line":21,"column":13},"end":{"line":21,"column":41}},"9":{"start":{"line":37,"column":0},"end":{"line":37,"column":151}},"10":{"start":{"line":51,"column":0},"end":{"line":51,"column":164}},"11":{"start":{"line":65,"column":0},"end":{"line":65,"column":186}},"12":{"start":{"line":82,"column":0},"end":{"line":82,"column":196}},"13":{"start":{"line":99,"column":0},"end":{"line":99,"column":198}},"14":{"start":{"line":119,"column":0},"end":{"line":119,"column":167}},"15":{"start":{"line":131,"column":0},"end":{"line":131,"column":164}},"16":{"start":{"line":143,"column":0},"end":{"line":143,"column":165}},"17":{"start":{"line":160,"column":0},"end":{"line":160,"column":213}},"18":{"start":{"line":176,"column":0},"end":{"line":176,"column":184}},"19":{"start":{"line":177,"column":15},"end":{"line":177,"column":21}},"20":{"start":{"line":178,"column":0},"end":{"line":178,"column":30}}},"fnMap":{},"branchMap":{},"s":{"0":1,"1":1,"2":1,"3":1,"4":1,"5":1,"6":1,"7":1,"8":1,"9":1,"10":1,"11":1,"12":1,"13":1,"14":1,"15":1,"16":1,"17":1,"18":1,"19":1,"20":1},"f":{},"b":{},"_coverageSchema":"43e27e138ebf9cfc5966b082cf9a028302ed4184","hash":"8783bb9d4f61b1a749790997f4010c1624267513","contentHash":"0746620cbec21e40e9653e4d7c58874c448b8307267d963d688302e7e3c12b7f"},"E:\\de\\teamwork\\teamwork-backend\\src\\controllers\\articles.js":{"path":"E:\\de\\teamwork\\teamwork-backend\\src\\controllers\\articles.js","statementMap":{"0":{"start":{"line":3,"column":29},"end":{"line":3,"column":84}},"1":{"start":{"line":5,"column":0},"end":{"line":7,"column":3}},"2":{"start":{"line":8,"column":0},"end":{"line":8,"column":28}},"3":{"start":{"line":10,"column":19},"end":{"line":10,"column":80}},"4":{"start":{"line":12,"column":23},"end":{"line":12,"column":86}},"5":{"start":{"line":14,"column":10},"end":{"line":14,"column":50}},"6":{"start":{"line":16,"column":16},"end":{"line":16,"column":61}},"7":{"start":{"line":19,"column":25},"end":{"line":19,"column":27}},"8":{"start":{"line":21,"column":23},"end":{"line":40,"column":1}},"9":{"start":{"line":22,"column":2},"end":{"line":39,"column":5}},"10":{"start":{"line":23,"column":16},"end":{"line":26,"column":5}},"11":{"start":{"line":28,"column":4},"end":{"line":38,"column":7}},"12":{"start":{"line":29,"column":17},"end":{"line":29,"column":30}},"13":{"start":{"line":31,"column":6},"end":{"line":33,"column":7}},"14":{"start":{"line":32,"column":8},"end":{"line":32,"column":22}},"15":{"start":{"line":35,"column":6},"end":{"line":35,"column":21}},"16":{"start":{"line":37,"column":6},"end":{"line":37,"column":31}},"17":{"start":{"line":42,"column":0},"end":{"line":66,"column":2}},"18":{"start":{"line":43,"column":18},"end":{"line":43,"column":26}},"19":{"start":{"line":44,"column":14},"end":{"line":44,"column":29}},"20":{"start":{"line":45,"column":16},"end":{"line":45,"column":33}},"21":{"start":{"line":46,"column":17},"end":{"line":46,"column":27}},"22":{"start":{"line":47,"column":18},"end":{"line":47,"column":38}},"23":{"start":{"line":48,"column":14},"end":{"line":51,"column":3}},"24":{"start":{"line":53,"column":2},"end":{"line":65,"column":5}},"25":{"start":{"line":54,"column":15},"end":{"line":60,"column":5}},"26":{"start":{"line":62,"column":4},"end":{"line":62,"column":51}},"27":{"start":{"line":64,"column":4},"end":{"line":64,"column":101}},"28":{"start":{"line":68,"column":0},"end":{"line":86,"column":2}},"29":{"start":{"line":69,"column":19},"end":{"line":69,"column":27}},"30":{"start":{"line":70,"column":11},"end":{"line":70,"column":24}},"31":{"start":{"line":71,"column":16},"end":{"line":71,"column":34}},"32":{"start":{"line":72,"column":17},"end":{"line":72,"column":27}},"33":{"start":{"line":73,"column":15},"end":{"line":73,"column":35}},"34":{"start":{"line":75,"column":2},"end":{"line":85,"column":5}},"35":{"start":{"line":76,"column":15},"end":{"line":81,"column":5}},"36":{"start":{"line":82,"column":4},"end":{"line":82,"column":58}},"37":{"start":{"line":84,"column":4},"end":{"line":84,"column":108}},"38":{"start":{"line":88,"column":0},"end":{"line":110,"column":2}},"39":{"start":{"line":89,"column":19},"end":{"line":89,"column":27}},"40":{"start":{"line":90,"column":14},"end":{"line":90,"column":30}},"41":{"start":{"line":91,"column":16},"end":{"line":91,"column":34}},"42":{"start":{"line":92,"column":18},"end":{"line":92,"column":38}},"43":{"start":{"line":93,"column":14},"end":{"line":96,"column":3}},"44":{"start":{"line":98,"column":2},"end":{"line":109,"column":5}},"45":{"start":{"line":99,"column":15},"end":{"line":104,"column":5}},"46":{"start":{"line":106,"column":4},"end":{"line":106,"column":51}},"47":{"start":{"line":108,"column":4},"end":{"line":108,"column":108}},"48":{"start":{"line":112,"column":0},"end":{"line":132,"column":2}},"49":{"start":{"line":113,"column":17},"end":{"line":113,"column":37}},"50":{"start":{"line":114,"column":17},"end":{"line":114,"column":27}},"51":{"start":{"line":115,"column":19},"end":{"line":121,"column":4}},"52":{"start":{"line":123,"column":2},"end":{"line":131,"column":5}},"53":{"start":{"line":124,"column":15},"end":{"line":126,"column":5}},"54":{"start":{"line":128,"column":4},"end":{"line":128,"column":51}},"55":{"start":{"line":130,"column":4},"end":{"line":130,"column":108}},"56":{"start":{"line":134,"column":0},"end":{"line":148,"column":2}},"57":{"start":{"line":135,"column":2},"end":{"line":147,"column":5}},"58":{"start":{"line":136,"column":4},"end":{"line":138,"column":5}},"59":{"start":{"line":137,"column":6},"end":{"line":137,"column":71}},"60":{"start":{"line":140,"column":15},"end":{"line":142,"column":5}},"61":{"start":{"line":144,"column":4},"end":{"line":144,"column":51}},"62":{"start":{"line":146,"column":4},"end":{"line":146,"column":108}},"63":{"start":{"line":150,"column":0},"end":{"line":163,"column":2}},"64":{"start":{"line":151,"column":2},"end":{"line":162,"column":5}},"65":{"start":{"line":152,"column":4},"end":{"line":154,"column":5}},"66":{"start":{"line":153,"column":6},"end":{"line":153,"column":71}},"67":{"start":{"line":156,"column":15},"end":{"line":158,"column":5}},"68":{"start":{"line":159,"column":4},"end":{"line":159,"column":58}},"69":{"start":{"line":161,"column":4},"end":{"line":161,"column":108}},"70":{"start":{"line":165,"column":0},"end":{"line":191,"column":2}},"71":{"start":{"line":166,"column":2},"end":{"line":190,"column":5}},"72":{"start":{"line":167,"column":4},"end":{"line":169,"column":5}},"73":{"start":{"line":168,"column":6},"end":{"line":168,"column":131}},"74":{"start":{"line":171,"column":21},"end":{"line":177,"column":6}},"75":{"start":{"line":179,"column":4},"end":{"line":187,"column":7}},"76":{"start":{"line":180,"column":17},"end":{"line":182,"column":7}},"77":{"start":{"line":184,"column":6},"end":{"line":184,"column":53}},"78":{"start":{"line":186,"column":6},"end":{"line":186,"column":110}},"79":{"start":{"line":189,"column":4},"end":{"line":189,"column":108}},"80":{"start":{"line":193,"column":0},"end":{"line":204,"column":2}},"81":{"start":{"line":194,"column":14},"end":{"line":197,"column":3}},"82":{"start":{"line":199,"column":2},"end":{"line":203,"column":5}},"83":{"start":{"line":200,"column":4},"end":{"line":200,"column":60}},"84":{"start":{"line":202,"column":4},"end":{"line":202,"column":108}},"85":{"start":{"line":206,"column":0},"end":{"line":255,"column":2}},"86":{"start":{"line":207,"column":2},"end":{"line":254,"column":7}},"87":{"start":{"line":209,"column":4},"end":{"line":253,"column":30}},"88":{"start":{"line":210,"column":6},"end":{"line":252,"column":7}},"89":{"start":{"line":211,"column":8},"end":{"line":251,"column":9}},"90":{"start":{"line":213,"column":12},"end":{"line":216,"column":14}},"91":{"start":{"line":217,"column":12},"end":{"line":217,"column":30}},"92":{"start":{"line":218,"column":12},"end":{"line":218,"column":30}},"93":{"start":{"line":219,"column":12},"end":{"line":219,"column":78}},"94":{"start":{"line":222,"column":12},"end":{"line":222,"column":37}},"95":{"start":{"line":224,"column":12},"end":{"line":227,"column":13}},"96":{"start":{"line":225,"column":14},"end":{"line":225,"column":33}},"97":{"start":{"line":226,"column":14},"end":{"line":226,"column":20}},"98":{"start":{"line":229,"column":12},"end":{"line":229,"column":30}},"99":{"start":{"line":230,"column":12},"end":{"line":230,"column":116}},"100":{"start":{"line":233,"column":12},"end":{"line":233,"column":54}},"101":{"start":{"line":234,"column":12},"end":{"line":234,"column":105}},"102":{"start":{"line":237,"column":12},"end":{"line":237,"column":87}},"103":{"start":{"line":239,"column":12},"end":{"line":239,"column":31}},"104":{"start":{"line":240,"column":12},"end":{"line":240,"column":18}},"105":{"start":{"line":243,"column":12},"end":{"line":243,"column":31}},"106":{"start":{"line":244,"column":12},"end":{"line":244,"column":47}},"107":{"start":{"line":246,"column":12},"end":{"line":246,"column":109}},"108":{"start":{"line":250,"column":12},"end":{"line":250,"column":35}},"109":{"start":{"line":257,"column":0},"end":{"line":272,"column":2}},"110":{"start":{"line":258,"column":14},"end":{"line":261,"column":3}},"111":{"start":{"line":263,"column":2},"end":{"line":271,"column":5}},"112":{"start":{"line":264,"column":15},"end":{"line":266,"column":5}},"113":{"start":{"line":268,"column":4},"end":{"line":268,"column":51}},"114":{"start":{"line":270,"column":4},"end":{"line":270,"column":108}},"115":{"start":{"line":274,"column":15},"end":{"line":274,"column":33}},"116":{"start":{"line":275,"column":0},"end":{"line":275,"column":30}}},"fnMap":{"0":{"name":"isArticleFlagged","decl":{"start":{"line":21,"column":32},"end":{"line":21,"column":48}},"loc":{"start":{"line":21,"column":60},"end":{"line":40,"column":1}},"line":21},"1":{"name":"(anonymous_1)","decl":{"start":{"line":22,"column":21},"end":{"line":22,"column":22}},"loc":{"start":{"line":22,"column":48},"end":{"line":39,"column":3}},"line":22},"2":{"name":"(anonymous_2)","decl":{"start":{"line":28,"column":37},"end":{"line":28,"column":38}},"loc":{"start":{"line":28,"column":57},"end":{"line":36,"column":5}},"line":28},"3":{"name":"(anonymous_3)","decl":{"start":{"line":36,"column":16},"end":{"line":36,"column":17}},"loc":{"start":{"line":36,"column":28},"end":{"line":38,"column":5}},"line":36},"4":{"name":"(anonymous_4)","decl":{"start":{"line":42,"column":35},"end":{"line":42,"column":36}},"loc":{"start":{"line":42,"column":55},"end":{"line":66,"column":1}},"line":42},"5":{"name":"(anonymous_5)","decl":{"start":{"line":53,"column":35},"end":{"line":53,"column":36}},"loc":{"start":{"line":53,"column":47},"end":{"line":63,"column":3}},"line":53},"6":{"name":"(anonymous_6)","decl":{"start":{"line":63,"column":14},"end":{"line":63,"column":15}},"loc":{"start":{"line":63,"column":31},"end":{"line":65,"column":3}},"line":63},"7":{"name":"(anonymous_7)","decl":{"start":{"line":68,"column":36},"end":{"line":68,"column":37}},"loc":{"start":{"line":68,"column":56},"end":{"line":86,"column":1}},"line":68},"8":{"name":"(anonymous_8)","decl":{"start":{"line":75,"column":94},"end":{"line":75,"column":95}},"loc":{"start":{"line":75,"column":106},"end":{"line":83,"column":3}},"line":75},"9":{"name":"(anonymous_9)","decl":{"start":{"line":83,"column":14},"end":{"line":83,"column":15}},"loc":{"start":{"line":83,"column":31},"end":{"line":85,"column":3}},"line":83},"10":{"name":"(anonymous_10)","decl":{"start":{"line":88,"column":33},"end":{"line":88,"column":34}},"loc":{"start":{"line":88,"column":53},"end":{"line":110,"column":1}},"line":88},"11":{"name":"(anonymous_11)","decl":{"start":{"line":98,"column":35},"end":{"line":98,"column":36}},"loc":{"start":{"line":98,"column":47},"end":{"line":107,"column":3}},"line":98},"12":{"name":"(anonymous_12)","decl":{"start":{"line":107,"column":14},"end":{"line":107,"column":15}},"loc":{"start":{"line":107,"column":31},"end":{"line":109,"column":3}},"line":107},"13":{"name":"(anonymous_13)","decl":{"start":{"line":112,"column":33},"end":{"line":112,"column":34}},"loc":{"start":{"line":112,"column":53},"end":{"line":132,"column":1}},"line":112},"14":{"name":"(anonymous_14)","decl":{"start":{"line":123,"column":48},"end":{"line":123,"column":49}},"loc":{"start":{"line":123,"column":60},"end":{"line":129,"column":3}},"line":123},"15":{"name":"(anonymous_15)","decl":{"start":{"line":129,"column":14},"end":{"line":129,"column":15}},"loc":{"start":{"line":129,"column":31},"end":{"line":131,"column":3}},"line":129},"16":{"name":"(anonymous_16)","decl":{"start":{"line":134,"column":40},"end":{"line":134,"column":41}},"loc":{"start":{"line":134,"column":60},"end":{"line":148,"column":1}},"line":134},"17":{"name":"(anonymous_17)","decl":{"start":{"line":135,"column":66},"end":{"line":135,"column":67}},"loc":{"start":{"line":135,"column":86},"end":{"line":145,"column":3}},"line":135},"18":{"name":"(anonymous_18)","decl":{"start":{"line":145,"column":14},"end":{"line":145,"column":15}},"loc":{"start":{"line":145,"column":31},"end":{"line":147,"column":3}},"line":145},"19":{"name":"(anonymous_19)","decl":{"start":{"line":150,"column":42},"end":{"line":150,"column":43}},"loc":{"start":{"line":150,"column":62},"end":{"line":163,"column":1}},"line":150},"20":{"name":"(anonymous_20)","decl":{"start":{"line":151,"column":64},"end":{"line":151,"column":65}},"loc":{"start":{"line":151,"column":84},"end":{"line":160,"column":3}},"line":151},"21":{"name":"(anonymous_21)","decl":{"start":{"line":160,"column":14},"end":{"line":160,"column":15}},"loc":{"start":{"line":160,"column":31},"end":{"line":162,"column":3}},"line":160},"22":{"name":"(anonymous_22)","decl":{"start":{"line":165,"column":42},"end":{"line":165,"column":43}},"loc":{"start":{"line":165,"column":62},"end":{"line":191,"column":1}},"line":165},"23":{"name":"(anonymous_23)","decl":{"start":{"line":166,"column":46},"end":{"line":166,"column":47}},"loc":{"start":{"line":166,"column":67},"end":{"line":188,"column":3}},"line":166},"24":{"name":"(anonymous_24)","decl":{"start":{"line":179,"column":50},"end":{"line":179,"column":51}},"loc":{"start":{"line":179,"column":62},"end":{"line":185,"column":5}},"line":179},"25":{"name":"(anonymous_25)","decl":{"start":{"line":185,"column":16},"end":{"line":185,"column":17}},"loc":{"start":{"line":185,"column":33},"end":{"line":187,"column":5}},"line":185},"26":{"name":"(anonymous_26)","decl":{"start":{"line":188,"column":14},"end":{"line":188,"column":15}},"loc":{"start":{"line":188,"column":31},"end":{"line":190,"column":3}},"line":188},"27":{"name":"(anonymous_27)","decl":{"start":{"line":193,"column":38},"end":{"line":193,"column":39}},"loc":{"start":{"line":193,"column":58},"end":{"line":204,"column":1}},"line":193},"28":{"name":"(anonymous_28)","decl":{"start":{"line":199,"column":35},"end":{"line":199,"column":36}},"loc":{"start":{"line":199,"column":55},"end":{"line":201,"column":3}},"line":199},"29":{"name":"(anonymous_29)","decl":{"start":{"line":201,"column":14},"end":{"line":201,"column":15}},"loc":{"start":{"line":201,"column":31},"end":{"line":203,"column":3}},"line":201},"30":{"name":"(anonymous_30)","decl":{"start":{"line":206,"column":37},"end":{"line":206,"column":38}},"loc":{"start":{"line":206,"column":57},"end":{"line":255,"column":1}},"line":206},"31":{"name":"_callee","decl":{"start":{"line":207,"column":12},"end":{"line":207,"column":19}},"loc":{"start":{"line":207,"column":22},"end":{"line":254,"column":3}},"line":207},"32":{"name":"_callee$","decl":{"start":{"line":209,"column":50},"end":{"line":209,"column":58}},"loc":{"start":{"line":209,"column":69},"end":{"line":253,"column":5}},"line":209},"33":{"name":"(anonymous_33)","decl":{"start":{"line":257,"column":40},"end":{"line":257,"column":41}},"loc":{"start":{"line":257,"column":60},"end":{"line":272,"column":1}},"line":257},"34":{"name":"(anonymous_34)","decl":{"start":{"line":263,"column":35},"end":{"line":263,"column":36}},"loc":{"start":{"line":263,"column":47},"end":{"line":269,"column":3}},"line":263},"35":{"name":"(anonymous_35)","decl":{"start":{"line":269,"column":14},"end":{"line":269,"column":15}},"loc":{"start":{"line":269,"column":31},"end":{"line":271,"column":3}},"line":269}},"branchMap":{"0":{"loc":{"start":{"line":31,"column":6},"end":{"line":33,"column":7}},"type":"if","locations":[{"start":{"line":31,"column":6},"end":{"line":33,"column":7}},{"start":{"line":31,"column":6},"end":{"line":33,"column":7}}],"line":31},"1":{"loc":{"start":{"line":31,"column":10},"end":{"line":31,"column":68}},"type":"binary-expr","locations":[{"start":{"line":31,"column":10},"end":{"line":31,"column":31}},{"start":{"line":31,"column":35},"end":{"line":31,"column":68}}],"line":31},"2":{"loc":{"start":{"line":136,"column":4},"end":{"line":138,"column":5}},"type":"if","locations":[{"start":{"line":136,"column":4},"end":{"line":138,"column":5}},{"start":{"line":136,"column":4},"end":{"line":138,"column":5}}],"line":136},"3":{"loc":{"start":{"line":152,"column":4},"end":{"line":154,"column":5}},"type":"if","locations":[{"start":{"line":152,"column":4},"end":{"line":154,"column":5}},{"start":{"line":152,"column":4},"end":{"line":154,"column":5}}],"line":152},"4":{"loc":{"start":{"line":167,"column":4},"end":{"line":169,"column":5}},"type":"if","locations":[{"start":{"line":167,"column":4},"end":{"line":169,"column":5}},{"start":{"line":167,"column":4},"end":{"line":169,"column":5}}],"line":167},"5":{"loc":{"start":{"line":211,"column":8},"end":{"line":251,"column":9}},"type":"switch","locations":[{"start":{"line":212,"column":10},"end":{"line":219,"column":78}},{"start":{"line":221,"column":10},"end":{"line":230,"column":116}},{"start":{"line":232,"column":10},"end":{"line":234,"column":105}},{"start":{"line":236,"column":10},"end":{"line":240,"column":18}},{"start":{"line":242,"column":10},"end":{"line":246,"column":109}},{"start":{"line":248,"column":10},"end":{"line":248,"column":18}},{"start":{"line":249,"column":10},"end":{"line":250,"column":35}}],"line":211},"6":{"loc":{"start":{"line":224,"column":12},"end":{"line":227,"column":13}},"type":"if","locations":[{"start":{"line":224,"column":12},"end":{"line":227,"column":13}},{"start":{"line":224,"column":12},"end":{"line":227,"column":13}}],"line":224}},"s":{"0":1,"1":1,"2":1,"3":1,"4":1,"5":1,"6":1,"7":1,"8":1,"9":2,"10":2,"11":2,"12":2,"13":2,"14":1,"15":2,"16":0,"17":1,"18":1,"19":1,"20":1,"21":1,"22":1,"23":1,"24":1,"25":1,"26":1,"27":0,"28":1,"29":1,"30":1,"31":1,"32":1,"33":1,"34":1,"35":1,"36":1,"37":0,"38":1,"39":1,"40":1,"41":1,"42":1,"43":1,"44":1,"45":1,"46":1,"47":0,"48":1,"49":1,"50":1,"51":1,"52":1,"53":1,"54":1,"55":0,"56":1,"57":2,"58":2,"59":1,"60":1,"61":1,"62":0,"63":1,"64":3,"65":3,"66":2,"67":1,"68":1,"69":0,"70":1,"71":2,"72":2,"73":1,"74":1,"75":1,"76":1,"77":1,"78":0,"79":0,"80":1,"81":1,"82":1,"83":1,"84":0,"85":1,"86":3,"87":3,"88":12,"89":12,"90":3,"91":3,"92":3,"93":3,"94":3,"95":3,"96":0,"97":0,"98":3,"99":3,"100":3,"101":3,"102":0,"103":0,"104":0,"105":0,"106":0,"107":0,"108":3,"109":1,"110":1,"111":1,"112":1,"113":1,"114":0,"115":1,"116":1},"f":{"0":2,"1":2,"2":2,"3":0,"4":1,"5":1,"6":0,"7":1,"8":1,"9":0,"10":1,"11":1,"12":0,"13":1,"14":1,"15":0,"16":2,"17":2,"18":0,"19":3,"20":3,"21":0,"22":2,"23":2,"24":1,"25":0,"26":0,"27":1,"28":1,"29":0,"30":3,"31":3,"32":12,"33":1,"34":1,"35":0},"b":{"0":[1,1],"1":[2,1],"2":[1,1],"3":[2,1],"4":[1,1],"5":[3,3,3,0,0,0,3],"6":[0,3]},"_coverageSchema":"43e27e138ebf9cfc5966b082cf9a028302ed4184","hash":"66506a01f37c2c9c68ccf4ebb916c5dc15e4aa6f","contentHash":"9534efb3e65425ed403faf26fd382f1c17dfc7e0e111f4fb3bbed6ac4a8b8dec"},"E:\\de\\teamwork\\teamwork-backend\\src\\controllers\\comments.js":{"path":"E:\\de\\teamwork\\teamwork-backend\\src\\controllers\\comments.js","statementMap":{"0":{"start":{"line":3,"column":29},"end":{"line":3,"column":84}},"1":{"start":{"line":5,"column":0},"end":{"line":7,"column":3}},"2":{"start":{"line":8,"column":0},"end":{"line":8,"column":28}},"3":{"start":{"line":10,"column":19},"end":{"line":10,"column":80}},"4":{"start":{"line":12,"column":10},"end":{"line":12,"column":50}},"5":{"start":{"line":15,"column":15},"end":{"line":15,"column":17}},"6":{"start":{"line":17,"column":0},"end":{"line":34,"column":2}},"7":{"start":{"line":18,"column":2},"end":{"line":33,"column":5}},"8":{"start":{"line":19,"column":16},"end":{"line":22,"column":5}},"9":{"start":{"line":24,"column":4},"end":{"line":32,"column":7}},"10":{"start":{"line":25,"column":6},"end":{"line":27,"column":7}},"11":{"start":{"line":26,"column":8},"end":{"line":26,"column":31}},"12":{"start":{"line":29,"column":6},"end":{"line":29,"column":18}},"13":{"start":{"line":31,"column":6},"end":{"line":31,"column":31}},"14":{"start":{"line":36,"column":0},"end":{"line":67,"column":2}},"15":{"start":{"line":39,"column":2},"end":{"line":66,"column":27}},"16":{"start":{"line":40,"column":4},"end":{"line":65,"column":5}},"17":{"start":{"line":41,"column":6},"end":{"line":64,"column":7}},"18":{"start":{"line":43,"column":10},"end":{"line":43,"column":28}},"19":{"start":{"line":44,"column":10},"end":{"line":47,"column":12}},"20":{"start":{"line":48,"column":10},"end":{"line":48,"column":28}},"21":{"start":{"line":49,"column":10},"end":{"line":49,"column":76}},"22":{"start":{"line":52,"column":10},"end":{"line":52,"column":31}},"23":{"start":{"line":53,"column":10},"end":{"line":53,"column":27}},"24":{"start":{"line":54,"column":10},"end":{"line":54,"column":109}},"25":{"start":{"line":57,"column":10},"end":{"line":57,"column":28}},"26":{"start":{"line":58,"column":10},"end":{"line":58,"column":45}},"27":{"start":{"line":59,"column":10},"end":{"line":59,"column":50}},"28":{"start":{"line":63,"column":10},"end":{"line":63,"column":33}},"29":{"start":{"line":69,"column":0},"end":{"line":133,"column":2}},"30":{"start":{"line":71,"column":2},"end":{"line":132,"column":28}},"31":{"start":{"line":72,"column":4},"end":{"line":131,"column":5}},"32":{"start":{"line":73,"column":6},"end":{"line":130,"column":7}},"33":{"start":{"line":75,"column":10},"end":{"line":75,"column":29}},"34":{"start":{"line":76,"column":10},"end":{"line":76,"column":29}},"35":{"start":{"line":77,"column":10},"end":{"line":77,"column":75}},"36":{"start":{"line":80,"column":10},"end":{"line":80,"column":41}},"37":{"start":{"line":82,"column":10},"end":{"line":85,"column":11}},"38":{"start":{"line":83,"column":12},"end":{"line":83,"column":31}},"39":{"start":{"line":84,"column":12},"end":{"line":84,"column":18}},"40":{"start":{"line":87,"column":10},"end":{"line":90,"column":13}},"41":{"start":{"line":93,"column":10},"end":{"line":96,"column":12}},"42":{"start":{"line":97,"column":10},"end":{"line":97,"column":29}},"43":{"start":{"line":98,"column":10},"end":{"line":98,"column":76}},"44":{"start":{"line":101,"column":10},"end":{"line":101,"column":36}},"45":{"start":{"line":102,"column":10},"end":{"line":102,"column":31}},"46":{"start":{"line":104,"column":10},"end":{"line":107,"column":11}},"47":{"start":{"line":105,"column":12},"end":{"line":105,"column":32}},"48":{"start":{"line":106,"column":12},"end":{"line":106,"column":18}},"49":{"start":{"line":109,"column":10},"end":{"line":111,"column":13}},"50":{"start":{"line":114,"column":10},"end":{"line":117,"column":13}},"51":{"start":{"line":120,"column":10},"end":{"line":120,"column":30}},"52":{"start":{"line":121,"column":10},"end":{"line":121,"column":47}},"53":{"start":{"line":122,"column":10},"end":{"line":125,"column":13}},"54":{"start":{"line":129,"column":10},"end":{"line":129,"column":34}},"55":{"start":{"line":135,"column":0},"end":{"line":183,"column":2}},"56":{"start":{"line":137,"column":2},"end":{"line":182,"column":28}},"57":{"start":{"line":138,"column":4},"end":{"line":181,"column":5}},"58":{"start":{"line":139,"column":6},"end":{"line":180,"column":7}},"59":{"start":{"line":141,"column":10},"end":{"line":141,"column":29}},"60":{"start":{"line":142,"column":10},"end":{"line":142,"column":29}},"61":{"start":{"line":143,"column":10},"end":{"line":143,"column":75}},"62":{"start":{"line":146,"column":10},"end":{"line":146,"column":41}},"63":{"start":{"line":148,"column":10},"end":{"line":151,"column":11}},"64":{"start":{"line":149,"column":12},"end":{"line":149,"column":31}},"65":{"start":{"line":150,"column":12},"end":{"line":150,"column":18}},"66":{"start":{"line":153,"column":10},"end":{"line":156,"column":13}},"67":{"start":{"line":159,"column":10},"end":{"line":162,"column":12}},"68":{"start":{"line":163,"column":10},"end":{"line":163,"column":29}},"69":{"start":{"line":164,"column":10},"end":{"line":164,"column":76}},"70":{"start":{"line":167,"column":10},"end":{"line":167,"column":55}},"71":{"start":{"line":170,"column":10},"end":{"line":170,"column":30}},"72":{"start":{"line":171,"column":10},"end":{"line":171,"column":47}},"73":{"start":{"line":172,"column":10},"end":{"line":175,"column":13}},"74":{"start":{"line":179,"column":10},"end":{"line":179,"column":34}},"75":{"start":{"line":185,"column":0},"end":{"line":214,"column":2}},"76":{"start":{"line":187,"column":2},"end":{"line":213,"column":27}},"77":{"start":{"line":188,"column":4},"end":{"line":212,"column":5}},"78":{"start":{"line":189,"column":6},"end":{"line":211,"column":7}},"79":{"start":{"line":191,"column":10},"end":{"line":191,"column":29}},"80":{"start":{"line":192,"column":10},"end":{"line":196,"column":12}},"81":{"start":{"line":197,"column":10},"end":{"line":197,"column":29}},"82":{"start":{"line":198,"column":10},"end":{"line":198,"column":76}},"83":{"start":{"line":201,"column":10},"end":{"line":201,"column":55}},"84":{"start":{"line":204,"column":10},"end":{"line":204,"column":29}},"85":{"start":{"line":205,"column":10},"end":{"line":205,"column":47}},"86":{"start":{"line":206,"column":10},"end":{"line":206,"column":54}},"87":{"start":{"line":210,"column":10},"end":{"line":210,"column":34}},"88":{"start":{"line":216,"column":0},"end":{"line":261,"column":2}},"89":{"start":{"line":218,"column":2},"end":{"line":260,"column":28}},"90":{"start":{"line":219,"column":4},"end":{"line":259,"column":5}},"91":{"start":{"line":220,"column":6},"end":{"line":258,"column":7}},"92":{"start":{"line":222,"column":10},"end":{"line":222,"column":29}},"93":{"start":{"line":223,"column":10},"end":{"line":223,"column":29}},"94":{"start":{"line":224,"column":10},"end":{"line":224,"column":85}},"95":{"start":{"line":227,"column":10},"end":{"line":227,"column":36}},"96":{"start":{"line":229,"column":10},"end":{"line":232,"column":11}},"97":{"start":{"line":230,"column":12},"end":{"line":230,"column":31}},"98":{"start":{"line":231,"column":12},"end":{"line":231,"column":18}},"99":{"start":{"line":234,"column":10},"end":{"line":234,"column":54}},"100":{"start":{"line":237,"column":10},"end":{"line":240,"column":12}},"101":{"start":{"line":241,"column":10},"end":{"line":241,"column":29}},"102":{"start":{"line":242,"column":10},"end":{"line":242,"column":76}},"103":{"start":{"line":245,"column":10},"end":{"line":245,"column":55}},"104":{"start":{"line":248,"column":10},"end":{"line":248,"column":30}},"105":{"start":{"line":249,"column":10},"end":{"line":249,"column":47}},"106":{"start":{"line":250,"column":10},"end":{"line":253,"column":13}},"107":{"start":{"line":257,"column":10},"end":{"line":257,"column":34}},"108":{"start":{"line":263,"column":15},"end":{"line":263,"column":23}},"109":{"start":{"line":264,"column":0},"end":{"line":264,"column":30}}},"fnMap":{"0":{"name":"(anonymous_0)","decl":{"start":{"line":17,"column":23},"end":{"line":17,"column":24}},"loc":{"start":{"line":17,"column":51},"end":{"line":34,"column":1}},"line":17},"1":{"name":"(anonymous_1)","decl":{"start":{"line":18,"column":21},"end":{"line":18,"column":22}},"loc":{"start":{"line":18,"column":48},"end":{"line":33,"column":3}},"line":18},"2":{"name":"(anonymous_2)","decl":{"start":{"line":24,"column":37},"end":{"line":24,"column":38}},"loc":{"start":{"line":24,"column":57},"end":{"line":30,"column":5}},"line":24},"3":{"name":"(anonymous_3)","decl":{"start":{"line":30,"column":16},"end":{"line":30,"column":17}},"loc":{"start":{"line":30,"column":28},"end":{"line":32,"column":5}},"line":30},"4":{"name":"_callee","decl":{"start":{"line":36,"column":27},"end":{"line":36,"column":34}},"loc":{"start":{"line":36,"column":46},"end":{"line":67,"column":1}},"line":36},"5":{"name":"_callee$","decl":{"start":{"line":39,"column":48},"end":{"line":39,"column":56}},"loc":{"start":{"line":39,"column":67},"end":{"line":66,"column":3}},"line":39},"6":{"name":"_callee2","decl":{"start":{"line":69,"column":37},"end":{"line":69,"column":45}},"loc":{"start":{"line":69,"column":57},"end":{"line":133,"column":1}},"line":69},"7":{"name":"_callee2$","decl":{"start":{"line":71,"column":48},"end":{"line":71,"column":57}},"loc":{"start":{"line":71,"column":69},"end":{"line":132,"column":3}},"line":71},"8":{"name":"_callee3","decl":{"start":{"line":135,"column":25},"end":{"line":135,"column":33}},"loc":{"start":{"line":135,"column":45},"end":{"line":183,"column":1}},"line":135},"9":{"name":"_callee3$","decl":{"start":{"line":137,"column":48},"end":{"line":137,"column":57}},"loc":{"start":{"line":137,"column":69},"end":{"line":182,"column":3}},"line":137},"10":{"name":"_callee4","decl":{"start":{"line":185,"column":24},"end":{"line":185,"column":32}},"loc":{"start":{"line":185,"column":82},"end":{"line":214,"column":1}},"line":185},"11":{"name":"_callee4$","decl":{"start":{"line":187,"column":48},"end":{"line":187,"column":57}},"loc":{"start":{"line":187,"column":69},"end":{"line":213,"column":3}},"line":187},"12":{"name":"_callee5","decl":{"start":{"line":216,"column":34},"end":{"line":216,"column":42}},"loc":{"start":{"line":216,"column":54},"end":{"line":261,"column":1}},"line":216},"13":{"name":"_callee5$","decl":{"start":{"line":218,"column":48},"end":{"line":218,"column":57}},"loc":{"start":{"line":218,"column":69},"end":{"line":260,"column":3}},"line":218}},"branchMap":{"0":{"loc":{"start":{"line":25,"column":6},"end":{"line":27,"column":7}},"type":"if","locations":[{"start":{"line":25,"column":6},"end":{"line":27,"column":7}},{"start":{"line":25,"column":6},"end":{"line":27,"column":7}}],"line":25},"1":{"loc":{"start":{"line":25,"column":10},"end":{"line":25,"column":88}},"type":"binary-expr","locations":[{"start":{"line":25,"column":10},"end":{"line":25,"column":40}},{"start":{"line":25,"column":44},"end":{"line":25,"column":88}}],"line":25},"2":{"loc":{"start":{"line":41,"column":6},"end":{"line":64,"column":7}},"type":"switch","locations":[{"start":{"line":42,"column":8},"end":{"line":49,"column":76}},{"start":{"line":51,"column":8},"end":{"line":54,"column":109}},{"start":{"line":56,"column":8},"end":{"line":59,"column":50}},{"start":{"line":61,"column":8},"end":{"line":61,"column":16}},{"start":{"line":62,"column":8},"end":{"line":63,"column":33}}],"line":41},"3":{"loc":{"start":{"line":54,"column":46},"end":{"line":54,"column":106}},"type":"binary-expr","locations":[{"start":{"line":54,"column":46},"end":{"line":54,"column":67}},{"start":{"line":54,"column":71},"end":{"line":54,"column":106}}],"line":54},"4":{"loc":{"start":{"line":73,"column":6},"end":{"line":130,"column":7}},"type":"switch","locations":[{"start":{"line":74,"column":8},"end":{"line":77,"column":75}},{"start":{"line":79,"column":8},"end":{"line":90,"column":13}},{"start":{"line":92,"column":8},"end":{"line":98,"column":76}},{"start":{"line":100,"column":8},"end":{"line":111,"column":13}},{"start":{"line":113,"column":8},"end":{"line":117,"column":13}},{"start":{"line":119,"column":8},"end":{"line":125,"column":13}},{"start":{"line":127,"column":8},"end":{"line":127,"column":16}},{"start":{"line":128,"column":8},"end":{"line":129,"column":34}}],"line":73},"5":{"loc":{"start":{"line":82,"column":10},"end":{"line":85,"column":11}},"type":"if","locations":[{"start":{"line":82,"column":10},"end":{"line":85,"column":11}},{"start":{"line":82,"column":10},"end":{"line":85,"column":11}}],"line":82},"6":{"loc":{"start":{"line":104,"column":10},"end":{"line":107,"column":11}},"type":"if","locations":[{"start":{"line":104,"column":10},"end":{"line":107,"column":11}},{"start":{"line":104,"column":10},"end":{"line":107,"column":11}}],"line":104},"7":{"loc":{"start":{"line":104,"column":16},"end":{"line":104,"column":76}},"type":"binary-expr","locations":[{"start":{"line":104,"column":16},"end":{"line":104,"column":37}},{"start":{"line":104,"column":41},"end":{"line":104,"column":76}}],"line":104},"8":{"loc":{"start":{"line":139,"column":6},"end":{"line":180,"column":7}},"type":"switch","locations":[{"start":{"line":140,"column":8},"end":{"line":143,"column":75}},{"start":{"line":145,"column":8},"end":{"line":156,"column":13}},{"start":{"line":158,"column":8},"end":{"line":164,"column":76}},{"start":{"line":166,"column":8},"end":{"line":167,"column":55}},{"start":{"line":169,"column":8},"end":{"line":175,"column":13}},{"start":{"line":177,"column":8},"end":{"line":177,"column":16}},{"start":{"line":178,"column":8},"end":{"line":179,"column":34}}],"line":139},"9":{"loc":{"start":{"line":148,"column":10},"end":{"line":151,"column":11}},"type":"if","locations":[{"start":{"line":148,"column":10},"end":{"line":151,"column":11}},{"start":{"line":148,"column":10},"end":{"line":151,"column":11}}],"line":148},"10":{"loc":{"start":{"line":189,"column":6},"end":{"line":211,"column":7}},"type":"switch","locations":[{"start":{"line":190,"column":8},"end":{"line":198,"column":76}},{"start":{"line":200,"column":8},"end":{"line":201,"column":55}},{"start":{"line":203,"column":8},"end":{"line":206,"column":54}},{"start":{"line":208,"column":8},"end":{"line":208,"column":16}},{"start":{"line":209,"column":8},"end":{"line":210,"column":34}}],"line":189},"11":{"loc":{"start":{"line":220,"column":6},"end":{"line":258,"column":7}},"type":"switch","locations":[{"start":{"line":221,"column":8},"end":{"line":224,"column":85}},{"start":{"line":226,"column":8},"end":{"line":234,"column":54}},{"start":{"line":236,"column":8},"end":{"line":242,"column":76}},{"start":{"line":244,"column":8},"end":{"line":245,"column":55}},{"start":{"line":247,"column":8},"end":{"line":253,"column":13}},{"start":{"line":255,"column":8},"end":{"line":255,"column":16}},{"start":{"line":256,"column":8},"end":{"line":257,"column":34}}],"line":220},"12":{"loc":{"start":{"line":229,"column":10},"end":{"line":232,"column":11}},"type":"if","locations":[{"start":{"line":229,"column":10},"end":{"line":232,"column":11}},{"start":{"line":229,"column":10},"end":{"line":232,"column":11}}],"line":229}},"s":{"0":1,"1":1,"2":1,"3":1,"4":1,"5":1,"6":1,"7":3,"8":3,"9":3,"10":3,"11":3,"12":3,"13":0,"14":1,"15":5,"16":15,"17":15,"18":5,"19":5,"20":5,"21":5,"22":5,"23":5,"24":5,"25":0,"26":0,"27":0,"28":5,"29":1,"30":3,"31":11,"32":14,"33":3,"34":3,"35":3,"36":3,"37":3,"38":2,"39":2,"40":1,"41":2,"42":2,"43":2,"44":2,"45":2,"46":2,"47":1,"48":1,"49":1,"50":1,"51":0,"52":0,"53":0,"54":3,"55":1,"56":2,"57":7,"58":8,"59":2,"60":2,"61":2,"62":2,"63":2,"64":1,"65":1,"66":1,"67":1,"68":1,"69":1,"70":1,"71":0,"72":0,"73":0,"74":2,"75":1,"76":2,"77":6,"78":6,"79":2,"80":2,"81":2,"82":2,"83":2,"84":0,"85":0,"86":0,"87":2,"88":1,"89":3,"90":10,"91":11,"92":3,"93":3,"94":3,"95":3,"96":3,"97":1,"98":1,"99":2,"100":1,"101":1,"102":1,"103":1,"104":0,"105":0,"106":0,"107":3,"108":1,"109":1},"f":{"0":3,"1":3,"2":3,"3":0,"4":5,"5":15,"6":3,"7":11,"8":2,"9":7,"10":2,"11":6,"12":3,"13":10},"b":{"0":[3,0],"1":[3,3],"2":[5,5,0,0,5],"3":[5,3],"4":[3,3,2,2,1,0,0,3],"5":[2,1],"6":[1,1],"7":[2,1],"8":[2,2,1,1,0,0,2],"9":[1,1],"10":[2,2,0,0,2],"11":[3,3,1,1,0,0,3],"12":[1,2]},"_coverageSchema":"43e27e138ebf9cfc5966b082cf9a028302ed4184","hash":"69f2123667c62dc9f5123f5a8f306cf53a8023fb","contentHash":"46a57dfd459ad086ee5db87fe7422708ebe7e87885a7c2a6e6e4e5a47c2e49da"},"E:\\de\\teamwork\\teamwork-backend\\src\\routes\\gif.js":{"path":"E:\\de\\teamwork\\teamwork-backend\\src\\routes\\gif.js","statementMap":{"0":{"start":{"line":3,"column":29},"end":{"line":3,"column":84}},"1":{"start":{"line":5,"column":0},"end":{"line":7,"column":3}},"2":{"start":{"line":8,"column":0},"end":{"line":8,"column":28}},"3":{"start":{"line":10,"column":15},"end":{"line":10,"column":57}},"4":{"start":{"line":12,"column":22},"end":{"line":12,"column":86}},"5":{"start":{"line":14,"column":12},"end":{"line":14,"column":65}},"6":{"start":{"line":16,"column":20},"end":{"line":16,"column":82}},"7":{"start":{"line":18,"column":11},"end":{"line":18,"column":64}},"8":{"start":{"line":20,"column":23},"end":{"line":20,"column":86}},"9":{"start":{"line":23,"column":13},"end":{"line":23,"column":41}},"10":{"start":{"line":25,"column":0},"end":{"line":25,"column":178}},"11":{"start":{"line":26,"column":0},"end":{"line":26,"column":162}},"12":{"start":{"line":27,"column":0},"end":{"line":27,"column":154}},"13":{"start":{"line":28,"column":15},"end":{"line":28,"column":21}},"14":{"start":{"line":29,"column":0},"end":{"line":29,"column":30}}},"fnMap":{},"branchMap":{},"s":{"0":1,"1":1,"2":1,"3":1,"4":1,"5":1,"6":1,"7":1,"8":1,"9":1,"10":1,"11":1,"12":1,"13":1,"14":1},"f":{},"b":{},"_coverageSchema":"43e27e138ebf9cfc5966b082cf9a028302ed4184","hash":"fb461eb0447427692551b76ac34c3e1074eda39a","contentHash":"faee85fe373c8d4a129a5148a9f1766ce6041cb504879b6af3d5d0c5ecb49153"},"E:\\de\\teamwork\\teamwork-backend\\src\\middleware\\multer-config.js":{"path":"E:\\de\\teamwork\\teamwork-backend\\src\\middleware\\multer-config.js","statementMap":{"0":{"start":{"line":3,"column":29},"end":{"line":3,"column":84}},"1":{"start":{"line":5,"column":0},"end":{"line":7,"column":3}},"2":{"start":{"line":8,"column":0},"end":{"line":8,"column":28}},"3":{"start":{"line":10,"column":14},"end":{"line":10,"column":55}},"4":{"start":{"line":13,"column":14},"end":{"line":13,"column":50}},"5":{"start":{"line":15,"column":20},"end":{"line":17,"column":18}},"6":{"start":{"line":18,"column":15},"end":{"line":20,"column":1}},"7":{"start":{"line":21,"column":0},"end":{"line":21,"column":30}}},"fnMap":{},"branchMap":{},"s":{"0":1,"1":1,"2":1,"3":1,"4":1,"5":1,"6":1,"7":1},"f":{},"b":{},"_coverageSchema":"43e27e138ebf9cfc5966b082cf9a028302ed4184","hash":"d55aefb8c35d5b4c419cd9efe03f7a5675ac9e02","contentHash":"aee90c275b8650388f3b2c8d45142fc9382201cd90d825b31778591c811cc089"},"E:\\de\\teamwork\\teamwork-backend\\src\\controllers\\gif.js":{"path":"E:\\de\\teamwork\\teamwork-backend\\src\\controllers\\gif.js","statementMap":{"0":{"start":{"line":3,"column":29},"end":{"line":3,"column":84}},"1":{"start":{"line":5,"column":0},"end":{"line":7,"column":3}},"2":{"start":{"line":8,"column":0},"end":{"line":8,"column":28}},"3":{"start":{"line":10,"column":12},"end":{"line":10,"column":51}},"4":{"start":{"line":12,"column":15},"end":{"line":12,"column":57}},"5":{"start":{"line":14,"column":23},"end":{"line":14,"column":86}},"6":{"start":{"line":16,"column":18},"end":{"line":16,"column":73}},"7":{"start":{"line":18,"column":10},"end":{"line":18,"column":50}},"8":{"start":{"line":20,"column":16},"end":{"line":20,"column":61}},"9":{"start":{"line":23,"column":20},"end":{"line":23,"column":22}},"10":{"start":{"line":24,"column":11},"end":{"line":24,"column":36}},"11":{"start":{"line":25,"column":15},"end":{"line":25,"column":46}},"12":{"start":{"line":27,"column":25},"end":{"line":29,"column":1}},"13":{"start":{"line":28,"column":2},"end":{"line":28,"column":106}},"14":{"start":{"line":31,"column":0},"end":{"line":66,"column":2}},"15":{"start":{"line":32,"column":2},"end":{"line":34,"column":3}},"16":{"start":{"line":33,"column":4},"end":{"line":33,"column":93}},"17":{"start":{"line":36,"column":13},"end":{"line":36,"column":36}},"18":{"start":{"line":37,"column":2},"end":{"line":65,"column":5}},"19":{"start":{"line":38,"column":19},"end":{"line":38,"column":29}},"20":{"start":{"line":39,"column":16},"end":{"line":39,"column":36}},"21":{"start":{"line":40,"column":16},"end":{"line":43,"column":5}},"22":{"start":{"line":45,"column":4},"end":{"line":60,"column":7}},"23":{"start":{"line":46,"column":17},"end":{"line":53,"column":7}},"24":{"start":{"line":55,"column":6},"end":{"line":55,"column":53}},"25":{"start":{"line":57,"column":6},"end":{"line":57,"column":25}},"26":{"start":{"line":59,"column":6},"en
[...]
d":{"line":99,"column":36}},"47":{"start":{"line":100,"column":10},"end":{"line":100,"column":17}},"48":{"start":{"line":103,"column":6},"end":{"line":105,"column":9}},"49":{"start":{"line":104,"column":8},"end":{"line":104,"column":42}},"50":{"start":{"line":106,"column":6},"end":{"line":108,"column":9}},"51":{"start":{"line":107,"column":8},"end":{"line":107,"column":60}},"52":{"start":{"line":112,"column":2},"end":{"line":112,"column":87}},"53":{"start":{"line":113,"column":2},"end":{"line":113,"column":17}},"54":{"start":{"line":114,"column":2},"end":{"line":114,"column":89}}},"fnMap":{"0":{"name":"(anonymous_0)","decl":{"start":{"line":19,"column":46},"end":{"line":19,"column":47}},"loc":{"start":{"line":19,"column":66},"end":{"line":111,"column":1}},"line":19},"1":{"name":"(anonymous_1)","decl":{"start":{"line":22,"column":29},"end":{"line":22,"column":30}},"loc":{"start":{"line":22,"column":41},"end":{"line":110,"column":3}},"line":22},"2":{"name":"(anonymous_2)","decl":{"start":{"line":23,"column":35},"end":{"line":23,"column":36}},"loc":{"start":{"line":23,"column":47},"end":{"line":81,"column":5}},"line":23},"3":{"name":"(anonymous_3)","decl":{"start":{"line":27,"column":13},"end":{"line":27,"column":14}},"loc":{"start":{"line":27,"column":29},"end":{"line":36,"column":7}},"line":27},"4":{"name":"(anonymous_4)","decl":{"start":{"line":32,"column":15},"end":{"line":32,"column":16}},"loc":{"start":{"line":32,"column":42},"end":{"line":35,"column":9}},"line":32},"5":{"name":"(anonymous_5)","decl":{"start":{"line":37,"column":51},"end":{"line":37,"column":52}},"loc":{"start":{"line":37,"column":63},"end":{"line":58,"column":7}},"line":37},"6":{"name":"(anonymous_6)","decl":{"start":{"line":38,"column":15},"end":{"line":38,"column":16}},"loc":{"start":{"line":38,"column":31},"end":{"line":51,"column":9}},"line":38},"7":{"name":"(anonymous_7)","decl":{"start":{"line":46,"column":17},"end":{"line":46,"column":18}},"loc":{"start":{"line":46,"column":44},"end":{"line":50,"column":11}},"line":46},"8":{"name":"(anonymous_8)","decl":{"start":{"line":52,"column":44},"end":{"line":52,"column":45}},"loc":{"start":{"line":52,"column":56},"end":{"line":54,"column":9}},"line":52},"9":{"name":"(anonymous_9)","decl":{"start":{"line":55,"column":51},"end":{"line":55,"column":52}},"loc":{"start":{"line":55,"column":63},"end":{"line":57,"column":9}},"line":55},"10":{"name":"(anonymous_10)","decl":{"start":{"line":59,"column":46},"end":{"line":59,"column":47}},"loc":{"start":{"line":59,"column":58},"end":{"line":80,"column":7}},"line":59},"11":{"name":"(anonymous_11)","decl":{"start":{"line":60,"column":15},"end":{"line":60,"column":16}},"loc":{"start":{"line":60,"column":31},"end":{"line":73,"column":9}},"line":60},"12":{"name":"(anonymous_12)","decl":{"start":{"line":68,"column":17},"end":{"line":68,"column":18}},"loc":{"start":{"line":68,"column":44},"end":{"line":72,"column":11}},"line":68},"13":{"name":"(anonymous_13)","decl":{"start":{"line":74,"column":44},"end":{"line":74,"column":45}},"loc":{"start":{"line":74,"column":56},"end":{"line":76,"column":9}},"line":74},"14":{"name":"(anonymous_14)","decl":{"start":{"line":77,"column":51},"end":{"line":77,"column":52}},"loc":{"start":{"line":77,"column":63},"end":{"line":79,"column":9}},"line":77},"15":{"name":"(anonymous_15)","decl":{"start":{"line":82,"column":37},"end":{"line":82,"column":38}},"loc":{"start":{"line":82,"column":49},"end":{"line":109,"column":5}},"line":82},"16":{"name":"(anonymous_16)","decl":{"start":{"line":89,"column":13},"end":{"line":89,"column":14}},"loc":{"start":{"line":89,"column":29},"end":{"line":102,"column":7}},"line":89},"17":{"name":"(anonymous_17)","decl":{"start":{"line":97,"column":15},"end":{"line":97,"column":16}},"loc":{"start":{"line":97,"column":42},"end":{"line":101,"column":9}},"line":97},"18":{"name":"(anonymous_18)","decl":{"start":{"line":103,"column":42},"end":{"line":103,"column":43}},"loc":{"start":{"line":103,"column":54},"end":{"line":105,"column":7}},"line":103},"19":{"name":"(anonymous_19)","decl":{"start":{"line":106,"column":49},"end":{"line":106,"column":50}},"loc":{"start":{"line":106,"column":61},"end":{"line":108,"column":7}},"line":106},"20":{"name":"(anonymous_20)","decl":{"start":{"line":111,"column":12},"end":{"line":111,"column":13}},"loc":{"start":{"line":111,"column":25},"end":{"line":115,"column":1}},"line":111}},"branchMap":{},"s":{"0":1,"1":1,"2":1,"3":1,"4":1,"5":1,"6":1,"7":1,"8":1,"9":1,"10":1,"11":1,"12":1,"13":1,"14":1,"15":1,"16":1,"17":1,"18":1,"19":1,"20":1,"21":1,"22":1,"23":1,"24":1,"25":1,"26":1,"27":1,"28":1,"29":1,"30":1,"31":1,"32":1,"33":1,"34":1,"35":1,"36":1,"37":1,"38":1,"39":1,"40":1,"41":1,"42":1,"43":1,"44":1,"45":1,"46":1,"47":1,"48":1,"49":1,"50":1,"51":1,"52":0,"53":0,"54":0},"f":{"0":1,"1":1,"2":1,"3":1,"4":1,"5":1,"6":1,"7":1,"8":1,"9":1,"10":1,"11":1,"12":1,"13":1,"14":1,"15":1,"16":1,"17":1,"18":1,"19":1,"20":0},"b":{},"_coverageSchema":"43e27e138ebf9cfc5966b082cf9a028302ed4184","hash":"2474610a7096fa976b199a2e0ebfaa83f4817d5d","contentHash":"2ea4aef2c2b10665fb71aa932d859e781129ac15fe8c88b4b48e186ad7fcc43b"},"E:\\de\\teamwork\\teamwork-backend\\src\\test\\test-l--delete-gif.js":{"path":"E:\\de\\teamwork\\teamwork-backend\\src\\test\\test-l--delete-gif.js","statementMap":{"0":{"start":{"line":3,"column":29},"end":{"line":3,"column":84}},"1":{"start":{"line":5,"column":12},"end":{"line":5,"column":51}},"2":{"start":{"line":7,"column":16},"end":{"line":7,"column":60}},"3":{"start":{"line":9,"column":0},"end":{"line":9,"column":32}},"4":{"start":{"line":11,"column":11},"end":{"line":11,"column":52}},"5":{"start":{"line":13,"column":24},"end":{"line":13,"column":88}},"6":{"start":{"line":15,"column":0},"end":{"line":15,"column":43}},"7":{"start":{"line":17,"column":13},"end":{"line":17,"column":36}},"8":{"start":{"line":19,"column":0},"end":{"line":123,"column":3}},"9":{"start":{"line":20,"column":12},"end":{"line":20,"column":14}},"10":{"start":{"line":21,"column":2},"end":{"line":21,"column":22}},"11":{"start":{"line":22,"column":2},"end":{"line":118,"column":5}},"12":{"start":{"line":23,"column":4},"end":{"line":56,"column":7}},"13":{"start":{"line":24,"column":28},"end":{"line":24,"column":30}},"14":{"start":{"line":25,"column":17},"end":{"line":25,"column":19}},"15":{"start":{"line":26,"column":6},"end":{"line":35,"column":9}},"16":{"start":{"line":28,"column":8},"end":{"line":34,"column":11}},"17":{"start":{"line":32,"column":10},"end":{"line":32,"column":52}},"18":{"start":{"line":33,"column":10},"end":{"line":33,"column":17}},"19":{"start":{"line":36,"column":6},"end":{"line":49,"column":9}},"20":{"start":{"line":37,"column":8},"end":{"line":48,"column":11}},"21":{"start":{"line":45,"column":10},"end":{"line":45,"column":44}},"22":{"start":{"line":46,"column":10},"end":{"line":46,"column":36}},"23":{"start":{"line":47,"column":10},"end":{"line":47,"column":17}},"24":{"start":{"line":50,"column":6},"end":{"line":52,"column":9}},"25":{"start":{"line":51,"column":8},"end":{"line":51,"column":42}},"26":{"start":{"line":53,"column":6},"end":{"line":55,"column":9}},"27":{"start":{"line":54,"column":8},"end":{"line":54,"column":74}},"28":{"start":{"line":57,"column":4},"end":{"line":90,"column":7}},"29":{"start":{"line":58,"column":23},"end":{"line":58,"column":25}},"30":{"start":{"line":59,"column":17},"end":{"line":59,"column":19}},"31":{"start":{"line":60,"column":6},"end":{"line":69,"column":9}},"32":{"start":{"line":62,"column":8},"end":{"line":68,"column":11}},"33":{"start":{"line":66,"column":10},"end":{"line":66,"column":47}},"34":{"start":{"line":67,"column":10},"end":{"line":67,"column":17}},"35":{"start":{"line":70,"column":6},"end":{"line":83,"column":9}},"36":{"start":{"line":71,"column":8},"end":{"line":82,"column":11}},"37":{"start":{"line":79,"column":10},"end":{"line":79,"column":44}},"38":{"start":{"line":80,"column":10},"end":{"line":80,"column":36}},"39":{"start":{"line":81,"column":10},"end":{"line":81,"column":17}},"40":{"start":{"line":84,"column":6},"end":{"line":86,"column":9}},"41":{"start":{"line":85,"column":8},"end":{"line":85,"column":42}},"42":{"start":{"line":87,"column":6},"end":{"line":89,"column":9}},"43":{"start":{"line":88,"column":8},"end":{"line":88,"column":125}},"44":{"start":{"line":91,"column":4},"end":{"line":117,"column":7}},"45":{"start":{"line":92,"column":28},"end":{"line":96,"column":7}},"46":{"start":{"line":97,"column":17},"end":{"line":97,"column":19}},"47":{"start":{"line":98,"column":6},"end":{"line":110,"column":9}},"48":{"start":{"line":99,"column":8},"end":{"line":109,"column":11}},"49":{"start":{"line":106,"column":10},"end":{"line":106,"column":44}},"50":{"start":{"line":107,"column":10},"end":{"line":107,"column":36}},"51":{"start":{"line":108,"column":10},"end":{"line":108,"column":17}},"52":{"start":{"line":111,"column":6},"end":{"line":113,"column":9}},"53":{"start":{"line":112,"column":8},"end":{"line":112,"column":42}},"54":{"start":{"line":114,"column":6},"end":{"line":116,"column":9}},"55":{"start":{"line":115,"column":8},"end":{"line":115,"column":60}},"56":{"start":{"line":120,"column":2},"end":{"line":120,"column":86}},"57":{"start":{"line":121,"column":2},"end":{"line":121,"column":17}},"58":{"start":{"line":122,"column":2},"end":{"line":122,"column":88}}},"fnMap":{"0":{"name":"(anonymous_0)","decl":{"start":{"line":19,"column":46},"end":{"line":19,"column":47}},"loc":{"start":{"line":19,"column":66},"end":{"line":119,"column":1}},"line":19},"1":{"name":"(anonymous_1)","decl":{"start":{"line":22,"column":25},"end":{"line":22,"column":26}},"loc":{"start":{"line":22,"column":37},"end":{"line":118,"column":3}},"line":22},"2":{"name":"(anonymous_2)","decl":{"start":{"line":23,"column":30},"end":{"line":23,"column":31}},"loc":{"start":{"line":23,"column":42},"end":{"line":56,"column":5}},"line":23},"3":{"name":"(anonymous_3)","decl":{"start":{"line":26,"column":13},"end":{"line":26,"column":14}},"loc":{"start":{"line":26,"column":29},"end":{"line":35,"column":7}},"line":26},"4":{"name":"(anonymous_4)","decl":{"start":{"line":31,"column":15},"end":{"line":31,"column":16}},"loc":{"start":{"line":31,"column":42},"end":{"line":34,"column":9}},"line":31},"5":{"name":"(anonymous_5)","decl":{"start":{"line":36,"column":13},"end":{"line":36,"column":14}},"loc":{"start":{"line":36,"column":29},"end":{"line":49,"column":7}},"line":36},"6":{"name":"(anonymous_6)","decl":{"start":{"line":44,"column":15},"end":{"line":44,"column":16}},"loc":{"start":{"line":44,"column":42},"end":{"line":48,"column":9}},"line":44},"7":{"name":"(anonymous_7)","decl":{"start":{"line":50,"column":42},"end":{"line":50,"column":43}},"loc":{"start":{"line":50,"column":54},"end":{"line":52,"column":7}},"line":50},"8":{"name":"(anonymous_8)","decl":{"start":{"line":53,"column":51},"end":{"line":53,"column":52}},"loc":{"start":{"line":53,"column":63},"end":{"line":55,"column":7}},"line":53},"9":{"name":"(anonymous_9)","decl":{"start":{"line":57,"column":36},"end":{"line":57,"column":37}},"loc":{"start":{"line":57,"column":48},"end":{"line":90,"column":5}},"line":57},"10":{"name":"(anonymous_10)","decl":{"start":{"line":60,"column":13},"end":{"line":60,"column":14}},"loc":{"start":{"line":60,"column":29},"end":{"line":69,"column":7}},"line":60},"11":{"name":"(anonymous_11)","decl":{"start":{"line":65,"column":15},"end":{"line":65,"column":16}},"loc":{"start":{"line":65,"column":42},"end":{"line":68,"column":9}},"line":65},"12":{"name":"(anonymous_12)","decl":{"start":{"line":70,"column":13},"end":{"line":70,"column":14}},"loc":{"start":{"line":70,"column":29},"end":{"line":83,"column":7}},"line":70},"13":{"name":"(anonymous_13)","decl":{"start":{"line":78,"column":15},"end":{"line":78,"column":16}},"loc":{"start":{"line":78,"column":42},"end":{"line":82,"column":9}},"line":78},"14":{"name":"(anonymous_14)","decl":{"start":{"line":84,"column":42},"end":{"line":84,"column":43}},"loc":{"start":{"line":84,"column":54},"end":{"line":86,"column":7}},"line":84},"15":{"name":"(anonymous_15)","decl":{"start":{"line":87,"column":49},"end":{"line":87,"column":50}},"loc":{"start":{"line":87,"column":61},"end":{"line":89,"column":7}},"line":87},"16":{"name":"(anonymous_16)","decl":{"start":{"line":91,"column":37},"end":{"line":91,"column":38}},"loc":{"start":{"line":91,"column":49},"end":{"line":117,"column":5}},"line":91},"17":{"name":"(anonymous_17)","decl":{"start":{"line":98,"column":13},"end":{"line":98,"column":14}},"loc":{"start":{"line":98,"column":29},"end":{"line":110,"column":7}},"line":98},"18":{"name":"(anonymous_18)","decl":{"start":{"line":105,"column":15},"end":{"line":105,"column":16}},"loc":{"start":{"line":105,"column":42},"end":{"line":109,"column":9}},"line":105},"19":{"name":"(anonymous_19)","decl":{"start":{"line":111,"column":42},"end":{"line":111,"column":43}},"loc":{"start":{"line":111,"column":54},"end":{"line":113,"column":7}},"line":111},"20":{"name":"(anonymous_20)","decl":{"start":{"line":114,"column":49},"end":{"line":114,"column":50}},"loc":{"start":{"line":114,"column":61},"end":{"line":116,"column":7}},"line":114},"21":{"name":"(anonymous_21)","decl":{"start":{"line":119,"column":12},"end":{"line":119,"column":13}},"loc":{"start":{"line":119,"column":25},"end":{"line":123,"column":1}},"line":119}},"branchMap":{},"s":{"0":1,"1":1,"2":1,"3":1,"4":1,"5":1,"6":1,"7":1,"8":1,"9":1,"10":1,"11":1,"12":1,"13":1,"14":1,"15":1,"16":1,"17":1,"18":1,"19":1,"20":1,"21":1,"22":1,"23":1,"24":1,"25":1,"26":1,"27":1,"28":1,"29":1,"30":1,"31":1,"32":1,"33":1,"34":1,"35":1,"36":1,"37":1,"38":1,"39":1,"40":1,"41":1,"42":1,"43":1,"44":1,"45":1,"46":1,"47":1,"48":1,"49":1,"50":1,"51":1,"52":1,"53":1,"54":1,"55":1,"56":0,"57":0,"58":0},"f":{"0":1,"1":1,"2":1,"3":1,"4":1,"5":1,"6":1,"7":1,"8":1,"9":1,"10":1,"11":1,"12":1,"13":1,"14":1,"15":1,"16":1,"17":1,"18":1,"19":1,"20":1,"21":0},"b":{},"_coverageSchema":"43e27e138ebf9cfc5966b082cf9a028302ed4184","hash":"fe24ce93faaf24d7bfcdcac81fe15941c4ad7bea","contentHash":"4808eec8727d338542371ad57547d8285034d9a10ba2f6d5277eaba8bb0de385"},"E:\\de\\teamwork\\teamwork-backend\\src\\test\\test-m--get-feeds.js":{"path":"E:\\de\\teamwork\\teamwork-backend\\src\\test\\test-m--get-feeds.js","statementMap":{"0":{"start":{"line":3,"column":29},"end":{"line":3,"column":84}},"1":{"start":{"line":5,"column":12},"end":{"line":5,"column":51}},"2":{"start":{"line":7,"column":16},"end":{"line":7,"column":60}},"3":{"start":{"line":9,"column":0},"end":{"line":9,"column":32}},"4":{"start":{"line":11,"column":11},"end":{"line":11,"column":52}},"5":{"start":{"line":13,"column":0},"end":{"line":13,"column":43}},"6":{"start":{"line":15,"column":13},"end":{"line":15,"column":36}},"7":{"start":{"line":16,"column":0},"end":{"line":75,"column":3}},"8":{"start":{"line":17,"column":21},"end":{"line":17,"column":23}},"9":{"start":{"line":18,"column":2},"end":{"line":26,"column":5}},"10":{"start":{"line":19,"column":4},"end":{"line":25,"column":7}},"11":{"start":{"line":23,"column":6},"end":{"line":23,"column":45}},"12":{"start":{"line":24,"column":6},"end":{"line":24,"column":13}},"13":{"start":{"line":27,"column":2},"end":{"line":50,"column":5}},"14":{"start":{"line":28,"column":15},"end":{"line":28,"column":17}},"15":{"start":{"line":29,"column":4},"end":{"line":40,"column":7}},"16":{"start":{"line":30,"column":6},"end":{"line":39,"column":9}},"17":{"start":{"line":35,"column":8},"end":{"line":35,"column":40}},"18":{"start":{"line":36,"column":8},"end":{"line":36,"column":42}},"19":{"start":{"line":37,"column":8},"end":{"line":37,"column":34}},"20":{"start":{"line":38,"column":8},"end":{"line":38,"column":15}},"21":{"start":{"line":41,"column":4},"end":{"line":43,"column":7}},"22":{"start":{"line":42,"column":6},"end":{"line":42,"column":40}},"23":{"start":{"line":44,"column":4},"end":{"line":46,"column":7}},"24":{"start":{"line":45,"column":6},"end":{"line":45,"column":49}},"25":{"start":{"line":47,"column":4},"end":{"line":49,"column":7}},"26":{"start":{"line":48,"column":6},"end":{"line":48,"column":47}},"27":{"start":{"line":51,"column":2},"end":{"line":74,"column":5}},"28":{"start":{"line":52,"column":26},"end":{"line":55,"column":5}},"29":{"start":{"line":56,"column":15},"end":{"line":56,"column":17}},"30":{"start":{"line":57,"column":4},"end":{"line":67,"column":7}},"31":{"start":{"line":58,"column":6},"end":{"line":66,"column":9}},"32":{"start":{"line":63,"column":8},"end":{"line":63,"column":42}},"33":{"start":{"line":64,"column":8},"end":{"line":64,"column":34}},"34":{"start":{"line":65,"column":8},"end":{"line":65,"column":15}},"35":{"start":{"line":68,"column":4},"end":{"line":70,"column":7}},"36":{"start":{"line":69,"column":6},"end":{"line":69,"column":40}},"37":{"start":{"line":71,"column":4},"end":{"line":73,"column":7}},"38":{"start":{"line":72,"column":6},"end":{"line":72,"column":58}}},"fnMap":{"0":{"name":"(anonymous_0)","decl":{"start":{"line":16,"column":22},"end":{"line":16,"column":23}},"loc":{"start":{"line":16,"column":34},"end":{"line":75,"column":1}},"line":16},"1":{"name":"(anonymous_1)","decl":{"start":{"line":18,"column":9},"end":{"line":18,"column":10}},"loc":{"start":{"line":18,"column":25},"end":{"line":26,"column":3}},"line":18},"2":{"name":"(anonymous_2)","decl":{"start":{"line":22,"column":11},"end":{"line":22,"column":12}},"loc":{"start":{"line":22,"column":38},"end":{"line":25,"column":5}},"line":22},"3":{"name":"(anonymous_3)","decl":{"start":{"line":27,"column":33},"end":{"line":27,"column":34}},"loc":{"start":{"line":27,"column":45},"end":{"line":50,"column":3}},"line":27},"4":{"name":"(anonymous_4)","decl":{"start":{"line":29,"column":11},"end":{"line":29,"column":12}},"loc":{"start":{"line":29,"column":27},"end":{"line":40,"column":5}},"line":29},"5":{"name":"(anonymous_5)","decl":{"start":{"line":34,"column":20},"end":{"line":34,"column":21}},"loc":{"start":{"line":34,"column":47},"end":{"line":39,"column":7}},"line":34},"6":{"name":"(anonymous_6)","decl":{"start":{"line":41,"column":40},"end":{"line":41,"column":41}},"loc":{"start":{"line":41,"column":52},"end":{"line":43,"column":5}},"line":41},"7":{"name":"(anonymous_7)","decl":{"start":{"line":44,"column":49},"end":{"line":44,"column":50}},"loc":{"start":{"line":44,"column":61},"end":{"line":46,"column":5}},"line":44},"8":{"name":"(anonymous_8)","decl":{"start":{"line":47,"column":45},"end":{"line":47,"column":46}},"loc":{"start":{"line":47,"column":57},"end":{"line":49,"column":5}},"line":47},"9":{"name":"(anonymous_9)","decl":{"start":{"line":51,"column":35},"end":{"line":51,"column":36}},"loc":{"start":{"line":51,"column":47},"end":{"line":74,"column":3}},"line":51},"10":{"name":"(anonymous_10)","decl":{"start":{"line":57,"column":11},"end":{"line":57,"column":12}},"loc":{"start":{"line":57,"column":27},"end":{"line":67,"column":5}},"line":57},"11":{"name":"(anonymous_11)","decl":{"start":{"line":62,"column":20},"end":{"line":62,"column":21}},"loc":{"start":{"line":62,"column":47},"end":{"line":66,"column":7}},"line":62},"12":{"name":"(anonymous_12)","decl":{"start":{"line":68,"column":40},"end":{"line":68,"column":41}},"loc":{"start":{"line":68,"column":52},"end":{"line":70,"column":5}},"line":68},"13":{"name":"(anonymous_13)","decl":{"start":{"line":71,"column":47},"end":{"line":71,"column":48}},"loc":{"start":{"line":71,"column":59},"end":{"line":73,"column":5}},"line":71}},"branchMap":{},"s":{"0":1,"1":1,"2":1,"3":1,"4":1,"5":1,"6":1,"7":1,"8":1,"9":1,"10":1,"11":1,"12":1,"13":1,"14":1,"15":1,"16":1,"17":1,"18":1,"19":1,"20":1,"21":1,"22":1,"23":1,"24":1,"25":1,"26":1,"27":1,"28":1,"29":1,"30":1,"31":1,"32":1,"33":1,"34":1,"35":1,"36":1,"37":1,"38":1},"f":{"0":1,"1":1,"2":1,"3":1,"4":1,"5":1,"6":1,"7":1,"8":1,"9":1,"10":1,"11":1,"12":1,"13":1},"b":{},"_coverageSchema":"43e27e138ebf9cfc5966b082cf9a028302ed4184","hash":"088e0a0dc7d378cf4c0c7debe4698a50ea184a9b","contentHash":"83ba582d502302d70a960ffe59106e82bae4ba8a085f7dd7225ce852692317fb"}}