{"E:\\de\\teamwork-fullstack-app\\teamwork-backend\\src\\test\\test-a--create-article.js":{"path":"E:\\de\\teamwork-fullstack-app\\teamwork-backend\\src\\test\\test-a--create-article.js","statementMap":{"0":{"start":{"line":3,"column":29},"end":{"line":3,"column":84}},"1":{"start":{"line":5,"column":12},"end":{"line":5,"column":51}},"2":{"start":{"line":7,"column":16},"end":{"line":7,"column":60}},"3":{"start":{"line":9,"column":0},"end":{"line":9,"column":32}},"4":{"start":{"line":11,"column":11},"end":{"line":11,"column":52}},"5":{"start":{"line":13,"column":0},"end":{"line":13,"column":43}},"6":{"start":{"line":15,"column":13},"end":{"line":15,"column":36}},"7":{"start":{"line":16,"column":19},"end":{"line":16,"column":3404}},"8":{"start":{"line":17,"column":0},"end":{"line":154,"column":3}},"9":{"start":{"line":18,"column":2},"end":{"line":124,"column":5}},"10":{"start":{"line":19,"column":23},"end":{"line":19,"column":25}},"11":{"start":{"line":20,"column":4},"end":{"line":28,"column":7}},"12":{"start":{"line":21,"column":6},"end":{"line":27,"column":9}},"13":{"start":{"line":25,"column":8},"end":{"line":25,"column":47}},"14":{"start":{"line":26,"column":8},"end":{"line":26,"column":15}},"15":{"start":{"line":29,"column":4},"end":{"line":52,"column":7}},"16":{"start":{"line":30,"column":17},"end":{"line":30,"column":19}},"17":{"start":{"line":31,"column":6},"end":{"line":45,"column":9}},"18":{"start":{"line":32,"column":8},"end":{"line":44,"column":11}},"19":{"start":{"line":41,"column":10},"end":{"line":41,"column":44}},"20":{"start":{"line":42,"column":10},"end":{"line":42,"column":36}},"21":{"start":{"line":43,"column":10},"end":{"line":43,"column":17}},"22":{"start":{"line":46,"column":6},"end":{"line":48,"column":9}},"23":{"start":{"line":47,"column":8},"end":{"line":47,"column":42}},"24":{"start":{"line":49,"column":6},"end":{"line":51,"column":9}},"25":{"start":{"line":50,"column":8},"end":{"line":50,"column":50}},"26":{"start":{"line":53,"column":4},"end":{"line":76,"column":7}},"27":{"start":{"line":54,"column":17},"end":{"line":54,"column":19}},"28":{"start":{"line":55,"column":6},"end":{"line":69,"column":9}},"29":{"start":{"line":56,"column":8},"end":{"line":68,"column":11}},"30":{"start":{"line":65,"column":10},"end":{"line":65,"column":44}},"31":{"start":{"line":66,"column":10},"end":{"line":66,"column":36}},"32":{"start":{"line":67,"column":10},"end":{"line":67,"column":17}},"33":{"start":{"line":70,"column":6},"end":{"line":72,"column":9}},"34":{"start":{"line":71,"column":8},"end":{"line":71,"column":42}},"35":{"start":{"line":73,"column":6},"end":{"line":75,"column":9}},"36":{"start":{"line":74,"column":8},"end":{"line":74,"column":50}},"37":{"start":{"line":77,"column":4},"end":{"line":100,"column":7}},"38":{"start":{"line":78,"column":17},"end":{"line":78,"column":19}},"39":{"start":{"line":79,"column":6},"end":{"line":93,"column":9}},"40":{"start":{"line":80,"column":8},"end":{"line":92,"column":11}},"41":{"start":{"line":89,"column":10},"end":{"line":89,"column":44}},"42":{"start":{"line":90,"column":10},"end":{"line":90,"column":36}},"43":{"start":{"line":91,"column":10},"end":{"line":91,"column":17}},"44":{"start":{"line":94,"column":6},"end":{"line":96,"column":9}},"45":{"start":{"line":95,"column":8},"end":{"line":95,"column":42}},"46":{"start":{"line":97,"column":6},"end":{"line":99,"column":9}},"47":{"start":{"line":98,"column":8},"end":{"line":98,"column":77}},"48":{"start":{"line":101,"column":4},"end":{"line":123,"column":7}},"49":{"start":{"line":102,"column":17},"end":{"line":102,"column":19}},"50":{"start":{"line":103,"column":6},"end":{"line":116,"column":9}},"51":{"start":{"line":104,"column":8},"end":{"line":115,"column":11}},"52":{"start":{"line":112,"column":10},"end":{"line":112,"column":44}},"53":{"start":{"line":113,"column":10},"end":{"line":113,"column":36}},"54":{"start":{"line":114,"column":10},"end":{"line":114,"column":17}},"55":{"start":{"line":117,"column":6},"end":{"line":119,"column":9}},"56":{"start":{"line":118,"column":8},"end":{"line":118,"column":42}},"57":{"start":{"line":120,"column":6},"end":{"line":122,"column":9}},"58":{"start":{"line":121,"column":8},"end":{"line":121,"column":50}},"59":{"start":{"line":125,"column":2},"end":{"line":153,"column":5}},"60":{"start":{"line":126,"column":26},"end":{"line":130,"column":5}},"61":{"start":{"line":131,"column":15},"end":{"line":131,"column":17}},"62":{"start":{"line":132,"column":4},"end":{"line":146,"column":7}},"63":{"start":{"line":133,"column":6},"end":{"line":145,"column":9}},"64":{"start":{"line":142,"column":8},"end":{"line":142,"column":42}},"65":{"start":{"line":143,"column":8},"end":{"line":143,"column":34}},"66":{"start":{"line":144,"column":8},"end":{"line":144,"column":15}},"67":{"start":{"line":147,"column":4},"end":{"line":149,"column":7}},"68":{"start":{"line":148,"column":6},"end":{"line":148,"column":40}},"69":{"start":{"line":150,"column":4},"end":{"line":152,"column":7}},"70":{"start":{"line":151,"column":6},"end":{"line":151,"column":58}}},"fnMap":{"0":{"name":"(anonymous_0)","decl":{"start":{"line":17,"column":27},"end":{"line":17,"column":28}},"loc":{"start":{"line":17,"column":39},"end":{"line":154,"column":1}},"line":17},"1":{"name":"(anonymous_1)","decl":{"start":{"line":18,"column":33},"end":{"line":18,"column":34}},"loc":{"start":{"line":18,"column":45},"end":{"line":124,"column":3}},"line":18},"2":{"name":"(anonymous_2)","decl":{"start":{"line":20,"column":11},"end":{"line":20,"column":12}},"loc":{"start":{"line":20,"column":27},"end":{"line":28,"column":5}},"line":20},"3":{"name":"(anonymous_3)","decl":{"start":{"line":24,"column":13},"end":{"line":24,"column":14}},"loc":{"start":{"line":24,"column":40},"end":{"line":27,"column":7}},"line":24},"4":{"name":"(anonymous_4)","decl":{"start":{"line":29,"column":45},"end":{"line":29,"column":46}},"loc":{"start":{"line":29,"column":57},"end":{"line":52,"column":5}},"line":29},"5":{"name":"(anonymous_5)","decl":{"start":{"line":31,"column":13},"end":{"line":31,"column":14}},"loc":{"start":{"line":31,"column":29},"end":{"line":45,"column":7}},"line":31},"6":{"name":"(anonymous_6)","decl":{"start":{"line":40,"column":15},"end":{"line":40,"column":16}},"loc":{"start":{"line":40,"column":42},"end":{"line":44,"column":9}},"line":40},"7":{"name":"(anonymous_7)","decl":{"start":{"line":46,"column":42},"end":{"line":46,"column":43}},"loc":{"start":{"line":46,"column":54},"end":{"line":48,"column":7}},"line":46},"8":{"name":"(anonymous_8)","decl":{"start":{"line":49,"column":42},"end":{"line":49,"column":43}},"loc":{"start":{"line":49,"column":54},"end":{"line":51,"column":7}},"line":49},"9":{"name":"(anonymous_9)","decl":{"start":{"line":53,"column":39},"end":{"line":53,"column":40}},"loc":{"start":{"line":53,"column":51},"end":{"line":76,"column":5}},"line":53},"10":{"name":"(anonymous_10)","decl":{"start":{"line":55,"column":13},"end":{"line":55,"column":14}},"loc":{"start":{"line":55,"column":29},"end":{"line":69,"column":7}},"line":55},"11":{"name":"(anonymous_11)","decl":{"start":{"line":64,"column":15},"end":{"line":64,"column":16}},"loc":{"start":{"line":64,"column":42},"end":{"line":68,"column":9}},"line":64},"12":{"name":"(anonymous_12)","decl":{"start":{"line":70,"column":42},"end":{"line":70,"column":43}},"loc":{"start":{"line":70,"column":54},"end":{"line":72,"column":7}},"line":70},"13":{"name":"(anonymous_13)","decl":{"start":{"line":73,"column":41},"end":{"line":73,"column":42}},"loc":{"start":{"line":73,"column":53},"end":{"line":75,"column":7}},"line":73},"14":{"name":"(anonymous_14)","decl":{"start":{"line":77,"column":54},"end":{"line":77,"column":55}},"loc":{"start":{"line":77,"column":66},"end":{"line":100,"column":5}},"line":77},"15":{"name":"(anonymous_15)","decl":{"start":{"line":79,"column":13},"end":{"line":79,"column":14}},"loc":{"start":{"line":79,"column":29},"end":{"line":93,"column":7}},"line":79},"16":{"name":"(anonymous_16)","decl":{"start":{"line":88,"column":15},"end":{"line":88,"column":16}},"loc":{"start":{"line":88,"column":42},"end":{"line":92,"column":9}},"line":88},"17":{"name":"(anonymous_17)","decl":{"start":{"line":94,"column":42},"end":{"line":94,"column":43}},"loc":{"start":{"line":94,"column":54},"end":{"line":96,"column":7}},"line":94},"18":{"name":"(anonymous_18)","decl":{"start":{"line":97,"column":51},"end":{"line":97,"column":52}},"loc":{"start":{"line":97,"column":63},"end":{"line":99,"column":7}},"line":97},"19":{"name":"(anonymous_19)","decl":{"start":{"line":101,"column":45},"end":{"line":101,"column":46}},"loc":{"start":{"line":101,"column":57},"end":{"line":123,"column":5}},"line":101},"20":{"name":"(anonymous_20)","decl":{"start":{"line":103,"column":13},"end":{"line":103,"column":14}},"loc":{"start":{"line":103,"column":29},"end":{"line":116,"column":7}},"line":103},"21":{"name":"(anonymous_21)","decl":{"start":{"line":111,"column":15},"end":{"line":111,"column":16}},"loc":{"start":{"line":111,"column":42},"end":{"line":115,"column":9}},"line":111},"22":{"name":"(anonymous_22)","decl":{"start":{"line":117,"column":42},"end":{"line":117,"column":43}},"loc":{"start":{"line":117,"column":54},"end":{"line":119,"column":7}},"line":117},"23":{"name":"(anonymous_23)","decl":{"start":{"line":120,"column":41},"end":{"line":120,"column":42}},"loc":{"start":{"line":120,"column":53},"end":{"line":122,"column":7}},"line":120},"24":{"name":"(anonymous_24)","decl":{"start":{"line":125,"column":35},"end":{"line":125,"column":36}},"loc":{"start":{"line":125,"column":47},"end":{"line":153,"column":3}},"line":125},"25":{"name":"(anonymous_25)","decl":{"start":{"line":132,"column":11},"end":{"line":132,"column":12}},"loc":{"start":{"line":132,"column":27},"end":{"line":146,"column":5}},"line":132},"26":{"name":"(anonymous_26)","decl":{"start":{"line":141,"column":13},"end":{"line":141,"column":14}},"loc":{"start":{"line":141,"column":40},"end":{"line":145,"column":7}},"line":141},"27":{"name":"(anonymous_27)","decl":{"start":{"line":147,"column":40},"end":{"line":147,"column":41}},"loc":{"start":{"line":147,"column":52},"end":{"line":149,"column":5}},"line":147},"28":{"name":"(anonymous_28)","decl":{"start":{"line":150,"column":47},"end":{"line":150,"column":48}},"loc":{"start":{"line":150,"column":59},"end":{"line":152,"column":5}},"line":150}},"branchMap":{},"s":{"0":1,"1":1,"2":1,"3":1,"4":1,"5":1,"6":1,"7":1,"8":1,"9":1,"10":1,"11":1,"12":1,"13":1,"14":1,"15":1,"16":1,"17":1,"18":1,"19":1,"20":1,"21":1,"22":1,"23":1,"24":1,"25":1,"26":1,"27":1,"28":1,"29":1,"30":1,"31":1,"32":1,"33":1,"34":1,"35":1,"36":1,"37":1,"38":1,"39":1,"40":1,"41":1,"42":1,"43":1,"44":1,"45":1,"46":1,"47":1,"48":1,"49":1,"50":1,"51":1,"52":1,"53":1,"54":1,"55":1,"56":1,"57":1,"58":1,"59":1,"60":1,"61":1,"62":1,"63":1,"64":1,"65":1,"66":1,"67":1,"68":1,"69":1,"70":1},"f":{"0":1,"1":1,"2":1,"3":1,"4":1,"5":1,"6":1,"7":1,"8":1,"9":1,"10":1,"11":1,"12":1,"13":1,"14":1,"15":1,"16":1,"17":1,"18":1,"19":1,"20":1,"21":1,"22":1,"23":1,"24":1,"25":1,"26":1,"27":1,"28":1},"b":{},"_coverageSchema":"43e27e138ebf9cfc5966b082cf9a028302ed4184","hash":"ff9f2407bf12ec95d651ab66ad3804b48d05556c","contentHash":"0274c60df2f5711bd2bb229e23473532c537f633b3672d808eac516ea56b8c60"},"E:\\de\\teamwork-fullstack-app\\teamwork-backend\\src\\app.js":{"path":"E:\\de\\teamwork-fullstack-app\\teamwork-backend\\src\\app.js","statementMap":{"0":{"start":{"line":3,"column":29},"end":{"line":3,"column":84}},"1":{"start":{"line":5,"column":0},"end":{"line":7,"column":3}},"2":{"start":{"line":8,"column":0},"end":{"line":8,"column":28}},"3":{"start":{"line":10,"column":15},"end":{"line":10,"column":57}},"4":{"start":{"line":12,"column":18},"end":{"line":12,"column":40}},"5":{"start":{"line":14,"column":12},"end":{"line":14,"column":60}},"6":{"start":{"line":16,"column":16},"end":{"line":16,"column":68}},"7":{"start":{"line":18,"column":10},"end":{"line":18,"column":36}},"8":{"start":{"line":19,"column":0},"end":{"line":24,"column":3}},"9":{"start":{"line":20,"column":2},"end":{"line":20,"column":52}},"10":{"start":{"line":21,"column":2},"end":{"line":21,"column":122}},"11":{"start":{"line":22,"column":2},"end":{"line":22,"column":90}},"12":{"start":{"line":23,"column":2},"end":{"line":23,"column":9}},"13":{"start":{"line":25,"column":0},"end":{"line":25,"column":33}},"14":{"start":{"line":26,"column":0},"end":{"line":26,"column":42}},"15":{"start":{"line":27,"column":0},"end":{"line":27,"column":50}},"16":{"start":{"line":28,"column":15},"end":{"line":28,"column":18}},"17":{"start":{"line":29,"column":0},"end":{"line":29,"column":30}}},"fnMap":{"0":{"name":"(anonymous_0)","decl":{"start":{"line":19,"column":8},"end":{"line":19,"column":9}},"loc":{"start":{"line":19,"column":34},"end":{"line":24,"column":1}},"line":19}},"branchMap":{},"s":{"0":1,"1":1,"2":1,"3":1,"4":1,"5":1,"6":1,"7":1,"8":1,"9":64,"10":64,"11":64,"12":64,"13":1,"14":1,"15":1,"16":1,"17":1},"f":{"0":64},"b":{},"_coverageSchema":"43e27e138ebf9cfc5966b082cf9a028302ed4184","hash":"31b7c0cb6207b31b56a83ccac955842521dc4918","contentHash":"2df5ca7142217041ee06881a2562ff77a49aeec98a1ff1259601624899a320b7"},"E:\\de\\teamwork-fullstack-app\\teamwork-backend\\src\\routes\\auth.js":{"path":"E:\\de\\teamwork-fullstack-app\\teamwork-backend\\src\\routes\\auth.js","statementMap":{"0":{"start":{"line":3,"column":29},"end":{"line":3,"column":84}},"1":{"start":{"line":5,"column":0},"end":{"line":7,"column":3}},"2":{"start":{"line":8,"column":0},"end":{"line":8,"column":28}},"3":{"start":{"line":10,"column":15},"end":{"line":10,"column":57}},"4":{"start":{"line":12,"column":22},"end":{"line":12,"column":86}},"5":{"start":{"line":14,"column":12},"end":{"line":14,"column":65}},"6":{"start":{"line":16,"column":13},"end":{"line":16,"column":67}},"7":{"start":{"line":18,"column":13},"end":{"line":18,"column":41}},"8":{"start":{"line":32,"column":0},"end":{"line":32,"column":84}},"9":{"start":{"line":52,"column":0},"end":{"line":52,"column":125}},"10":{"start":{"line":53,"column":15},"end":{"line":53,"column":21}},"11":{"start":{"line":54,"column":0},"end":{"line":54,"column":30}}},"fnMap":{},"branchMap":{},"s":{"0":1,"1":1,"2":1,"3":1,"4":1,"5":1,"6":1,"7":1,"8":1,"9":1,"10":1,"11":1},"f":{},"b":{},"_coverageSchema":"43e27e138ebf9cfc5966b082cf9a028302ed4184","hash":"cab61c1fb8e1846e6c759b11ed45ff0b6f6e6237","contentHash":"c5e4cb2fbbff430cf8e8e58df4e6b07c959bbb7a29ac7f448191030d8df9e231"},"E:\\de\\teamwork-fullstack-app\\teamwork-backend\\src\\middleware\\input-validator.js":{"path":"E:\\de\\teamwork-fullstack-app\\teamwork-backend\\src\\middleware\\input-validator.js","statementMap":{"0":{"start":{"line":3,"column":0},"end":{"line":5,"column":3}},"1":{"start":{"line":6,"column":0},"end":{"line":6,"column":28}},"2":{"start":{"line":8,"column":24},"end":{"line":8,"column":52}},"3":{"start":{"line":10,"column":21},"end":{"line":10,"column":23}},"4":{"start":{"line":11,"column":0},"end":{"line":11,"column":246}},"5":{"start":{"line":12,"column":0},"end":{"line":28,"column":648}},"6":{"start":{"line":29,"column":0},"end":{"line":33,"column":253}},"7":{"start":{"line":34,"column":0},"end":{"line":36,"column":190}},"8":{"start":{"line":37,"column":0},"end":{"line":41,"column":378}},"9":{"start":{"line":42,"column":0},"end":{"line":44,"column":188}},"10":{"start":{"line":45,"column":0},"end":{"line":47,"column":134}},"11":{"start":{"line":48,"column":0},"end":{"line":48,"column":283}},"12":{"start":{"line":49,"column":15},"end":{"line":49,"column":29}},"13":{"start":{"line":50,"column":0},"end":{"line":50,"column":30}}},"fnMap":{},"branchMap":{},"s":{"0":1,"1":1,"2":1,"3":1,"4":1,"5":1,"6":1,"7":1,"8":1,"9":1,"10":1,"11":1,"12":1,"13":1},"f":{},"b":{},"_coverageSchema":"43e27e138ebf9cfc5966b082cf9a028302ed4184","hash":"5325443e4b67542bc9974d9bc271fe8512d8326f","contentHash":"64930a9377ae923aa50957f71ea2468ef0eabe582379aac50a8df3e40389fcab"},"E:\\de\\teamwork-fullstack-app\\teamwork-backend\\src\\middleware\\auth.js":{"path":"E:\\de\\teamwork-fullstack-app\\teamwork-backend\\src\\middleware\\auth.js","statementMap":{"0":{"start":{"line":3,"column":29},"end":{"line":3,"column":84}},"1":{"start":{"line":5,"column":0},"end":{"line":7,"column":3}},"2":{"start":{"line":8,"column":0},"end":{"line":8,"column":28}},"3":{"start":{"line":10,"column":20},"end":{"line":10,"column":67}},"4":{"start":{"line":12,"column":23},"end":{"line":12,"column":86}},"5":{"start":{"line":14,"column":11},"end":{"line":14,"column":13}},"6":{"start":{"line":15,"column":18},"end":{"line":15,"column":81}},"7":{"start":{"line":17,"column":0},"end":{"line":37,"column":2}},"8":{"start":{"line":18,"column":2},"end":{"line":36,"column":3}},"9":{"start":{"line":19,"column":16},"end":{"line":19,"column":55}},"10":{"start":{"line":21,"column":23},"end":{"line":21,"column":74}},"11":{"start":{"line":23,"column":4},"end":{"line":33,"column":5}},"12":{"start":{"line":24,"column":19},"end":{"line":24,"column":38}},"13":{"start":{"line":26,"column":6},"end":{"line":30,"column":7}},"14":{"start":{"line":27,"column":8},"end":{"line":27,"column":32}},"15":{"start":{"line":29,"column":8},"end":{"line":29,"column":15}},"16":{"start":{"line":32,"column":6},"end":{"line":32,"column":81}},"17":{"start":{"line":35,"column":4},"end":{"line":35,"column":79}},"18":{"start":{"line":39,"column":0},"end":{"line":64,"column":2}},"19":{"start":{"line":40,"column":2},"end":{"line":63,"column":3}},"20":{"start":{"line":41,"column":16},"end":{"line":41,"column":55}},"21":{"start":{"line":43,"column":23},"end":{"line":43,"column":74}},"22":{"start":{"line":45,"column":17},"end":{"line":45,"column":36}},"23":{"start":{"line":46,"column":18},"end":{"line":46,"column":38}},"24":{"start":{"line":48,"column":4},"end":{"line":60,"column":5}},"25":{"start":{"line":49,"column":6},"end":{"line":51,"column":7}},"26":{"start":{"line":50,"column":8},"end":{"line":50,"column":32}},"27":{"start":{"line":53,"column":6},"end":{"line":57,"column":7}},"28":{"start":{"line":54,"column":8},"end":{"line":54,"column":48}},"29":{"start":{"line":56,"column":8},"end":{"line":56,"column":15}},"30":{"start":{"line":59,"column":6},"end":{"line":59,"column":60}},"31":{"start":{"line":62,"column":4},"end":{"line":62,"column":79}},"32":{"start":{"line":66,"column":0},"end":{"line":86,"column":2}},"33":{"start":{"line":67,"column":2},"end":{"line":85,"column":3}},"34":{"start":{"line":68,"column":16},"end":{"line":68,"column":55}},"35":{"start":{"line":70,"column":23},"end":{"line":70,"column":74}},"36":{"start":{"line":72,"column":17},"end":{"line":72,"column":36}},"37":{"start":{"line":74,"column":4},"end":{"line":82,"column":5}},"38":{"start":{"line":75,"column":6},"end":{"line":79,"column":7}},"39":{"start":{"line":76,"column":8},"end":{"line":76,"column":105}},"40":{"start":{"line":78,"column":8},"end":{"line":78,"column":15}},"41":{"start":{"line":81,"column":6},"end":{"line":81,"column":60}},"42":{"start":{"line":84,"column":4},"end":{"line":84,"column":79}},"43":{"start":{"line":88,"column":15},"end":{"line":88,"column":19}},"44":{"start":{"line":89,"column":0},"end":{"line":89,"column":30}}},"fnMap":{"0":{"name":"(anonymous_0)","decl":{"start":{"line":17,"column":16},"end":{"line":17,"column":17}},"loc":{"start":{"line":17,"column":42},"end":{"line":37,"column":1}},"line":17},"1":{"name":"(anonymous_1)","decl":{"start":{"line":39,"column":17},"end":{"line":39,"column":18}},"loc":{"start":{"line":39,"column":43},"end":{"line":64,"column":1}},"line":39},"2":{"name":"(anonymous_2)","decl":{"start":{"line":66,"column":30},"end":{"line":66,"column":31}},"loc":{"start":{"line":66,"column":56},"end":{"line":86,"column":1}},"line":66}},"branchMap":{"0":{"loc":{"start":{"line":26,"column":6},"end":{"line":30,"column":7}},"type":"if","locations":[{"start":{"line":26,"column":6},"end":{"line":30,"column":7}},{"start":{"line":26,"column":6},"end":{"line":30,"column":7}}],"line":26},"1":{"loc":{"start":{"line":26,"column":10},"end":{"line":26,"column":55}},"type":"binary-expr","locations":[{"start":{"line":26,"column":10},"end":{"line":26,"column":25}},{"start":{"line":26,"column":29},"end":{"line":26,"column":55}}],"line":26},"2":{"loc":{"start":{"line":49,"column":6},"end":{"line":51,"column":7}},"type":"if","locations":[{"start":{"line":49,"column":6},"end":{"line":51,"column":7}},{"start":{"line":49,"column":6},"end":{"line":51,"column":7}}],"line":49},"3":{"loc":{"start":{"line":49,"column":10},"end":{"line":49,"column":55}},"type":"binary-expr","locations":[{"start":{"line":49,"column":10},"end":{"line":49,"column":25}},{"start":{"line":49,"column":29},"end":{"line":49,"column":55}}],"line":49},"4":{"loc":{"start":{"line":53,"column":6},"end":{"line":57,"column":7}},"type":"if","locations":[{"start":{"line":53,"column":6},"end":{"line":57,"column":7}},{"start":{"line":53,"column":6},"end":{"line":57,"column":7}}],"line":53},"5":{"loc":{"start":{"line":75,"column":6},"end":{"line":79,"column":7}},"type":"if","locations":[{"start":{"line":75,"column":6},"end":{"line":79,"column":7}},{"start":{"line":75,"column":6},"end":{"line":79,"column":7}}],"line":75},"6":{"loc":{"start":{"line":75,"column":10},"end":{"line":75,"column":68}},"type":"binary-expr","locations":[{"start":{"line":75,"column":10},"end":{"line":75,"column":16}},{"start":{"line":75,"column":20},"end":{"line":75,"column":68}}],"line":75}},"s":{"0":1,"1":1,"2":1,"3":1,"4":1,"5":1,"6":1,"7":1,"8":30,"9":30,"10":30,"11":22,"12":22,"13":22,"14":0,"15":22,"16":0,"17":8,"18":1,"19":13,"20":13,"21":13,"22":11,"23":11,"24":11,"25":11,"26":0,"27":11,"28":3,"29":8,"30":3,"31":2,"32":1,"33":7,"34":7,"35":7,"36":7,"37":7,"38":7,"39":2,"40":5,"41":2,"42":0,"43":1,"44":1},"f":{"0":30,"1":13,"2":7},"b":{"0":[0,22],"1":[22,22],"2":[0,11],"3":[11,11],"4":[3,8],"5":[2,5],"6":[7,7]},"_coverageSchema":"43e27e138ebf9cfc5966b082cf9a028302ed4184","hash":"21bee58aa4e0e1a0e108c8439ce36b395eb530fc","contentHash":"3a4149197a7f07e51a13e8214675aa41a681a0dfb0225cddd3cd2a595be6273c"},"E:\\de\\teamwork-fullstack-app\\teamwork-backend\\src\\utilities\\responseUtility.js":{"path":"E:\\de\\teamwork-fullstack-app\\teamwork-backend\\src\\utilities\\responseUtility.js","statementMap":{"0":{"start":{"line":3,"column":0},"end":{"line":5,"column":3}},"1":{"start":{"line":6,"column":0},"end":{"line":6,"column":28}},"2":{"start":{"line":7,"column":22},"end":{"line":7,"column":24}},"3":{"start":{"line":9,"column":0},"end":{"line":14,"column":2}},"4":{"start":{"line":10,"column":2},"end":{"line":13,"column":5}},"5":{"start":{"line":16,"column":0},"end":{"line":21,"column":2}},"6":{"start":{"line":17,"column":2},"end":{"line":20,"column":5}},"7":{"start":{"line":23,"column":15},"end":{"line":23,"column":30}},"8":{"start":{"line":24,"column":0},"end":{"line":24,"column":30}}},"fnMap":{"0":{"name":"(anonymous_0)","decl":{"start":{"line":9,"column":26},"end":{"line":9,"column":27}},"loc":{"start":{"line":9,"column":47},"end":{"line":14,"column":1}},"line":9},"1":{"name":"(anonymous_1)","decl":{"start":{"line":16,"column":24},"end":{"line":16,"column":25}},"loc":{"start":{"line":16,"column":50},"end":{"line":21,"column":1}},"line":16}},"branchMap":{},"s":{"0":1,"1":1,"2":1,"3":1,"4":33,"5":1,"6":31,"7":1,"8":1},"f":{"0":33,"1":31},"b":{},"_coverageSchema":"43e27e138ebf9cfc5966b082cf9a028302ed4184","hash":"4c67845b7feb411f283451ba3fd9fc33efd2a68f","contentHash":"ecc6e2181f715f886d177fe15c85270661c4fe168cb98a60fad58917f8d402a0"},"E:\\de\\teamwork-fullstack-app\\teamwork-backend\\src\\controllers\\auth.js":{"path":"E:\\de\\teamwork-fullstack-app\\teamwork-backend\\src\\controllers\\auth.js","statementMap":{"0":{"start":{"line":3,"column":29},"end":{"line":3,"column":84}},"1":{"start":{"line":5,"column":0},"end":{"line":7,"column":3}},"2":{"start":{"line":8,"column":0},"end":{"line":8,"column":28}},"3":{"start":{"line":10,"column":14},"end":{"line":10,"column":55}},"4":{"start":{"line":12,"column":20},"end":{"line":12,"column":67}},"5":{"start":{"line":14,"column":24},"end":{"line":14,"column":52}},"6":{"start":{"line":16,"column":23},"end":{"line":16,"column":86}},"7":{"start":{"line":18,"column":10},"end":{"line":18,"column":50}},"8":{"start":{"line":20,"column":21},"end":{"line":20,"column":23}},"9":{"start":{"line":21,"column":18},"end":{"line":21,"column":81}},"10":{"start":{"line":23,"column":0},"end":{"line":65,"column":2}},"11":{"start":{"line":24,"column":15},"end":{"line":24,"column":59}},"12":{"start":{"line":26,"column":2},"end":{"line":28,"column":3}},"13":{"start":{"line":27,"column":4},"end":{"line":27,"column":71}},"14":{"start":{"line":30,"column":14},"end":{"line":33,"column":3}},"15":{"start":{"line":35,"column":2},"end":{"line":64,"column":5}},"16":{"start":{"line":36,"column":4},"end":{"line":38,"column":5}},"17":{"start":{"line":37,"column":6},"end":{"line":37,"column":88}},"18":{"start":{"line":40,"column":4},"end":{"line":61,"column":7}},"19":{"start":{"line":41,"column":6},"end":{"line":43,"column":7}},"20":{"start":{"line":42,"column":8},"end":{"line":42,"column":83}},"21":{"start":{"line":45,"column":18},"end":{"line":50,"column":8}},"22":{"start":{"line":52,"column":17},"end":{"line":56,"column":7}},"23":{"start":{"line":58,"column":6},"end":{"line":58,"column":53}},"24":{"start":{"line":60,"column":6},"end":{"line":60,"column":81}},"25":{"start":{"line":63,"column":4},"end":{"line":63,"column":64}},"26":{"start":{"line":67,"column":18},"end":{"line":89,"column":1}},"27":{"start":{"line":68,"column":2},"end":{"line":88,"column":5}},"28":{"start":{"line":69,"column":16},"end":{"line":74,"column":5}},"29":{"start":{"line":76,"column":4},"end":{"line":87,"column":7}},"30":{"start":{"line":77,"column":6},"end":{"line":79,"column":7}},"31":{"start":{"line":78,"column":8},"end":{"line":78,"column":22}},"32":{"start":{"line":81,"column":6},"end":{"line":81,"column":21}},"33":{"start":{"line":83,"column":6},"end":{"line":86,"column":9}},"34":{"start":{"line":91,"column":0},"end":{"line":140,"column":2}},"35":{"start":{"line":92,"column":15},"end":{"line":92,"column":59}},"36":{"start":{"line":94,"column":2},"end":{"line":96,"column":3}},"37":{"start":{"line":95,"column":4},"end":{"line":95,"column":71}},"38":{"start":{"line":98,"column":18},"end":{"line":98,"column":26}},"39":{"start":{"line":99,"column":18},"end":{"line":99,"column":37}},"40":{"start":{"line":100,"column":17},"end":{"line":100,"column":35}},"41":{"start":{"line":101,"column":14},"end":{"line":101,"column":29}},"42":{"start":{"line":102,"column":16},"end":{"line":102,"column":33}},"43":{"start":{"line":103,"column":17},"end":{"line":103,"column":35}},"44":{"start":{"line":104,"column":15},"end":{"line":104,"column":31}},"45":{"start":{"line":105,"column":16},"end":{"line":105,"column":33}},"46":{"start":{"line":106,"column":19},"end":{"line":106,"column":39}},"47":{"start":{"line":107,"column":16},"end":{"line":107,"column":33}},"48":{"start":{"line":108,"column":2},"end":{"line":139,"column":5}},"49":{"start":{"line":109,"column":4},"end":{"line":111,"column":5}},"50":{"start":{"line":110,"column":6},"end":{"line":110,"column":86}},"51":{"start":{"line":113,"column":17},"end":{"line":113,"column":37}},"52":{"start":{"line":114,"column":16},"end":{"line":114,"column":86}},"53":{"start":{"line":116,"column":4},"end":{"line":136,"column":7}},"54":{"start":{"line":117,"column":18},"end":{"line":120,"column":7}},"55":{"start":{"line":122,"column":6},"end":{"line":133,"column":9}},"56":{"start":{"line":123,"column":19},"end":{"line":128,"column":9}},"57":{"start":{"line":130,"column":8},"end":{"line":130,"column":55}},"58":{"start":{"line":132,"column":8},"end":{"line":132,"column":68}},"59":{"start":{"line":135,"column":6},"end":{"line":135,"column":66}},"60":{"start":{"line":138,"column":4},"end":{"line":138,"column":64}},"61":{"start":{"line":142,"column":15},"end":{"line":142,"column":29}},"62":{"start":{"line":143,"column":0},"end":{"line":143,"column":30}}},"fnMap":{"0":{"name":"(anonymous_0)","decl":{"start":{"line":23,"column":24},"end":{"line":23,"column":25}},"loc":{"start":{"line":23,"column":44},"end":{"line":65,"column":1}},"line":23},"1":{"name":"(anonymous_1)","decl":{"start":{"line":35,"column":35},"end":{"line":35,"column":36}},"loc":{"start":{"line":35,"column":51},"end":{"line":62,"column":3}},"line":35},"2":{"name":"(anonymous_2)","decl":{"start":{"line":40,"column":78},"end":{"line":40,"column":79}},"loc":{"start":{"line":40,"column":95},"end":{"line":59,"column":5}},"line":40},"3":{"name":"(anonymous_3)","decl":{"start":{"line":59,"column":16},"end":{"line":59,"column":17}},"loc":{"start":{"line":59,"column":33},"end":{"line":61,"column":5}},"line":59},"4":{"name":"(anonymous_4)","decl":{"start":{"line":62,"column":14},"end":{"line":62,"column":15}},"loc":{"start":{"line":62,"column":31},"end":{"line":64,"column":3}},"line":62},"5":{"name":"emailExists","decl":{"start":{"line":67,"column":27},"end":{"line":67,"column":38}},"loc":{"start":{"line":67,"column":46},"end":{"line":89,"column":1}},"line":67},"6":{"name":"(anonymous_6)","decl":{"start":{"line":68,"column":21},"end":{"line":68,"column":22}},"loc":{"start":{"line":68,"column":48},"end":{"line":88,"column":3}},"line":68},"7":{"name":"(anonymous_7)","decl":{"start":{"line":76,"column":37},"end":{"line":76,"column":38}},"loc":{"start":{"line":76,"column":53},"end":{"line":82,"column":5}},"line":76},"8":{"name":"(anonymous_8)","decl":{"start":{"line":82,"column":16},"end":{"line":82,"column":17}},"loc":{"start":{"line":82,"column":33},"end":{"line":87,"column":5}},"line":82},"9":{"name":"(anonymous_9)","decl":{"start":{"line":91,"column":28},"end":{"line":91,"column":29}},"loc":{"start":{"line":91,"column":48},"end":{"line":140,"column":1}},"line":91},"10":{"name":"(anonymous_10)","decl":{"start":{"line":108,"column":26},"end":{"line":108,"column":27}},"loc":{"start":{"line":108,"column":49},"end":{"line":137,"column":3}},"line":108},"11":{"name":"(anonymous_11)","decl":{"start":{"line":116,"column":47},"end":{"line":116,"column":48}},"loc":{"start":{"line":116,"column":63},"end":{"line":134,"column":5}},"line":116},"12":{"name":"(anonymous_12)","decl":{"start":{"line":122,"column":39},"end":{"line":122,"column":40}},"loc":{"start":{"line":122,"column":51},"end":{"line":131,"column":7}},"line":122},"13":{"name":"(anonymous_13)","decl":{"start":{"line":131,"column":18},"end":{"line":131,"column":19}},"loc":{"start":{"line":131,"column":35},"end":{"line":133,"column":7}},"line":131},"14":{"name":"(anonymous_14)","decl":{"start":{"line":134,"column":16},"end":{"line":134,"column":17}},"loc":{"start":{"line":134,"column":33},"end":{"line":136,"column":5}},"line":134},"15":{"name":"(anonymous_15)","decl":{"start":{"line":137,"column":14},"end":{"line":137,"column":15}},"loc":{"start":{"line":137,"column":31},"end":{"line":139,"column":3}},"line":137}},"branchMap":{"0":{"loc":{"start":{"line":26,"column":2},"end":{"line":28,"column":3}},"type":"if","locations":[{"start":{"line":26,"column":2},"end":{"line":28,"column":3}},{"start":{"line":26,"column":2},"end":{"line":28,"column":3}}],"line":26},"1":{"loc":{"start":{"line":36,"column":4},"end":{"line":38,"column":5}},"type":"if","locations":[{"start":{"line":36,"column":4},"end":{"line":38,"column":5}},{"start":{"line":36,"column":4},"end":{"line":38,"column":5}}],"line":36},"2":{"loc":{"start":{"line":41,"column":6},"end":{"line":43,"column":7}},"type":"if","locations":[{"start":{"line":41,"column":6},"end":{"line":43,"column":7}},{"start":{"line":41,"column":6},"end":{"line":43,"column":7}}],"line":41},"3":{"loc":{"start":{"line":77,"column":6},"end":{"line":79,"column":7}},"type":"if","locations":[{"start":{"line":77,"column":6},"end":{"line":79,"column":7}},{"start":{"line":77,"column":6},"end":{"line":79,"column":7}}],"line":77},"4":{"loc":{"start":{"line":94,"column":2},"end":{"line":96,"column":3}},"type":"if","locations":[{"start":{"line":94,"column":2},"end":{"line":96,"column":3}},{"start":{"line":94,"column":2},"end":{"line":96,"column":3}}],"line":94},"5":{"loc":{"start":{"line":109,"column":4},"end":{"line":111,"column":5}},"type":"if","locations":[{"start":{"line":109,"column":4},"end":{"line":111,"column":5}},{"start":{"line":109,"column":4},"end":{"line":111,"column":5}}],"line":109},"6":{"loc":{"start":{"line":114,"column":16},"end":{"line":114,"column":86}},"type":"cond-expr","locations":[{"start":{"line":114,"column":45},"end":{"line":114,"column":47}},{"start":{"line":114,"column":50},"end":{"line":114,"column":86}}],"line":114}},"s":{"0":1,"1":1,"2":1,"3":1,"4":1,"5":1,"6":1,"7":1,"8":1,"9":1,"10":1,"11":21,"12":21,"13":0,"14":21,"15":21,"16":21,"17":1,"18":20,"19":20,"20":0,"21":20,"22":20,"23":20,"24":0,"25":0,"26":1,"27":2,"28":2,"29":2,"30":2,"31":1,"32":2,"33":0,"34":1,"35":3,"36":3,"37":1,"38":2,"39":2,"40":2,"41":2,"42":2,"43":2,"44":2,"45":2,"46":2,"47":2,"48":2,"49":2,"50":1,"51":1,"52":1,"53":1,"54":1,"55":1,"56":1,"57":1,"58":0,"59":0,"60":0,"61":1,"62":1},"f":{"0":21,"1":21,"2":20,"3":0,"4":0,"5":2,"6":2,"7":2,"8":0,"9":3,"10":2,"11":1,"12":1,"13":0,"14":0,"15":0},"b":{"0":[0,21],"1":[1,20],"2":[0,20],"3":[1,1],"4":[1,2],"5":[1,1],"6":[0,1]},"_coverageSchema":"43e27e138ebf9cfc5966b082cf9a028302ed4184","hash":"fface01dec33068ad6c85211b4c5259b9d220400","contentHash":"45aa527bd021454749d3adc31e0a890d6471d36db6e26d1558279e8a12596a92"},"E:\\de\\teamwork-fullstack-app\\teamwork-backend\\src\\db\\index.js":{"path":"E:\\de\\teamwork-fullstack-app\\teamwork-backend\\src\\db\\index.js","statementMap":{"0":{"start":{"line":3,"column":29},"end":{"line":3,"column":84}},"1":{"start":{"line":5,"column":0},"end":{"line":7,"column":3}},"2":{"start":{"line":8,"column":0},"end":{"line":8,"column":28}},"3":{"start":{"line":10,"column":10},"end":{"line":10,"column":23}},"4":{"start":{"line":12,"column":14},"end":{"line":12,"column":65}},"5":{"start":{"line":14,"column":0},"end":{"line":14,"column":36}},"6":{"start":{"line":15,"column":0},"end":{"line":15,"column":34}},"7":{"start":{"line":16,"column":8},"end":{"line":16,"column":9}},"8":{"start":{"line":17,"column":10},"end":{"line":17,"column":90}},"9":{"start":{"line":18,"column":0},"end":{"line":18,"column":21}},"10":{"start":{"line":19,"column":0},"end":{"line":19,"column":17}},"11":{"start":{"line":20,"column":17},"end":{"line":20,"column":19}},"12":{"start":{"line":22,"column":0},"end":{"line":31,"column":1}},"13":{"start":{"line":23,"column":2},"end":{"line":23,"column":116}},"14":{"start":{"line":25,"column":24},"end":{"line":25,"column":47}},"15":{"start":{"line":26,"column":17},"end":{"line":26,"column":41}},"16":{"start":{"line":27,"column":17},"end":{"line":27,"column":41}},"17":{"start":{"line":28,"column":17},"end":{"line":28,"column":41}},"18":{"start":{"line":29,"column":13},"end":{"line":29,"column":33}},"19":{"start":{"line":30,"column":2},"end":{"line":30,"column":123}},"20":{"start":{"line":33,"column":0},"end":{"line":33,"column":41}},"21":{"start":{"line":34,"column":0},"end":{"line":34,"column":31}},"22":{"start":{"line":35,"column":13},"end":{"line":37,"column":2}},"23":{"start":{"line":38,"column":0},"end":{"line":38,"column":17}},"24":{"start":{"line":39,"column":0},"end":{"line":41,"column":3}},"25":{"start":{"line":40,"column":2},"end":{"line":40,"column":56}},"26":{"start":{"line":42,"column":0},"end":{"line":44,"column":3}},"27":{"start":{"line":43,"column":2},"end":{"line":43,"column":37}},"28":{"start":{"line":45,"column":9},"end":{"line":45,"column":11}},"29":{"start":{"line":47,"column":0},"end":{"line":61,"column":2}},"30":{"start":{"line":48,"column":2},"end":{"line":60,"column":5}},"31":{"start":{"line":49,"column":4},"end":{"line":59,"column":7}},"32":{"start":{"line":50,"column":6},"end":{"line":56,"column":7}},"33":{"start":{"line":51,"column":8},"end":{"line":51,"column":56}},"34":{"start":{"line":52,"column":8},"end":{"line":55,"column":11}},"35":{"start":{"line":58,"column":6},"end":{"line":58,"column":22}},"36":{"start":{"line":63,"column":0},"end":{"line":81,"column":2}},"37":{"start":{"line":64,"column":2},"end":{"line":80,"column":5}},"38":{"start":{"line":65,"column":14},"end":{"line":65,"column":31}},"39":{"start":{"line":67,"column":4},"end":{"line":77,"column":5}},"40":{"start":{"line":67,"column":17},"end":{"line":67,"column":18}},"41":{"start":{"line":68,"column":6},"end":{"line":76,"column":9}},"42":{"start":{"line":69,"column":8},"end":{"line":75,"column":9}},"43":{"start":{"line":70,"column":10},"end":{"line":70,"column":58}},"44":{"start":{"line":71,"column":10},"end":{"line":74,"column":13}},"45":{"start":{"line":79,"column":4},"end":{"line":79,"column":18}},"46":{"start":{"line":83,"column":15},"end":{"line":83,"column":17}},"47":{"start":{"line":84,"column":0},"end":{"line":84,"column":30}}},"fnMap":{"0":{"name":"(anonymous_0)","decl":{"start":{"line":39,"column":19},"end":{"line":39,"column":20}},"loc":{"start":{"line":39,"column":34},"end":{"line":41,"column":1}},"line":39},"1":{"name":"(anonymous_1)","decl":{"start":{"line":42,"column":20},"end":{"line":42,"column":21}},"loc":{"start":{"line":42,"column":35},"end":{"line":44,"column":1}},"line":42},"2":{"name":"(anonymous_2)","decl":{"start":{"line":47,"column":11},"end":{"line":47,"column":12}},"loc":{"start":{"line":47,"column":34},"end":{"line":61,"column":1}},"line":47},"3":{"name":"(anonymous_3)","decl":{"start":{"line":48,"column":21},"end":{"line":48,"column":22}},"loc":{"start":{"line":48,"column":48},"end":{"line":60,"column":3}},"line":48},"4":{"name":"(anonymous_4)","decl":{"start":{"line":49,"column":30},"end":{"line":49,"column":31}},"loc":{"start":{"line":49,"column":53},"end":{"line":59,"column":5}},"line":49},"5":{"name":"(anonymous_5)","decl":{"start":{"line":63,"column":19},"end":{"line":63,"column":20}},"loc":{"start":{"line":63,"column":41},"end":{"line":81,"column":1}},"line":63},"6":{"name":"(anonymous_6)","decl":{"start":{"line":64,"column":21},"end":{"line":64,"column":22}},"loc":{"start":{"line":64,"column":48},"end":{"line":80,"column":3}},"line":64},"7":{"name":"(anonymous_7)","decl":{"start":{"line":68,"column":61},"end":{"line":68,"column":62}},"loc":{"start":{"line":68,"column":84},"end":{"line":76,"column":7}},"line":68}},"branchMap":{"0":{"loc":{"start":{"line":17,"column":10},"end":{"line":17,"column":90}},"type":"cond-expr","locations":[{"start":{"line":17,"column":47},"end":{"line":17,"column":60}},{"start":{"line":17,"column":63},"end":{"line":17,"column":90}}],"line":17},"1":{"loc":{"start":{"line":22,"column":0},"end":{"line":31,"column":1}},"type":"if","locations":[{"start":{"line":22,"column":0},"end":{"line":31,"column":1}},{"start":{"line":22,"column":0},"end":{"line":31,"column":1}}],"line":22},"2":{"loc":{"start":{"line":50,"column":6},"end":{"line":56,"column":7}},"type":"if","locations":[{"start":{"line":50,"column":6},"end":{"line":56,"column":7}},{"start":{"line":50,"column":6},"end":{"line":56,"column":7}}],"line":50},"3":{"loc":{"start":{"line":69,"column":8},"end":{"line":75,"column":9}},"type":"if","locations":[{"start":{"line":69,"column":8},"end":{"line":75,"column":9}},{"start":{"line":69,"column":8},"end":{"line":75,"column":9}}],"line":69}},"s":{"0":1,"1":1,"2":1,"3":1,"4":1,"5":1,"6":1,"7":1,"8":1,"9":1,"10":1,"11":1,"12":1,"13":1,"14":0,"15":0,"16":0,"17":0,"18":0,"19":0,"20":1,"21":1,"22":1,"23":1,"24":1,"25":0,"26":1,"27":0,"28":1,"29":1,"30":50,"31":50,"32":50,"33":0,"34":0,"35":50,"36":1,"37":3,"38":3,"39":3,"40":3,"41":6,"42":6,"43":0,"44":0,"45":3,"46":1,"47":1},"f":{"0":0,"1":0,"2":50,"3":50,"4":50,"5":3,"6":3,"7":6},"b":{"0":[0,1],"1":[1,0],"2":[0,50],"3":[0,6]},"_coverageSchema":"43e27e138ebf9cfc5966b082cf9a028302ed4184","hash":"75aa2a875583763461d7845bfec20fdd07018e5e","contentHash":"fb830807dd4ad5d410707e05f49734dab4c02f78c39376d1c48888851752af0c"},"E:\\de\\teamwork-fullstack-app\\teamwork-backend\\src\\config\\config.js":{"path":"E:\\de\\teamwork-fullstack-app\\teamwork-backend\\src\\config\\config.js","statementMap":{"0":{"start":{"line":3,"column":0},"end":{"line":3,"column":27}},"1":{"start":{"line":5,"column":0},"end":{"line":20,"column":2}}},"fnMap":{},"branchMap":{},"s":{"0":1,"1":1},"f":{},"b":{},"_coverageSchema":"43e27e138ebf9cfc5966b082cf9a028302ed4184","hash":"7810aca70c737f23cbbb60a1876f41bad975582d","contentHash":"4f01cc46665d1a2ee144d11eee093c7aa6e2a8857aa262c01d784d1ef478bed3"},"E:\\de\\teamwork-fullstack-app\\teamwork-backend\\src\\routes\\articles.js":{"path":"E:\\de\\teamwork-fullstack-app\\teamwork-backend\\src\\routes\\articles.js","statementMap":{"0":{"start":{"line":3,"column":29},"end":{"line":3,"column":84}},"1":{"start":{"line":5,"column":0},"end":{"line":7,"column":3}},"2":{"start":{"line":8,"column":0},"end":{"line":8,"column":28}},"3":{"start":{"line":10,"column":15},"end":{"line":10,"column":57}},"4":{"start":{"line":12,"column":22},"end":{"line":12,"column":86}},"5":{"start":{"line":14,"column":12},"end":{"line":14,"column":65}},"6":{"start":{"line":16,"column":16},"end":{"line":16,"column":74}},"7":{"start":{"line":18,"column":13},"end":{"line":18,"column":41}},"8":{"start":{"line":34,"column":0},"end":{"line":34,"column":122}},"9":{"start":{"line":48,"column":0},"end":{"line":48,"column":135}},"10":{"start":{"line":62,"column":0},"end":{"line":62,"column":157}},"11":{"start":{"line":79,"column":0},"end":{"line":79,"column":167}},"12":{"start":{"line":96,"column":0},"end":{"line":96,"column":170}},"13":{"start":{"line":116,"column":0},"end":{"line":116,"column":138}},"14":{"start":{"line":128,"column":0},"end":{"line":128,"column":135}},"15":{"start":{"line":140,"column":0},"end":{"line":140,"column":136}},"16":{"start":{"line":157,"column":0},"end":{"line":157,"column":185}},"17":{"start":{"line":173,"column":0},"end":{"line":173,"column":155}},"18":{"start":{"line":174,"column":15},"end":{"line":174,"column":21}},"19":{"start":{"line":175,"column":0},"end":{"line":175,"column":30}}},"fnMap":{},"branchMap":{},"s":{"0":1,"1":1,"2":1,"3":1,"4":1,"5":1,"6":1,"7":1,"8":1,"9":1,"10":1,"11":1,"12":1,"13":1,"14":1,"15":1,"16":1,"17":1,"18":1,"19":1},"f":{},"b":{},"_coverageSchema":"43e27e138ebf9cfc5966b082cf9a028302ed4184","hash":"c029ead12edaccdeadf93bd893920a06f8e167ec","contentHash":"fe4a1eb7b8fc68df973b467e4c4c8442a0a76397ec68be2c2bc6f7d42e0e033a"},"E:\\de\\teamwork-fullstack-app\\teamwork-backend\\src\\controllers\\articles.js":{"path":"E:\\de\\teamwork-fullstack-app\\teamwork-backend\\src\\controllers\\articles.js","statementMap":{"0":{"start":{"line":3,"column":29},"end":{"line":3,"column":84}},"1":{"start":{"line":5,"column":0},"end":{"line":7,"column":3}},"2":{"start":{"line":8,"column":0},"end":{"line":8,"column":28}},"3":{"start":{"line":10,"column":24},"end":{"line":10,"column":52}},"4":{"start":{"line":12,"column":23},"end":{"line":12,"column":86}},"5":{"start":{"line":14,"column":10},"end":{"line":14,"column":50}},"6":{"start":{"line":16,"column":25},"end":{"line":16,"column":27}},"7":{"start":{"line":18,"column":23},"end":{"line":39,"column":1}},"8":{"start":{"line":19,"column":2},"end":{"line":38,"column":5}},"9":{"start":{"line":20,"column":16},"end":{"line":23,"column":5}},"10":{"start":{"line":25,"column":4},"end":{"line":37,"column":7}},"11":{"start":{"line":26,"column":17},"end":{"line":26,"column":30}},"12":{"start":{"line":28,"column":6},"end":{"line":30,"column":7}},"13":{"start":{"line":29,"column":8},"end":{"line":29,"column":22}},"14":{"start":{"line":32,"column":6},"end":{"line":32,"column":21}},"15":{"start":{"line":34,"column":6},"end":{"line":34,"column":43}},"16":{"start":{"line":35,"column":6},"end":{"line":35,"column":25}},"17":{"start":{"line":36,"column":6},"end":{"line":36,"column":20}},"18":{"start":{"line":41,"column":20},"end":{"line":62,"column":1}},"19":{"start":{"line":42,"column":2},"end":{"line":61,"column":5}},"20":{"start":{"line":43,"column":16},"end":{"line":46,"column":5}},"21":{"start":{"line":48,"column":4},"end":{"line":60,"column":7}},"22":{"start":{"line":49,"column":17},"end":{"line":49,"column":30}},"23":{"start":{"line":51,"column":6},"end":{"line":53,"column":7}},"24":{"start":{"line":52,"column":8},"end":{"line":52,"column":22}},"25":{"start":{"line":55,"column":6},"end":{"line":55,"column":21}},"26":{"start":{"line":57,"column":6},"end":{"line":57,"column":43}},"27":{"start":{"line":58,"column":6},"end":{"line":58,"column":25}},"28":{"start":{"line":59,"column":6},"end":{"line":59,"column":20}},"29":{"start":{"line":64,"column":30},"end":{"line":112,"column":1}},"30":{"start":{"line":65,"column":2},"end":{"line":111,"column":5}},"31":{"start":{"line":66,"column":4},"end":{"line":110,"column":7}},"32":{"start":{"line":67,"column":6},"end":{"line":72,"column":7}},"33":{"start":{"line":68,"column":8},"end":{"line":71,"column":11}},"34":{"start":{"line":74,"column":18},"end":{"line":77,"column":7}},"35":{"start":{"line":79,"column":6},"end":{"line":102,"column":9}},"36":{"start":{"line":80,"column":19},"end":{"line":80,"column":32}},"37":{"start":{"line":82,"column":8},"end":{"line":86,"column":9}},"38":{"start":{"line":83,"column":10},"end":{"line":85,"column":13}},"39":{"start":{"line":88,"column":8},"end":{"line":91,"column":11}},"40":{"start":{"line":93,"column":8},"end":{"line":93,"column":45}},"41":{"start":{"line":94,"column":8},"end":{"line":97,"column":11}},"42":{"start":{"line":98,"column":8},"end":{"line":101,"column":11}},"43":{"start":{"line":104,"column":6},"end":{"line":104,"column":43}},"44":{"start":{"line":105,"column":6},"end":{"line":105,"column":25}},"45":{"start":{"line":106,"column":6},"end":{"line":109,"column":9}},"46":{"start":{"line":114,"column":0},"end":{"line":148,"column":2}},"47":{"start":{"line":115,"column":15},"end":{"line":115,"column":59}},"48":{"start":{"line":117,"column":2},"end":{"line":119,"column":3}},"49":{"start":{"line":118,"column":4},"end":{"line":118,"column":71}},"50":{"start":{"line":121,"column":18},"end":{"line":121,"column":26}},"51":{"start":{"line":122,"column":14},"end":{"line":122,"column":29}},"52":{"start":{"line":123,"column":16},"end":{"line":123,"column":33}},"53":{"start":{"line":124,"column":15},"end":{"line":124,"column":31}},"54":{"start":{"line":125,"column":16},"end":{"line":125,"column":33}},"55":{"start":{"line":126,"column":17},"end":{"line":126,"column":27}},"56":{"start":{"line":127,"column":18},"end":{"line":127,"column":38}},"57":{"start":{"line":128,"column":14},"end":{"line":128,"column":50}},"58":{"start":{"line":129,"column":14},"end":{"line":132,"column":3}},"59":{"start":{"line":134,"column":2},"end":{"line":147,"column":5}},"60":{"start":{"line":135,"column":15},"end":{"line":142,"column":5}},"61":{"start":{"line":144,"column":4},"end":{"line":144,"column":51}},"62":{"start":{"line":146,"column":4},"end":{"line":146,"column":64}},"63":{"start":{"line":150,"column":0},"end":{"line":183,"column":2}},"64":{"start":{"line":151,"column":15},"end":{"line":151,"column":59}},"65":{"start":{"line":153,"column":2},"end":{"line":155,"column":3}},"66":{"start":{"line":154,"column":4},"end":{"line":154,"column":71}},"67":{"start":{"line":157,"column":19},"end":{"line":157,"column":27}},"68":{"start":{"line":158,"column":11},"end":{"line":158,"column":24}},"69":{"start":{"line":159,"column":16},"end":{"line":159,"column":34}},"70":{"start":{"line":160,"column":15},"end":{"line":160,"column":32}},"71":{"start":{"line":161,"column":17},"end":{"line":161,"column":27}},"72":{"start":{"line":162,"column":15},"end":{"line":162,"column":35}},"73":{"start":{"line":163,"column":14},"end":{"line":163,"column":50}},"74":{"start":{"line":164,"column":14},"end":{"line":167,"column":3}},"75":{"start":{"line":169,"column":2},"end":{"line":182,"column":5}},"76":{"start":{"line":170,"column":15},"end":{"line":177,"column":5}},"77":{"start":{"line":179,"column":4},"end":{"line":179,"column":51}},"78":{"start":{"line":181,"column":4},"end":{"line":181,"column":64}},"79":{"start":{"line":185,"column":0},"end":{"line":220,"column":2}},"80":{"start":{"line":186,"column":15},"end":{"line":186,"column":59}},"81":{"start":{"line":188,"column":2},"end":{"line":190,"column":3}},"82":{"start":{"line":189,"column":4},"end":{"line":189,"column":71}},"83":{"start":{"line":192,"column":19},"end":{"line":192,"column":27}},"84":{"start":{"line":193,"column":14},"end":{"line":193,"column":30}},"85":{"start":{"line":194,"column":16},"end":{"line":194,"column":34}},"86":{"start":{"line":195,"column":15},"end":{"line":195,"column":32}},"87":{"start":{"line":196,"column":16},"end":{"line":196,"column":34}},"88":{"start":{"line":197,"column":18},"end":{"line":197,"column":38}},"89":{"start":{"line":198,"column":14},"end":{"line":198,"column":50}},"90":{"start":{"line":199,"column":14},"end":{"line":202,"column":3}},"91":{"start":{"line":204,"column":2},"end":{"line":219,"column":5}},"92":{"start":{"line":205,"column":15},"end":{"line":212,"column":5}},"93":{"start":{"line":214,"column":4},"end":{"line":214,"column":51}},"94":{"start":{"line":216,"column":4},"end":{"line":216,"column":23}},"95":{"start":{"line":218,"column":4},"end":{"line":218,"column":64}},"96":{"start":{"line":222,"column":0},"end":{"line":251,"column":2}},"97":{"start":{"line":223,"column":15},"end":{"line":223,"column":59}},"98":{"start":{"line":225,"column":2},"end":{"line":227,"column":3}},"99":{"start":{"line":226,"column":4},"end":{"line":226,"column":71}},"100":{"start":{"line":229,"column":14},"end":{"line":229,"column":50}},"101":{"start":{"line":230,"column":17},"end":{"line":230,"column":37}},"102":{"start":{"line":231,"column":17},"end":{"line":231,"column":27}},"103":{"start":{"line":232,"column":19},"end":{"line":238,"column":4}},"104":{"start":{"line":240,"column":2},"end":{"line":250,"column":5}},"105":{"start":{"line":241,"column":15},"end":{"line":245,"column":5}},"106":{"start":{"line":247,"column":4},"end":{"line":247,"column":51}},"107":{"start":{"line":249,"column":4},"end":{"line":249,"column":64}},"108":{"start":{"line":253,"column":0},"end":{"line":286,"column":2}},"109":{"start":{"line":254,"column":15},"end":{"line":254,"column":59}},"110":{"start":{"line":256,"column":2},"end":{"line":258,"column":3}},"111":{"start":{"line":257,"column":4},"end":{"line":257,"column":71}},"112":{"start":{"line":260,"column":2},"end":{"line":285,"column":5}},"113":{"start":{"line":261,"column":4},"end":{"line":263,"column":5}},"114":{"start":{"line":262,"column":6},"end":{"line":262,"column":91}},"115":{"start":{"line":265,"column":16},"end":{"line":268,"column":5}},"116":{"start":{"line":270,"column":4},"end":{"line":282,"column":7}},"117":{"start":{"line":271,"column":17},"end":{"line":275,"column":7}},"118":{"start":{"line":277,"column":6},"end":{"line":277,"column":53}},"119":{"start":{"line":279,"column":6},"end":{"line":279,"column":25}},"120":{"start":{"line":281,"column":6},"end":{"line":281,"column":66}},"121":{"start":{"line":284,"column":4},"end":{"line":284,"column":64}},"122":{"start":{"line":288,"column":0},"end":{"line":326,"column":2}},"123":{"start":{"line":289,"column":15},"end":{"line":289,"column":59}},"124":{"start":{"line":291,"column":2},"end":{"line":293,"column":3}},"125":{"start":{"line":292,"column":4},"end":{"line":292,"column":71}},"126":{"start":{"line":295,"column":2},"end":{"line":325,"column":5}},"127":{"start":{"line":296,"column":4},"end":{"line":296,"column":68}},"128":{"start":{"line":297,"column":4},"end":{"line":297,"column":26}},"129":{"start":{"line":299,"column":4},"end":{"line":301,"column":5}},"130":{"start":{"line":300,"column":6},"end":{"line":300,"column":71}},"131":{"start":{"line":303,"column":16},"end":{"line":306,"column":5}},"132":{"start":{"line":308,"column":4},"end":{"line":320,"column":7}},"133":{"start":{"line":309,"column":17},"end":{"line":313,"column":7}},"134":{"start":{"line":315,"column":6},"end":{"line":315,"column":53}},"135":{"start":{"line":317,"column":6},"end":{"line":317,"column":25}},"136":{"start":{"line":319,"column":6},"end":{"line":319,"column":66}},"137":{"start":{"line":322,"column":4},"end":{"line":322,"column":23}},"138":{"start":{"line":324,"column":4},"end":{"line":324,"column":64}},"139":{"start":{"line":328,"column":0},"end":{"line":366,"column":2}},"140":{"start":{"line":329,"column":15},"end":{"line":329,"column":59}},"141":{"start":{"line":331,"column":2},"end":{"line":333,"column":3}},"142":{"start":{"line":332,"column":4},"end":{"line":332,"column":71}},"143":{"start":{"line":335,"column":2},"end":{"line":365,"column":5}},"144":{"start":{"line":336,"column":4},"end":{"line":338,"column":5}},"145":{"start":{"line":337,"column":6},"end":{"line":337,"column":131}},"146":{"start":{"line":340,"column":21},"end":{"line":346,"column":6}},"147":{"start":{"line":348,"column":4},"end":{"line":360,"column":7}},"148":{"start":{"line":349,"column":17},"end":{"line":353,"column":7}},"149":{"start":{"line":355,"column":6},"end":{"line":355,"column":53}},"150":{"start":{"line":357,"column":6},"end":{"line":357,"column":25}},"151":{"start":{"line":359,"column":6},"end":{"line":359,"column":68}},"152":{"start":{"line":362,"column":4},"end":{"line":362,"column":23}},"153":{"start":{"line":364,"column":4},"end":{"line":364,"column":66}},"154":{"start":{"line":368,"column":0},"end":{"line":387,"column":2}},"155":{"start":{"line":369,"column":15},"end":{"line":369,"column":59}},"156":{"start":{"line":371,"column":2},"end":{"line":373,"column":3}},"157":{"start":{"line":372,"column":4},"end":{"line":372,"column":71}},"158":{"start":{"line":375,"column":14},"end":{"line":378,"column":3}},"159":{"start":{"line":380,"column":2},"end":{"line":386,"column":5}},"160":{"start":{"line":381,"column":15},"end":{"line":381,"column":28}},"161":{"start":{"line":383,"column":4},"end":{"line":383,"column":51}},"162":{"start":{"line":385,"column":4},"end":{"line":385,"column":64}},"163":{"start":{"line":389,"column":0},"end":{"line":408,"column":2}},"164":{"start":{"line":390,"column":15},"end":{"line":390,"column":59}},"165":{"start":{"line":392,"column":2},"end":{"line":394,"column":3}},"166":{"start":{"line":393,"column":4},"end":{"line":393,"column":71}},"167":{"start":{"line":396,"column":14},"end":{"line":399,"column":3}},"168":{"start":{"line":401,"column":2},"end":{"line":407,"column":5}},"169":{"start":{"line":402,"column":15},"end":{"line":402,"column":28}},"170":{"start":{"line":404,"column":4},"end":{"line":404,"column":54}},"171":{"start":{"line":406,"column":4},"end":{"line":406,"column":64}},"172":{"start":{"line":410,"column":0},"end":{"line":431,"column":2}},"173":{"start":{"line":411,"column":15},"end":{"line":411,"column":59}},"174":{"start":{"line":413,"column":2},"end":{"line":415,"column":3}},"175":{"start":{"line":414,"column":4},"end":{"line":414,"column":71}},"176":{"start":{"line":417,"column":14},"end":{"line":420,"column":3}},"177":{"start":{"line":422,"column":2},"end":{"line":430,"column":5}},"178":{"start":{"line":423,"column":15},"end":{"line":425,"column":5}},"179":{"start":{"line":427,"column":4},"end":{"line":427,"column":51}},"180":{"start":{"line":429,"column":4},"end":{"line":429,"column":64}},"181":{"start":{"line":433,"column":15},"end":{"line":433,"column":33}},"182":{"start":{"line":434,"column":0},"end":{"line":434,"column":30}}},"fnMap":{"0":{"name":"isArticleFlagged","decl":{"start":{"line":18,"column":32},"end":{"line":18,"column":48}},"loc":{"start":{"line":18,"column":60},"end":{"line":39,"column":1}},"line":18},"1":{"name":"(anonymous_1)","decl":{"start":{"line":19,"column":21},"end":{"line":19,"column":22}},"loc":{"start":{"line":19,"column":48},"end":{"line":38,"column":3}},"line":19},"2":{"name":"(anonymous_2)","decl":{"start":{"line":25,"column":37},"end":{"line":25,"column":38}},"loc":{"start":{"line":25,"column":57},"end":{"line":33,"column":5}},"line":25},"3":{"name":"(anonymous_3)","decl":{"start":{"line":33,"column":16},"end":{"line":33,"column":17}},"loc":{"start":{"line":33,"column":33},"end":{"line":37,"column":5}},"line":33},"4":{"name":"commentExists","decl":{"start":{"line":41,"column":29},"end":{"line":41,"column":42}},"loc":{"start":{"line":41,"column":54},"end":{"line":62,"column":1}},"line":41},"5":{"name":"(anonymous_5)","decl":{"start":{"line":42,"column":21},"end":{"line":42,"column":22}},"loc":{"start":{"line":42,"column":48},"end":{"line":61,"column":3}},"line":42},"6":{"name":"(anonymous_6)","decl":{"start":{"line":48,"column":37},"end":{"line":48,"column":38}},"loc":{"start":{"line":48,"column":57},"end":{"line":56,"column":5}},"line":48},"7":{"name":"(anonymous_7)","decl":{"start":{"line":56,"column":16},"end":{"line":56,"column":17}},"loc":{"start":{"line":56,"column":33},"end":{"line":60,"column":5}},"line":56},"8":{"name":"commentExistsAndFlagged","decl":{"start":{"line":64,"column":39},"end":{"line":64,"column":62}},"loc":{"start":{"line":64,"column":74},"end":{"line":112,"column":1}},"line":64},"9":{"name":"(anonymous_9)","decl":{"start":{"line":65,"column":21},"end":{"line":65,"column":22}},"loc":{"start":{"line":65,"column":48},"end":{"line":111,"column":3}},"line":65},"10":{"name":"(anonymous_10)","decl":{"start":{"line":66,"column":34},"end":{"line":66,"column":35}},"loc":{"start":{"line":66,"column":59},"end":{"line":103,"column":5}},"line":66},"11":{"name":"(anonymous_11)","decl":{"start":{"line":79,"column":39},"end":{"line":79,"column":40}},"loc":{"start":{"line":79,"column":59},"end":{"line":92,"column":7}},"line":79},"12":{"name":"(anonymous_12)","decl":{"start":{"line":92,"column":18},"end":{"line":92,"column":19}},"loc":{"start":{"line":92,"column":35},"end":{"line":102,"column":7}},"line":92},"13":{"name":"(anonymous_13)","decl":{"start":{"line":103,"column":16},"end":{"line":103,"column":17}},"loc":{"start":{"line":103,"column":33},"end":{"line":110,"column":5}},"line":103},"14":{"name":"(anonymous_14)","decl":{"start":{"line":114,"column":35},"end":{"line":114,"column":36}},"loc":{"start":{"line":114,"column":55},"end":{"line":148,"column":1}},"line":114},"15":{"name":"(anonymous_15)","decl":{"start":{"line":134,"column":35},"end":{"line":134,"column":36}},"loc":{"start":{"line":134,"column":47},"end":{"line":145,"column":3}},"line":134},"16":{"name":"(anonymous_16)","decl":{"start":{"line":145,"column":14},"end":{"line":145,"column":15}},"loc":{"start":{"line":145,"column":31},"end":{"line":147,"column":3}},"line":145},"17":{"name":"(anonymous_17)","decl":{"start":{"line":150,"column":36},"end":{"line":150,"column":37}},"loc":{"start":{"line":150,"column":56},"end":{"line":183,"column":1}},"line":150},"18":{"name":"(anonymous_18)","decl":{"start":{"line":169,"column":35},"end":{"line":169,"column":36}},"loc":{"start":{"line":169,"column":47},"end":{"line":180,"column":3}},"line":169},"19":{"name":"(anonymous_19)","decl":{"start":{"line":180,"column":14},"end":{"line":180,"column":15}},"loc":{"start":{"line":180,"column":31},"end":{"line":182,"column":3}},"line":180},"20":{"name":"(anonymous_20)","decl":{"start":{"line":185,"column":33},"end":{"line":185,"column":34}},"loc":{"start":{"line":185,"column":53},"end":{"line":220,"column":1}},"line":185},"21":{"name":"(anonymous_21)","decl":{"start":{"line":204,"column":35},"end":{"line":204,"column":36}},"loc":{"start":{"line":204,"column":47},"end":{"line":215,"column":3}},"line":204},"22":{"name":"(anonymous_22)","decl":{"start":{"line":215,"column":14},"end":{"line":215,"column":15}},"loc":{"start":{"line":215,"column":31},"end":{"line":219,"column":3}},"line":215},"23":{"name":"(anonymous_23)","decl":{"start":{"line":222,"column":33},"end":{"line":222,"column":34}},"loc":{"start":{"line":222,"column":53},"end":{"line":251,"column":1}},"line":222},"24":{"name":"(anonymous_24)","decl":{"start":{"line":240,"column":48},"end":{"line":240,"column":49}},"loc":{"start":{"line":240,"column":60},"end":{"line":248,"column":3}},"line":240},"25":{"name":"(anonymous_25)","decl":{"start":{"line":248,"column":14},"end":{"line":248,"column":15}},"loc":{"start":{"line":248,"column":31},"end":{"line":250,"column":3}},"line":248},"26":{"name":"(anonymous_26)","decl":{"start":{"line":253,"column":40},"end":{"line":253,"column":41}},"loc":{"start":{"line":253,"column":60},"end":{"line":286,"column":1}},"line":253},"27":{"name":"(anonymous_27)","decl":{"start":{"line":260,"column":43},"end":{"line":260,"column":44}},"loc":{"start":{"line":260,"column":71},"end":{"line":283,"column":3}},"line":260},"28":{"name":"(anonymous_28)","decl":{"start":{"line":270,"column":37},"end":{"line":270,"column":38}},"loc":{"start":{"line":270,"column":49},"end":{"line":278,"column":5}},"line":270},"29":{"name":"(anonymous_29)","decl":{"start":{"line":278,"column":16},"end":{"line":278,"column":17}},"loc":{"start":{"line":278,"column":33},"end":{"line":282,"column":5}},"line":278},"30":{"name":"(anonymous_30)","decl":{"start":{"line":283,"column":14},"end":{"line":283,"column":15}},"loc":{"start":{"line":283,"column":31},"end":{"line":285,"column":3}},"line":283},"31":{"name":"(anonymous_31)","decl":{"start":{"line":288,"column":42},"end":{"line":288,"column":43}},"loc":{"start":{"line":288,"column":62},"end":{"line":326,"column":1}},"line":288},"32":{"name":"(anonymous_32)","decl":{"start":{"line":295,"column":53},"end":{"line":295,"column":54}},"loc":{"start":{"line":295,"column":73},"end":{"line":321,"column":3}},"line":295},"33":{"name":"(anonymous_33)","decl":{"start":{"line":308,"column":37},"end":{"line":308,"column":38}},"loc":{"start":{"line":308,"column":49},"end":{"line":316,"column":5}},"line":308},"34":{"name":"(anonymous_34)","decl":{"start":{"line":316,"column":16},"end":{"line":316,"column":17}},"loc":{"start":{"line":316,"column":33},"end":{"line":320,"column":5}},"line":316},"35":{"name":"(anonymous_35)","decl":{"start":{"line":321,"column":14},"end":{"line":321,"column":15}},"loc":{"start":{"line":321,"column":31},"end":{"line":325,"column":3}},"line":321},"36":{"name":"(anonymous_36)","decl":{"start":{"line":328,"column":42},"end":{"line":328,"column":43}},"loc":{"start":{"line":328,"column":62},"end":{"line":366,"column":1}},"line":328},"37":{"name":"(anonymous_37)","decl":{"start":{"line":335,"column":46},"end":{"line":335,"column":47}},"loc":{"start":{"line":335,"column":67},"end":{"line":361,"column":3}},"line":335},"38":{"name":"(anonymous_38)","decl":{"start":{"line":348,"column":50},"end":{"line":348,"column":51}},"loc":{"start":{"line":348,"column":62},"end":{"line":356,"column":5}},"line":348},"39":{"name":"(anonymous_39)","decl":{"start":{"line":356,"column":16},"end":{"line":356,"column":17}},"loc":{"start":{"line":356,"column":33},"end":{"line":360,"column":5}},"line":356},"40":{"name":"(anonymous_40)","decl":{"start":{"line":361,"column":14},"end":{"line":361,"column":15}},"loc":{"start":{"line":361,"column":31},"end":{"line":365,"column":3}},"line":361},"41":{"name":"(anonymous_41)","decl":{"start":{"line":368,"column":38},"end":{"line":368,"column":39}},"loc":{"start":{"line":368,"column":58},"end":{"line":387,"column":1}},"line":368},"42":{"name":"(anonymous_42)","decl":{"start":{"line":380,"column":35},"end":{"line":380,"column":36}},"loc":{"start":{"line":380,"column":55},"end":{"line":384,"column":3}},"line":380},"43":{"name":"(anonymous_43)","decl":{"start":{"line":384,"column":14},"end":{"line":384,"column":15}},"loc":{"start":{"line":384,"column":31},"end":{"line":386,"column":3}},"line":384},"44":{"name":"(anonymous_44)","decl":{"start":{"line":389,"column":37},"end":{"line":389,"column":38}},"loc":{"start":{"line":389,"column":57},"end":{"line":408,"column":1}},"line":389},"45":{"name":"(anonymous_45)","decl":{"start":{"line":401,"column":35},"end":{"line":401,"column":36}},"loc":{"start":{"line":401,"column":55},"end":{"line":405,"column":3}},"line":401},"46":{"name":"(anonymous_46)","decl":{"start":{"line":405,"column":14},"end":{"line":405,"column":15}},"loc":{"start":{"line":405,"column":31},"end":{"line":407,"column":3}},"line":405},"47":{"name":"(anonymous_47)","decl":{"start":{"line":410,"column":40},"end":{"line":410,"column":41}},"loc":{"start":{"line":410,"column":60},"end":{"line":431,"column":1}},"line":410},"48":{"name":"(anonymous_48)","decl":{"start":{"line":422,"column":35},"end":{"line":422,"column":36}},"loc":{"start":{"line":422,"column":55},"end":{"line":428,"column":3}},"line":422},"49":{"name":"(anonymous_49)","decl":{"start":{"line":428,"column":14},"end":{"line":428,"column":15}},"loc":{"start":{"line":428,"column":31},"end":{"line":430,"column":3}},"line":428}},"branchMap":{"0":{"loc":{"start":{"line":28,"column":6},"end":{"line":30,"column":7}},"type":"if","locations":[{"start":{"line":28,"column":6},"end":{"line":30,"column":7}},{"start":{"line":28,"column":6},"end":{"line":30,"column":7}}],"line":28},"1":{"loc":{"start":{"line":28,"column":10},"end":{"line":28,"column":68}},"type":"binary-expr","locations":[{"start":{"line":28,"column":10},"end":{"line":28,"column":31}},{"start":{"line":28,"column":35},"end":{"line":28,"column":68}}],"line":28},"2":{"loc":{"start":{"line":51,"column":6},"end":{"line":53,"column":7}},"type":"if","locations":[{"start":{"line":51,"column":6},"end":{"line":53,"column":7}},{"start":{"line":51,"column":6},"end":{"line":53,"column":7}}],"line":51},"3":{"loc":{"start":{"line":51,"column":10},"end":{"line":51,"column":70}},"type":"binary-expr","locations":[{"start":{"line":51,"column":10},"end":{"line":51,"column":31}},{"start":{"line":51,"column":35},"end":{"line":51,"column":70}}],"line":51},"4":{"loc":{"start":{"line":67,"column":6},"end":{"line":72,"column":7}},"type":"if","locations":[{"start":{"line":67,"column":6},"end":{"line":72,"column":7}},{"start":{"line":67,"column":6},"end":{"line":72,"column":7}}],"line":67},"5":{"loc":{"start":{"line":82,"column":8},"end":{"line":86,"column":9}},"type":"if","locations":[{"start":{"line":82,"column":8},"end":{"line":86,"column":9}},{"start":{"line":82,"column":8},"end":{"line":86,"column":9}}],"line":82},"6":{"loc":{"start":{"line":82,"column":12},"end":{"line":82,"column":72}},"type":"binary-expr","locations":[{"start":{"line":82,"column":12},"end":{"line":82,"column":33}},{"start":{"line":82,"column":37},"end":{"line":82,"column":72}}],"line":82},"7":{"loc":{"start":{"line":117,"column":2},"end":{"line":119,"column":3}},"type":"if","locations":[{"start":{"line":117,"column":2},"end":{"line":119,"column":3}},{"start":{"line":117,"column":2},"end":{"line":119,"column":3}}],"line":117},"8":{"loc":{"start":{"line":153,"column":2},"end":{"line":155,"column":3}},"type":"if","locations":[{"start":{"line":153,"column":2},"end":{"line":155,"column":3}},{"start":{"line":153,"column":2},"end":{"line":155,"column":3}}],"line":153},"9":{"loc":{"start":{"line":188,"column":2},"end":{"line":190,"column":3}},"type":"if","locations":[{"start":{"line":188,"column":2},"end":{"line":190,"column":3}},{"start":{"line":188,"column":2},"end":{"line":190,"column":3}}],"line":188},"10":{"loc":{"start":{"line":225,"column":2},"end":{"line":227,"column":3}},"type":"if","locations":[{"start":{"line":225,"column":2},"end":{"line":227,"column":3}},{"start":{"line":225,"column":2},"end":{"line":227,"column":3}}],"line":225},"11":{"loc":{"start":{"line":256,"column":2},"end":{"line":258,"column":3}},"type":"if","locations":[{"start":{"line":256,"column":2},"end":{"line":258,"column":3}},{"start":{"line":256,"column":2},"end":{"line":258,"column":3}}],"line":256},"12":{"loc":{"start":{"line":261,"column":4},"end":{"line":263,"column":5}},"type":"if","locations":[{"start":{"line":261,"column":4},"end":{"line":263,"column":5}},{"start":{"line":261,"column":4},"end":{"line":263,"column":5}}],"line":261},"13":{"loc":{"start":{"line":291,"column":2},"end":{"line":293,"column":3}},"type":"if","locations":[{"start":{"line":291,"column":2},"end":{"line":293,"column":3}},{"start":{"line":291,"column":2},"end":{"line":293,"column":3}}],"line":291},"14":{"loc":{"start":{"line":299,"column":4},"end":{"line":301,"column":5}},"type":"if","locations":[{"start":{"line":299,"column":4},"end":{"line":301,"column":5}},{"start":{"line":299,"column":4},"end":{"line":301,"column":5}}],"line":299},"15":{"loc":{"start":{"line":331,"column":2},"end":{"line":333,"column":3}},"type":"if","locations":[{"start":{"line":331,"column":2},"end":{"line":333,"column":3}},{"start":{"line":331,"column":2},"end":{"line":333,"column":3}}],"line":331},"16":{"loc":{"start":{"line":336,"column":4},"end":{"line":338,"column":5}},"type":"if","locations":[{"start":{"line":336,"column":4},"end":{"line":338,"column":5}},{"start":{"line":336,"column":4},"end":{"line":338,"column":5}}],"line":336},"17":{"loc":{"start":{"line":371,"column":2},"end":{"line":373,"column":3}},"type":"if","locations":[{"start":{"line":371,"column":2},"end":{"line":373,"column":3}},{"start":{"line":371,"column":2},"end":{"line":373,"column":3}}],"line":371},"18":{"loc":{"start":{"line":392,"column":2},"end":{"line":394,"column":3}},"type":"if","locations":[{"start":{"line":392,"column":2},"end":{"line":394,"column":3}},{"start":{"line":392,"column":2},"end":{"line":394,"column":3}}],"line":392},"19":{"loc":{"start":{"line":413,"column":2},"end":{"line":415,"column":3}},"type":"if","locations":[{"start":{"line":413,"column":2},"end":{"line":415,"column":3}},{"start":{"line":413,"column":2},"end":{"line":415,"column":3}}],"line":413}},"s":{"0":1,"1":1,"2":1,"3":1,"4":1,"5":1,"6":1,"7":1,"8":2,"9":2,"10":2,"11":2,"12":2,"13":1,"14":2,"15":0,"16":0,"17":0,"18":1,"19":5,"20":5,"21":5,"22":5,"23":5,"24":3,"25":5,"26":0,"27":0,"28":0,"29":1,"30":3,"31":3,"32":3,"33":1,"34":3,"35":3,"36":3,"37":3,"38":1,"39":3,"40":0,"41":0,"42":0,"43":0,"44":0,"45":0,"46":1,"47":4,"48":4,"49":3,"50":1,"51":1,"52":1,"53":1,"54":1,"55":1,"56":1,"57":1,"58":1,"59":1,"60":1,"61":1,"62":0,"63":1,"64":2,"65":2,"66":1,"67":1,"68":1,"69":1,"70":1,"71":1,"72":1,"73":1,"74":1,"75":1,"76":1,"77":1,"78":0,"79":1,"80":4,"81":4,"82":3,"83":1,"84":1,"85":1,"86":1,"87":1,"88":1,"89":1,"90":1,"91":1,"92":1,"93":1,"94":0,"95":0,"96":1,"97":1,"98":1,"99":0,"100":1,"101":1,"102":1,"103":1,"104":1,"105":1,"106":1,"107":0,"108":1,"109":3,"110":3,"111":1,"112":2,"113":2,"114":1,"115":1,"116":1,"117":1,"118":1,"119":0,"120":0,"121":0,"122":1,"123":3,"124":3,"125":0,"126":3,"127":3,"128":3,"129":3,"130":2,"131":1,"132":1,"133":1,"134":1,"135":0,"136":0,"137":0,"138":0,"139":1,"140":2,"141":2,"142":0,"143":2,"144":2,"145":1,"146":1,"147":1,"148":1,"149":1,"150":0,"151":0,"152":0,"153":0,"154":1,"155":2,"156":2,"157":1,"158":1,"159":1,"160":1,"161":1,"162":0,"163":1,"164":3,"165":3,"166":0,"167":3,"168":3,"169":3,"170":3,"171":0,"172":1,"173":1,"174":1,"175":0,"176":1,"177":1,"178":1,"179":1,"180":0,"181":1,"182":1},"f":{"0":2,"1":2,"2":2,"3":0,"4":5,"5":5,"6":5,"7":0,"8":3,"9":3,"10":3,"11":3,"12":0,"13":0,"14":4,"15":1,"16":0,"17":2,"18":1,"19":0,"20":4,"21":1,"22":0,"23":1,"24":1,"25":0,"26":3,"27":2,"28":1,"29":0,"30":0,"31":3,"32":3,"33":1,"34":0,"35":0,"36":2,"37":2,"38":1,"39":0,"40":0,"41":2,"42":1,"43":0,"44":3,"45":3,"46":0,"47":1,"48":1,"49":0},"b":{"0":[1,1],"1":[2,1],"2":[3,2],"3":[5,3],"4":[1,2],"5":[1,2],"6":[3,1],"7":[3,1],"8":[1,1],"9":[3,1],"10":[0,1],"11":[1,2],"12":[1,1],"13":[0,3],"14":[2,1],"15":[0,2],"16":[1,1],"17":[1,1],"18":[0,3],"19":[0,1]},"_coverageSchema":"43e27e138ebf9cfc5966b082cf9a028302ed4184","hash":"55a351987f72e399f58b52983836180b7878ba14","contentHash":"344ed9f0e18e796615b5002932c8258777d0dc93f1f2540d66d17ad1c69c1063"},"E:\\de\\teamwork-fullstack-app\\teamwork-backend\\src\\test\\test-aa--signin.js":{"path":"E:\\de\\teamwork-fullstack-app\\teamwork-backend\\src\\test\\test-aa--signin.js","statementMap":{"0":{"start":{"line":3,"column":29},"end":{"line":3,"column":84}},"1":{"start":{"line":5,"column":12},"end":{"line":5,"column":51}},"2":{"start":{"line":7,"column":16},"end":{"line":7,"column":60}},"3":{"start":{"line":9,"column":0},"end":{"line":9,"column":32}},"4":{"start":{"line":11,"column":11},"end":{"line":11,"column":52}},"5":{"start":{"line":13,"column":0},"end":{"line":13,"column":43}},"6":{"start":{"line":15,"column":13},"end":{"line":15,"column":36}},"7":{"start":{"line":16,"column":0},"end":{"line":55,"column":3}},"8":{"start":{"line":17,"column":2},"end":{"line":35,"column":5}},"9":{"start":{"line":18,"column":15},"end":{"line":18,"column":17}},"10":{"start":{"line":19,"column":4},"end":{"line":28,"column":7}},"11":{"start":{"line":20,"column":6},"end":{"line":27,"column":9}},"12":{"start":{"line":24,"column":8},"end":{"line":24,"column":42}},"13":{"start":{"line":25,"column":8},"end":{"line":25,"column":34}},"14":{"start":{"line":26,"column":8},"end":{"line":26,"column":15}},"15":{"start":{"line":29,"column":4},"end":{"line":31,"column":7}},"16":{"start":{"line":30,"column":6},"end":{"line":30,"column":40}},"17":{"start":{"line":32,"column":4},"end":{"line":34,"column":7}},"18":{"start":{"line":33,"column":6},"end":{"line":33,"column":70}},"19":{"start":{"line":36,"column":2},"end":{"line":54,"column":5}},"20":{"start":{"line":37,"column":15},"end":{"line":37,"column":17}},"21":{"start":{"line":38,"column":4},"end":{"line":47,"column":7}},"22":{"start":{"line":39,"column":6},"end":{"line":46,"column":9}},"23":{"start":{"line":43,"column":8},"end":{"line":43,"column":42}},"24":{"start":{"line":44,"column":8},"end":{"line":44,"column":34}},"25":{"start":{"line":45,"column":8},"end":{"line":45,"column":15}},"26":{"start":{"line":48,"column":4},"end":{"line":50,"column":7}},"27":{"start":{"line":49,"column":6},"end":{"line":49,"column":40}},"28":{"start":{"line":51,"column":4},"end":{"line":53,"column":7}},"29":{"start":{"line":52,"column":6},"end":{"line":52,"column":49}}},"fnMap":{"0":{"name":"(anonymous_0)","decl":{"start":{"line":16,"column":38},"end":{"line":16,"column":39}},"loc":{"start":{"line":16,"column":50},"end":{"line":55,"column":1}},"line":16},"1":{"name":"(anonymous_1)","decl":{"start":{"line":17,"column":46},"end":{"line":17,"column":47}},"loc":{"start":{"line":17,"column":58},"end":{"line":35,"column":3}},"line":17},"2":{"name":"(anonymous_2)","decl":{"start":{"line":19,"column":11},"end":{"line":19,"column":12}},"loc":{"start":{"line":19,"column":27},"end":{"line":28,"column":5}},"line":19},"3":{"name":"(anonymous_3)","decl":{"start":{"line":23,"column":13},"end":{"line":23,"column":14}},"loc":{"start":{"line":23,"column":40},"end":{"line":27,"column":7}},"line":23},"4":{"name":"(anonymous_4)","decl":{"start":{"line":29,"column":40},"end":{"line":29,"column":41}},"loc":{"start":{"line":29,"column":52},"end":{"line":31,"column":5}},"line":29},"5":{"name":"(anonymous_5)","decl":{"start":{"line":32,"column":47},"end":{"line":32,"column":48}},"loc":{"start":{"line":32,"column":59},"end":{"line":34,"column":5}},"line":32},"6":{"name":"(anonymous_6)","decl":{"start":{"line":36,"column":41},"end":{"line":36,"column":42}},"loc":{"start":{"line":36,"column":53},"end":{"line":54,"column":3}},"line":36},"7":{"name":"(anonymous_7)","decl":{"start":{"line":38,"column":11},"end":{"line":38,"column":12}},"loc":{"start":{"line":38,"column":27},"end":{"line":47,"column":5}},"line":38},"8":{"name":"(anonymous_8)","decl":{"start":{"line":42,"column":13},"end":{"line":42,"column":14}},"loc":{"start":{"line":42,"column":40},"end":{"line":46,"column":7}},"line":42},"9":{"name":"(anonymous_9)","decl":{"start":{"line":48,"column":40},"end":{"line":48,"column":41}},"loc":{"start":{"line":48,"column":52},"end":{"line":50,"column":5}},"line":48},"10":{"name":"(anonymous_10)","decl":{"start":{"line":51,"column":32},"end":{"line":51,"column":33}},"loc":{"start":{"line":51,"column":44},"end":{"line":53,"column":5}},"line":51}},"branchMap":{},"s":{"0":1,"1":1,"2":1,"3":1,"4":1,"5":1,"6":1,"7":1,"8":1,"9":1,"10":1,"11":1,"12":1,"13":1,"14":1,"15":1,"16":1,"17":1,"18":1,"19":1,"20":1,"21":1,"22":1,"23":1,"24":1,"25":1,"26":1,"27":1,"28":1,"29":1},"f":{"0":1,"1":1,"2":1,"3":1,"4":1,"5":1,"6":1,"7":1,"8":1,"9":1,"10":1},"b":{},"_coverageSchema":"43e27e138ebf9cfc5966b082cf9a028302ed4184","hash":"57b3835ab9a969f90307781395acf884247e78f7","contentHash":"b12cc8e7eebf8b23cdf6269cd4fe8a533fb86f9b0e8e9b65993d5a395163cb40"},"E:\\de\\teamwork-fullstack-app\\teamwork-backend\\src\\test\\test-ab--create-user.js":{"path":"E:\\de\\teamwork-fullstack-app\\teamwork-backend\\src\\test\\test-ab--create-user.js","statementMap":{"0":{"start":{"line":3,"column":29},"end":{"line":3,"column":84}},"1":{"start":{"line":5,"column":12},"end":{"line":5,"column":51}},"2":{"start":{"line":7,"column":16},"end":{"line":7,"column":60}},"3":{"start":{"line":9,"column":0},"end":{"line":9,"column":32}},"4":{"start":{"line":11,"column":11},"end":{"line":11,"column":52}},"5":{"start":{"line":13,"column":0},"end":{"line":13,"column":43}},"6":{"start":{"line":15,"column":13},"end":{"line":15,"column":36}},"7":{"start":{"line":16,"column":0},"end":{"line":162,"column":3}},"8":{"start":{"line":17,"column":2},"end":{"line":119,"column":5}},"9":{"start":{"line":18,"column":23},"end":{"line":18,"column":25}},"10":{"start":{"line":19,"column":4},"end":{"line":27,"column":7}},"11":{"start":{"line":20,"column":6},"end":{"line":26,"column":9}},"12":{"start":{"line":24,"column":8},"end":{"line":24,"column":47}},"13":{"start":{"line":25,"column":8},"end":{"line":25,"column":15}},"14":{"start":{"line":28,"column":4},"end":{"line":57,"column":7}},"15":{"start":{"line":29,"column":17},"end":{"line":29,"column":19}},"16":{"start":{"line":30,"column":6},"end":{"line":50,"column":9}},"17":{"start":{"line":31,"column":8},"end":{"line":49,"column":11}},"18":{"start":{"line":46,"column":10},"end":{"line":46,"column":44}},"19":{"start":{"line":47,"column":10},"end":{"line":47,"column":36}},"20":{"start":{"line":48,"column":10},"end":{"line":48,"column":17}},"21":{"start":{"line":51,"column":6},"end":{"line":53,"column":9}},"22":{"start":{"line":52,"column":8},"end":{"line":52,"column":42}},"23":{"start":{"line":54,"column":6},"end":{"line":56,"column":9}},"24":{"start":{"line":55,"column":8},"end":{"line":55,"column":65}},"25":{"start":{"line":58,"column":4},"end":{"line":87,"column":7}},"26":{"start":{"line":59,"column":17},"end":{"line":59,"column":19}},"27":{"start":{"line":60,"column":6},"end":{"line":80,"column":9}},"28":{"start":{"line":61,"column":8},"end":{"line":79,"column":11}},"29":{"start":{"line":76,"column":10},"end":{"line":76,"column":44}},"30":{"start":{"line":77,"column":10},"end":{"line":77,"column":36}},"31":{"start":{"line":78,"column":10},"end":{"line":78,"column":17}},"32":{"start":{"line":81,"column":6},"end":{"line":83,"column":9}},"33":{"start":{"line":82,"column":8},"end":{"line":82,"column":42}},"34":{"start":{"line":84,"column":6},"end":{"line":86,"column":9}},"35":{"start":{"line":85,"column":8},"end":{"line":85,"column":50}},"36":{"start":{"line":88,"column":4},"end":{"line":118,"column":7}},"37":{"start":{"line":89,"column":17},"end":{"line":89,"column":19}},"38":{"start":{"line":90,"column":15},"end":{"line":90,"column":35}},"39":{"start":{"line":91,"column":6},"end":{"line":111,"column":9}},"40":{"start":{"line":92,"column":8},"end":{"line":110,"column":11}},"41":{"start":{"line":107,"column":10},"end":{"line":107,"column":44}},"42":{"start":{"line":108,"column":10},"end":{"line":108,"column":36}},"43":{"start":{"line":109,"column":10},"end":{"line":109,"column":17}},"44":{"start":{"line":112,"column":6},"end":{"line":114,"column":9}},"45":{"start":{"line":113,"column":8},"end":{"line":113,"column":42}},"46":{"start":{"line":115,"column":6},"end":{"line":117,"column":9}},"47":{"start":{"line":116,"column":8},"end":{"line":116,"column":80}},"48":{"start":{"line":120,"column":2},"end":{"line":161,"column":5}},"49":{"start":{"line":121,"column":22},"end":{"line":121,"column":24}},"50":{"start":{"line":122,"column":4},"end":{"line":130,"column":7}},"51":{"start":{"line":123,"column":6},"end":{"line":129,"column":9}},"52":{"start":{"line":127,"column":8},"end":{"line
[...]
line":185,"column":13}},"loc":{"start":{"line":185,"column":25},"end":{"line":189,"column":1}},"line":185}},"branchMap":{},"s":{"0":1,"1":1,"2":1,"3":1,"4":1,"5":1,"6":1,"7":1,"8":1,"9":1,"10":1,"11":1,"12":1,"13":1,"14":1,"15":1,"16":1,"17":1,"18":1,"19":1,"20":1,"21":1,"22":1,"23":1,"24":1,"25":1,"26":1,"27":1,"28":1,"29":1,"30":1,"31":1,"32":1,"33":1,"34":1,"35":1,"36":1,"37":1,"38":1,"39":1,"40":1,"41":1,"42":1,"43":1,"44":1,"45":1,"46":1,"47":1,"48":1,"49":1,"50":1,"51":1,"52":1,"53":1,"54":1,"55":1,"56":1,"57":1,"58":1,"59":1,"60":1,"61":1,"62":1,"63":1,"64":0,"65":1,"66":1,"67":1,"68":1,"69":1,"70":1,"71":1,"72":1,"73":1,"74":1,"75":1,"76":1,"77":1,"78":1,"79":1,"80":1,"81":1,"82":1,"83":1,"84":1,"85":1,"86":1,"87":1,"88":1,"89":1,"90":1,"91":1,"92":1,"93":0,"94":0,"95":0},"f":{"0":1,"1":1,"2":1,"3":1,"4":1,"5":1,"6":1,"7":1,"8":1,"9":1,"10":1,"11":1,"12":1,"13":1,"14":1,"15":1,"16":1,"17":1,"18":1,"19":1,"20":1,"21":1,"22":1,"23":1,"24":0,"25":1,"26":1,"27":1,"28":1,"29":1,"30":1,"31":1,"32":1,"33":1,"34":1,"35":1,"36":1,"37":0},"b":{},"_coverageSchema":"43e27e138ebf9cfc5966b082cf9a028302ed4184","hash":"967a9d3e9519c5096ef02f8932638c3e066ec63c","contentHash":"b19f53b3db43de9cfd7afd6fdfa872fae842566a841eaaacef1f6fecc87d9f97"},"E:\\de\\teamwork-fullstack-app\\teamwork-backend\\src\\test\\test-h--comment-artcle.js":{"path":"E:\\de\\teamwork-fullstack-app\\teamwork-backend\\src\\test\\test-h--comment-artcle.js","statementMap":{"0":{"start":{"line":3,"column":29},"end":{"line":3,"column":84}},"1":{"start":{"line":5,"column":12},"end":{"line":5,"column":51}},"2":{"start":{"line":7,"column":16},"end":{"line":7,"column":60}},"3":{"start":{"line":9,"column":0},"end":{"line":9,"column":32}},"4":{"start":{"line":11,"column":11},"end":{"line":11,"column":52}},"5":{"start":{"line":13,"column":24},"end":{"line":13,"column":88}},"6":{"start":{"line":15,"column":0},"end":{"line":15,"column":43}},"7":{"start":{"line":17,"column":13},"end":{"line":17,"column":36}},"8":{"start":{"line":19,"column":0},"end":{"line":115,"column":3}},"9":{"start":{"line":20,"column":16},"end":{"line":20,"column":18}},"10":{"start":{"line":21,"column":2},"end":{"line":21,"column":26}},"11":{"start":{"line":22,"column":2},"end":{"line":110,"column":5}},"12":{"start":{"line":23,"column":4},"end":{"line":81,"column":7}},"13":{"start":{"line":24,"column":24},"end":{"line":24,"column":26}},"14":{"start":{"line":25,"column":17},"end":{"line":25,"column":19}},"15":{"start":{"line":26,"column":20},"end":{"line":26,"column":3405}},"16":{"start":{"line":27,"column":6},"end":{"line":36,"column":9}},"17":{"start":{"line":29,"column":8},"end":{"line":35,"column":11}},"18":{"start":{"line":33,"column":10},"end":{"line":33,"column":48}},"19":{"start":{"line":34,"column":10},"end":{"line":34,"column":17}},"20":{"start":{"line":37,"column":6},"end":{"line":58,"column":9}},"21":{"start":{"line":38,"column":8},"end":{"line":51,"column":11}},"22":{"start":{"line":39,"column":10},"end":{"line":50,"column":13}},"23":{"start":{"line":47,"column":12},"end":{"line":47,"column":46}},"24":{"start":{"line":48,"column":12},"end":{"line":48,"column":38}},"25":{"start":{"line":49,"column":12},"end":{"line":49,"column":19}},"26":{"start":{"line":52,"column":8},"end":{"line":54,"column":11}},"27":{"start":{"line":53,"column":10},"end":{"line":53,"column":44}},"28":{"start":{"line":55,"column":8},"end":{"line":57,"column":11}},"29":{"start":{"line":56,"column":10},"end":{"line":56,"column":52}},"30":{"start":{"line":59,"column":6},"end":{"line":80,"column":9}},"31":{"start":{"line":60,"column":8},"end":{"line":73,"column":11}},"32":{"start":{"line":61,"column":10},"end":{"line":72,"column":13}},"33":{"start":{"line":69,"column":12},"end":{"line":69,"column":46}},"34":{"start":{"line":70,"column":12},"end":{"line":70,"column":38}},"35":{"start":{"line":71,"column":12},"end":{"line":71,"column":19}},"36":{"start":{"line":74,"column":8},"end":{"line":76,"column":11}},"37":{"start":{"line":75,"column":10},"end":{"line":75,"column":44}},"38":{"start":{"line":77,"column":8},"end":{"line":79,"column":11}},"39":{"start":{"line":78,"column":10},"end":{"line":78,"column":75}},"40":{"start":{"line":82,"column":4},"end":{"line":109,"column":7}},"41":{"start":{"line":83,"column":28},"end":{"line":87,"column":7}},"42":{"start":{"line":88,"column":17},"end":{"line":88,"column":19}},"43":{"start":{"line":89,"column":6},"end":{"line":102,"column":9}},"44":{"start":{"line":90,"column":8},"end":{"line":101,"column":11}},"45":{"start":{"line":98,"column":10},"end":{"line":98,"column":44}},"46":{"start":{"line":99,"column":10},"end":{"line":99,"column":36}},"47":{"start":{"line":100,"column":10},"end":{"line":100,"column":17}},"48":{"start":{"line":103,"column":6},"end":{"line":105,"column":9}},"49":{"start":{"line":104,"column":8},"end":{"line":104,"column":42}},"50":{"start":{"line":106,"column":6},"end":{"line":108,"column":9}},"51":{"start":{"line":107,"column":8},"end":{"line":107,"column":60}},"52":{"start":{"line":112,"column":2},"end":{"line":112,"column":99}},"53":{"start":{"line":113,"column":2},"end":{"line":113,"column":17}},"54":{"start":{"line":114,"column":2},"end":{"line":114,"column":101}}},"fnMap":{"0":{"name":"(anonymous_0)","decl":{"start":{"line":19,"column":50},"end":{"line":19,"column":51}},"loc":{"start":{"line":19,"column":70},"end":{"line":111,"column":1}},"line":19},"1":{"name":"(anonymous_1)","decl":{"start":{"line":22,"column":33},"end":{"line":22,"column":34}},"loc":{"start":{"line":22,"column":45},"end":{"line":110,"column":3}},"line":22},"2":{"name":"(anonymous_2)","decl":{"start":{"line":23,"column":35},"end":{"line":23,"column":36}},"loc":{"start":{"line":23,"column":47},"end":{"line":81,"column":5}},"line":23},"3":{"name":"(anonymous_3)","decl":{"start":{"line":27,"column":13},"end":{"line":27,"column":14}},"loc":{"start":{"line":27,"column":29},"end":{"line":36,"column":7}},"line":27},"4":{"name":"(anonymous_4)","decl":{"start":{"line":32,"column":15},"end":{"line":32,"column":16}},"loc":{"start":{"line":32,"column":42},"end":{"line":35,"column":9}},"line":32},"5":{"name":"(anonymous_5)","decl":{"start":{"line":37,"column":51},"end":{"line":37,"column":52}},"loc":{"start":{"line":37,"column":63},"end":{"line":58,"column":7}},"line":37},"6":{"name":"(anonymous_6)","decl":{"start":{"line":38,"column":15},"end":{"line":38,"column":16}},"loc":{"start":{"line":38,"column":31},"end":{"line":51,"column":9}},"line":38},"7":{"name":"(anonymous_7)","decl":{"start":{"line":46,"column":17},"end":{"line":46,"column":18}},"loc":{"start":{"line":46,"column":44},"end":{"line":50,"column":11}},"line":46},"8":{"name":"(anonymous_8)","decl":{"start":{"line":52,"column":44},"end":{"line":52,"column":45}},"loc":{"start":{"line":52,"column":56},"end":{"line":54,"column":9}},"line":52},"9":{"name":"(anonymous_9)","decl":{"start":{"line":55,"column":51},"end":{"line":55,"column":52}},"loc":{"start":{"line":55,"column":63},"end":{"line":57,"column":9}},"line":55},"10":{"name":"(anonymous_10)","decl":{"start":{"line":59,"column":46},"end":{"line":59,"column":47}},"loc":{"start":{"line":59,"column":58},"end":{"line":80,"column":7}},"line":59},"11":{"name":"(anonymous_11)","decl":{"start":{"line":60,"column":15},"end":{"line":60,"column":16}},"loc":{"start":{"line":60,"column":31},"end":{"line":73,"column":9}},"line":60},"12":{"name":"(anonymous_12)","decl":{"start":{"line":68,"column":17},"end":{"line":68,"column":18}},"loc":{"start":{"line":68,"column":44},"end":{"line":72,"column":11}},"line":68},"13":{"name":"(anonymous_13)","decl":{"start":{"line":74,"column":44},"end":{"line":74,"column":45}},"loc":{"start":{"line":74,"column":56},"end":{"line":76,"column":9}},"line":74},"14":{"name":"(anonymous_14)","decl":{"start":{"line":77,"column":51},"end":{"line":77,"column":52}},"loc":{"start":{"line":77,"column":63},"end":{"line":79,"column":9}},"line":77},"15":{"name":"(anonymous_15)","decl":{"start":{"line":82,"column":37},"end":{"line":82,"column":38}},"loc":{"start":{"line":82,"column":49},"end":{"line":109,"column":5}},"line":82},"16":{"name":"(anonymous_16)","decl":{"start":{"line":89,"column":13},"end":{"line":89,"column":14}},"loc":{"start":{"line":89,"column":29},"end":{"line":102,"column":7}},"line":89},"17":{"name":"(anonymous_17)","decl":{"start":{"line":97,"column":15},"end":{"line":97,"column":16}},"loc":{"start":{"line":97,"column":42},"end":{"line":101,"column":9}},"line":97},"18":{"name":"(anonymous_18)","decl":{"start":{"line":103,"column":42},"end":{"line":103,"column":43}},"loc":{"start":{"line":103,"column":54},"end":{"line":105,"column":7}},"line":103},"19":{"name":"(anonymous_19)","decl":{"start":{"line":106,"column":49},"end":{"line":106,"column":50}},"loc":{"start":{"line":106,"column":61},"end":{"line":108,"column":7}},"line":106},"20":{"name":"(anonymous_20)","decl":{"start":{"line":111,"column":12},"end":{"line":111,"column":13}},"loc":{"start":{"line":111,"column":25},"end":{"line":115,"column":1}},"line":111}},"branchMap":{},"s":{"0":1,"1":1,"2":1,"3":1,"4":1,"5":1,"6":1,"7":1,"8":1,"9":1,"10":1,"11":1,"12":1,"13":1,"14":1,"15":1,"16":1,"17":1,"18":1,"19":1,"20":1,"21":1,"22":1,"23":1,"24":1,"25":1,"26":1,"27":1,"28":1,"29":1,"30":1,"31":1,"32":1,"33":1,"34":1,"35":1,"36":1,"37":1,"38":1,"39":1,"40":1,"41":1,"42":1,"43":1,"44":1,"45":1,"46":1,"47":1,"48":1,"49":1,"50":1,"51":1,"52":0,"53":0,"54":0},"f":{"0":1,"1":1,"2":1,"3":1,"4":1,"5":1,"6":1,"7":1,"8":1,"9":1,"10":1,"11":1,"12":1,"13":1,"14":1,"15":1,"16":1,"17":1,"18":1,"19":1,"20":0},"b":{},"_coverageSchema":"43e27e138ebf9cfc5966b082cf9a028302ed4184","hash":"3967913cfdace3cccd6d54609400f9568d41c72b","contentHash":"9dfa30ef76d99812bb0ca4610d7dd3768f62d9577223a729b44742d1a3e3a8d1"},"E:\\de\\teamwork-fullstack-app\\teamwork-backend\\src\\test\\test-i--flag-comment.js":{"path":"E:\\de\\teamwork-fullstack-app\\teamwork-backend\\src\\test\\test-i--flag-comment.js","statementMap":{"0":{"start":{"line":3,"column":29},"end":{"line":3,"column":84}},"1":{"start":{"line":5,"column":12},"end":{"line":5,"column":51}},"2":{"start":{"line":7,"column":16},"end":{"line":7,"column":60}},"3":{"start":{"line":9,"column":0},"end":{"line":9,"column":32}},"4":{"start":{"line":11,"column":11},"end":{"line":11,"column":52}},"5":{"start":{"line":13,"column":24},"end":{"line":13,"column":88}},"6":{"start":{"line":15,"column":0},"end":{"line":15,"column":43}},"7":{"start":{"line":17,"column":13},"end":{"line":17,"column":36}},"8":{"start":{"line":19,"column":0},"end":{"line":129,"column":3}},"9":{"start":{"line":20,"column":2},"end":{"line":124,"column":5}},"10":{"start":{"line":21,"column":4},"end":{"line":97,"column":7}},"11":{"start":{"line":22,"column":34},"end":{"line":22,"column":36}},"12":{"start":{"line":23,"column":6},"end":{"line":32,"column":9}},"13":{"start":{"line":25,"column":8},"end":{"line":31,"column":11}},"14":{"start":{"line":29,"column":10},"end":{"line":29,"column":58}},"15":{"start":{"line":30,"column":10},"end":{"line":30,"column":17}},"16":{"start":{"line":33,"column":6},"end":{"line":53,"column":9}},"17":{"start":{"line":34,"column":19},"end":{"line":34,"column":21}},"18":{"start":{"line":35,"column":8},"end":{"line":46,"column":11}},"19":{"start":{"line":36,"column":10},"end":{"line":45,"column":13}},"20":{"start":{"line":42,"column":12},"end":{"line":42,"column":46}},"21":{"start":{"line":43,"column":12},"end":{"line":43,"column":38}},"22":{"start":{"line":44,"column":12},"end":{"line":44,"column":19}},"23":{"start":{"line":47,"column":8},"end":{"line":49,"column":11}},"24":{"start":{"line":48,"column":10},"end":{"line":48,"column":44}},"25":{"start":{"line":50,"column":8},"end":{"line":52,"column":11}},"26":{"start":{"line":51,"column":10},"end":{"line":51,"column":75}},"27":{"start":{"line":54,"column":6},"end":{"line":74,"column":9}},"28":{"start":{"line":55,"column":19},"end":{"line":55,"column":21}},"29":{"start":{"line":56,"column":8},"end":{"line":67,"column":11}},"30":{"start":{"line":57,"column":10},"end":{"line":66,"column":13}},"31":{"start":{"line":63,"column":12},"end":{"line":63,"column":46}},"32":{"start":{"line":64,"column":12},"end":{"line":64,"column":38}},"33":{"start":{"line":65,"column":12},"end":{"line":65,"column":19}},"34":{"start":{"line":68,"column":8},"end":{"line":70,"column":11}},"35":{"start":{"line":69,"column":10},"end":{"line":69,"column":44}},"36":{"start":{"line":71,"column":8},"end":{"line":73,"column":11}},"37":{"start":{"line":72,"column":10},"end":{"line":72,"column":52}},"38":{"start":{"line":75,"column":6},"end":{"line":96,"column":9}},"39":{"start":{"line":76,"column":19},"end":{"line":76,"column":21}},"40":{"start":{"line":77,"column":8},"end":{"line":89,"column":11}},"41":{"start":{"line":78,"column":10},"end":{"line":88,"column":13}},"42":{"start":{"line":84,"column":12},"end":{"line":84,"column":39}},"43":{"start":{"line":85,"column":12},"end":{"line":85,"column":46}},"44":{"start":{"line":86,"column":12},"end":{"line":86,"column":38}},"45":{"start":{"line":87,"column":12},"end":{"line":87,"column":19}},"46":{"start":{"line":90,"column":8},"end":{"line":92,"column":11}},"47":{"start":{"line":91,"column":10},"end":{"line":91,"column":44}},"48":{"start":{"line":93,"column":8},"end":{"line":95,"column":11}},"49":{"start":{"line":94,"column":10},"end":{"line":94,"column":97}},"50":{"start":{"line":98,"column":4},"end":{"line":123,"column":7}},"51":{"start":{"line":99,"column":28},"end":{"line":103,"column":7}},"52":{"start":{"line":104,"column":17},"end":{"line":104,"column":19}},"53":{"start":{"line":105,"column":6},"end":{"line":116,"column":9}},"54":{"start":{"line":106,"column":8},"end":{"line":115,"column":11}},"55":{"start":{"line":112,"column":10},"end":{"line":112,"column":44}},"56":{"start":{"line":113,"column":10},"end":{"line":113,"column":36}},"57":{"start":{"line":114,"column":10},"end":{"line":114,"column":17}},"58":{"start":{"line":117,"column":6},"end":{"line":119,"column":9}},"59":{"start":{"line":118,"column":8},"end":{"line":118,"column":42}},"60":{"start":{"line":120,"column":6},"end":{"line":122,"column":9}},"61":{"start":{"line":121,"column":8},"end":{"line":121,"column":60}},"62":{"start":{"line":126,"column":2},"end":{"line":126,"column":106}},"63":{"start":{"line":127,"column":2},"end":{"line":127,"column":17}},"64":{"start":{"line":128,"column":2},"end":{"line":128,"column":108}}},"fnMap":{"0":{"name":"(anonymous_0)","decl":{"start":{"line":19,"column":53},"end":{"line":19,"column":54}},"loc":{"start":{"line":19,"column":74},"end":{"line":125,"column":1}},"line":19},"1":{"name":"(anonymous_1)","decl":{"start":{"line":20,"column":35},"end":{"line":20,"column":36}},"loc":{"start":{"line":20,"column":47},"end":{"line":124,"column":3}},"line":20},"2":{"name":"(anonymous_2)","decl":{"start":{"line":21,"column":35},"end":{"line":21,"column":36}},"loc":{"start":{"line":21,"column":47},"end":{"line":97,"column":5}},"line":21},"3":{"name":"(anonymous_3)","decl":{"start":{"line":23,"column":13},"end":{"line":23,"column":14}},"loc":{"start":{"line":23,"column":29},"end":{"line":32,"column":7}},"line":23},"4":{"name":"(anonymous_4)","decl":{"start":{"line":28,"column":15},"end":{"line":28,"column":16}},"loc":{"start":{"line":28,"column":42},"end":{"line":31,"column":9}},"line":28},"5":{"name":"(anonymous_5)","decl":{"start":{"line":33,"column":41},"end":{"line":33,"column":42}},"loc":{"start":{"line":33,"column":53},"end":{"line":53,"column":7}},"line":33},"6":{"name":"(anonymous_6)","decl":{"start":{"line":35,"column":15},"end":{"line":35,"column":16}},"loc":{"start":{"line":35,"column":31},"end":{"line":46,"column":9}},"line":35},"7":{"name":"(anonymous_7)","decl":{"start":{"line":41,"column":17},"end":{"line":41,"column":18}},"loc":{"start":{"line":41,"column":44},"end":{"line":45,"column":11}},"line":41},"8":{"name":"(anonymous_8)","decl":{"start":{"line":47,"column":44},"end":{"line":47,"column":45}},"loc":{"start":{"line":47,"column":56},"end":{"line":49,"column":9}},"line":47},"9":{"name":"(anonymous_9)","decl":{"start":{"line":50,"column":51},"end":{"line":50,"column":52}},"loc":{"start":{"line":50,"column":63},"end":{"line":52,"column":9}},"line":50},"10":{"name":"(anonymous_10)","decl":{"start":{"line":54,"column":50},"end":{"line":54,"column":51}},"loc":{"start":{"line":54,"column":62},"end":{"line":74,"column":7}},"line":54},"11":{"name":"(anonymous_11)","decl":{"start":{"line":56,"column":15},"end":{"line":56,"column":16}},"loc":{"start":{"line":56,"column":31},"end":{"line":67,"column":9}},"line":56},"12":{"name":"(anonymous_12)","decl":{"start":{"line":62,"column":17},"end":{"line":62,"column":18}},"loc":{"start":{"line":62,"column":44},"end":{"line":66,"column":11}},"line":62},"13":{"name":"(anonymous_13)","decl":{"start":{"line":68,"column":44},"end":{"line":68,"column":45}},"loc":{"start":{"line":68,"column":56},"end":{"line":70,"column":9}},"line":68},"14":{"name":"(anonymous_14)","decl":{"start":{"line":71,"column":51},"end":{"line":71,"column":52}},"loc":{"start":{"line":71,"column":63},"end":{"line":73,"column":9}},"line":71},"15":{"name":"(anonymous_15)","decl":{"start":{"line":75,"column":33},"end":{"line":75,"column":34}},"loc":{"start":{"line":75,"column":45},"end":{"line":96,"column":7}},"line":75},"16":{"name":"(anonymous_16)","decl":{"start":{"line":77,"column":15},"end":{"line":77,"column":16}},"loc":{"start":{"line":77,"column":31},"end":{"line":89,"column":9}},"line":77},"17":{"name":"(anonymous_17)","decl":{"start":{"line":83,"column":17},"end":{"line":83,"column":18}},"loc":{"start":{"line":83,"column":44},"end":{"line":88,"column":11}},"line":83},"18":{"name":"(anonymous_18)","decl":{"start":{"line":90,"column":44},"end":{"line":90,"column":45}},"loc":{"start":{"line":90,"column":56},"end":{"line":92,"column":9}},"line":90},"19":{"name":"(anonymous_19)","decl":{"start":{"line":93,"column":53},"end":{"line":93,"column":54}},"loc":{"start":{"line":93,"column":65},"end":{"line":95,"column":9}},"line":93},"20":{"name":"(anonymous_20)","decl":{"start":{"line":98,"column":37},"end":{"line":98,"column":38}},"loc":{"start":{"line":98,"column":49},"end":{"line":123,"column":5}},"line":98},"21":{"name":"(anonymous_21)","decl":{"start":{"line":105,"column":13},"end":{"line":105,"column":14}},"loc":{"start":{"line":105,"column":29},"end":{"line":116,"column":7}},"line":105},"22":{"name":"(anonymous_22)","decl":{"start":{"line":111,"column":15},"end":{"line":111,"column":16}},"loc":{"start":{"line":111,"column":42},"end":{"line":115,"column":9}},"line":111},"23":{"name":"(anonymous_23)","decl":{"start":{"line":117,"column":42},"end":{"line":117,"column":43}},"loc":{"start":{"line":117,"column":54},"end":{"line":119,"column":7}},"line":117},"24":{"name":"(anonymous_24)","decl":{"start":{"line":120,"column":49},"end":{"line":120,"column":50}},"loc":{"start":{"line":120,"column":61},"end":{"line":122,"column":7}},"line":120},"25":{"name":"(anonymous_25)","decl":{"start":{"line":125,"column":12},"end":{"line":125,"column":13}},"loc":{"start":{"line":125,"column":25},"end":{"line":129,"column":1}},"line":125}},"branchMap":{},"s":{"0":1,"1":1,"2":1,"3":1,"4":1,"5":1,"6":1,"7":1,"8":1,"9":1,"10":1,"11":1,"12":1,"13":1,"14":1,"15":1,"16":1,"17":1,"18":1,"19":1,"20":1,"21":1,"22":1,"23":1,"24":1,"25":1,"26":1,"27":1,"28":1,"29":1,"30":1,"31":1,"32":1,"33":1,"34":1,"35":1,"36":1,"37":1,"38":1,"39":1,"40":1,"41":1,"42":1,"43":1,"44":1,"45":1,"46":1,"47":1,"48":1,"49":1,"50":1,"51":1,"52":1,"53":1,"54":1,"55":1,"56":1,"57":1,"58":1,"59":1,"60":1,"61":1,"62":0,"63":0,"64":0},"f":{"0":1,"1":1,"2":1,"3":1,"4":1,"5":1,"6":1,"7":1,"8":1,"9":1,"10":1,"11":1,"12":1,"13":1,"14":1,"15":1,"16":1,"17":1,"18":1,"19":1,"20":1,"21":1,"22":1,"23":1,"24":1,"25":0},"b":{},"_coverageSchema":"43e27e138ebf9cfc5966b082cf9a028302ed4184","hash":"072183250c3c2bbe70861f3db05594bc876ef28a","contentHash":"ad4e97092980a88b1083da1ecd0e3928d9e6c8867055e912c0fc17c767386898"}}